<?xml version="1.0" encoding="UTF-8"?>
<testsuite xmlns:xsi="http://www.w3.org/2001/XMLSchema-instance" xsi:noNamespaceSchemaLocation="https://maven.apache.org/surefire/maven-surefire-plugin/xsd/surefire-test-report.xsd" version="3.0.2" name="com.jvidia.reactcloan.JvidiaReactCarloanTests" time="10.986" tests="1" errors="0" skipped="0" failures="0">
  <properties>
[...]
</properties>
  <testcase name="contextLoads" classname="com.jvidia.reactcloan.JvidiaReactCarloanTests" time="0.533">
    <system-out><![CDATA[13:03:51.246 [main] INFO org.springframework.test.context.support.AnnotationConfigContextLoaderUtils -- Could not detect default configuration classes for test class [com.jvidia.reactcloan.JvidiaReactCarloanTests]: JvidiaReactCarloanTests does not declare any static, non-private, non-final, nested classes annotated with @Configuration.
13:03:51.483 [main] INFO org.springframework.boot.test.context.SpringBootTestContextBootstrapper -- Found @SpringBootConfiguration com.jvidia.reactcloan.JvidiaReactCarloanApplication for test class com.jvidia.reactcloan.JvidiaReactCarloanTests
13:03:51.699 [main] INFO org.springframework.boot.devtools.restart.RestartApplicationListener -- Restart disabled due to context in which it is running

  .   ____          _            __ _ _
 /\\ / ___'_ __ _ _(_)_ __  __ _ \ \ \ \
( ( )\___ | '_ | '_| | '_ \/ _` | \ \ \ \
 \\/  ___)| |_)| | | | | || (_| |  ) ) ) )
  '  |____| .__|_| |_|_| |_\__, | / / / /
 =========|_|==============|___/=/_/_/_/

 :: Spring Boot ::                (v3.4.5)

2025-05-15T13:03:52.046-04:00 DEBUG 26196 --- [spring-openai] [kground-preinit] o.h.v.i.xml.config.ValidationXmlParser   : Trying to load META-INF/validation.xml for XML based Validator configuration.
2025-05-15T13:03:52.049-04:00 DEBUG 26196 --- [spring-openai] [kground-preinit] o.h.v.i.xml.config.ResourceLoaderHelper  : Trying to load META-INF/validation.xml via TCCL
2025-05-15T13:03:52.049-04:00 DEBUG 26196 --- [spring-openai] [kground-preinit] o.h.v.i.xml.config.ResourceLoaderHelper  : Trying to load META-INF/validation.xml via Hibernate Validator's class loader
2025-05-15T13:03:52.050-04:00 DEBUG 26196 --- [spring-openai] [kground-preinit] o.h.v.i.xml.config.ValidationXmlParser   : No META-INF/validation.xml found. Using annotation based configuration only.
2025-05-15T13:03:52.057-04:00 DEBUG 26196 --- [spring-openai] [kground-preinit] o.h.v.i.e.resolver.TraversableResolvers  : Found jakarta.persistence.Persistence on classpath containing 'getPersistenceUtil'. Assuming JPA 2 environment. Trying to instantiate JPA aware TraversableResolver
2025-05-15T13:03:52.058-04:00 DEBUG 26196 --- [spring-openai] [kground-preinit] o.h.v.i.e.resolver.TraversableResolvers  : Instantiated JPA aware TraversableResolver of type org.hibernate.validator.internal.engine.resolver.JPATraversableResolver.
2025-05-15T13:03:52.097-04:00 DEBUG 26196 --- [spring-openai] [kground-preinit] .h.v.m.ResourceBundleMessageInterpolator : Loaded expression factory via original TCCL
2025-05-15T13:03:52.099-04:00  INFO 26196 --- [spring-openai] [           main] c.j.reactcloan.JvidiaReactCarloanTests   : Starting JvidiaReactCarloanTests using Java 21.0.5 with PID 26196 (started by javaugi in E:\sisllccarlo\jinvidia-saas-reactcarlo)
2025-05-15T13:03:52.100-04:00  INFO 26196 --- [spring-openai] [           main] c.j.reactcloan.JvidiaReactCarloanTests   : No active profile set, falling back to 1 default profile: "default"
2025-05-15T13:03:52.259-04:00 DEBUG 26196 --- [spring-openai] [kground-preinit] .i.e.ValidatorFactoryConfigurationHelper : HV000252: Using org.hibernate.validator.internal.engine.DefaultPropertyNodeNameProvider as property node name provider.
2025-05-15T13:03:52.268-04:00 DEBUG 26196 --- [spring-openai] [kground-preinit] .i.e.ValidatorFactoryConfigurationHelper : HV000234: Using org.hibernate.validator.messageinterpolation.ResourceBundleMessageInterpolator as ValidatorFactory-scoped message interpolator.
2025-05-15T13:03:52.268-04:00 DEBUG 26196 --- [spring-openai] [kground-preinit] .i.e.ValidatorFactoryConfigurationHelper : HV000234: Using org.hibernate.validator.internal.engine.resolver.JPATraversableResolver as ValidatorFactory-scoped traversable resolver.
2025-05-15T13:03:52.269-04:00 DEBUG 26196 --- [spring-openai] [kground-preinit] .i.e.ValidatorFactoryConfigurationHelper : HV000234: Using org.hibernate.validator.internal.util.ExecutableParameterNameProvider as ValidatorFactory-scoped parameter name provider.
2025-05-15T13:03:52.269-04:00 DEBUG 26196 --- [spring-openai] [kground-preinit] .i.e.ValidatorFactoryConfigurationHelper : HV000234: Using org.hibernate.validator.internal.engine.DefaultClockProvider as ValidatorFactory-scoped clock provider.
2025-05-15T13:03:52.269-04:00 DEBUG 26196 --- [spring-openai] [kground-preinit] .i.e.ValidatorFactoryConfigurationHelper : HV000234: Using org.hibernate.validator.internal.engine.scripting.DefaultScriptEvaluatorFactory as ValidatorFactory-scoped script evaluator factory.
2025-05-15T13:03:53.243-04:00  INFO 26196 --- [spring-openai] [           main] .s.d.r.c.RepositoryConfigurationDelegate : Multiple Spring Data modules found, entering strict repository configuration mode
2025-05-15T13:03:53.243-04:00  INFO 26196 --- [spring-openai] [           main] .s.d.r.c.RepositoryConfigurationDelegate : Bootstrapping Spring Data JPA repositories in DEFAULT mode.
2025-05-15T13:03:53.372-04:00  INFO 26196 --- [spring-openai] [           main] .RepositoryConfigurationExtensionSupport : Spring Data JPA - Could not safely identify store assignment for repository candidate interface com.jvidia.reactcloan.repo.ProductWebFluxRepository; If you want this repository to be a JPA repository, consider annotating your entities with one of these annotations: jakarta.persistence.Entity, jakarta.persistence.MappedSuperclass (preferred), or consider extending one of the following types with your repository: org.springframework.data.jpa.repository.JpaRepository
2025-05-15T13:03:53.374-04:00  INFO 26196 --- [spring-openai] [           main] .RepositoryConfigurationExtensionSupport : Spring Data JPA - Could not safely identify store assignment for repository candidate interface com.jvidia.reactcloan.repo.UserReactiveRepository; If you want this repository to be a JPA repository, consider annotating your entities with one of these annotations: jakarta.persistence.Entity, jakarta.persistence.MappedSuperclass (preferred), or consider extending one of the following types with your repository: org.springframework.data.jpa.repository.JpaRepository
2025-05-15T13:03:53.406-04:00  INFO 26196 --- [spring-openai] [           main] .s.d.r.c.RepositoryConfigurationDelegate : Finished Spring Data repository scanning in 149 ms. Found 3 JPA repository interfaces.
2025-05-15T13:03:54.259-04:00  INFO 26196 --- [spring-openai] [           main] .s.d.r.c.RepositoryConfigurationDelegate : Multiple Spring Data modules found, entering strict repository configuration mode
2025-05-15T13:03:54.260-04:00  INFO 26196 --- [spring-openai] [           main] .s.d.r.c.RepositoryConfigurationDelegate : Bootstrapping Spring Data JDBC repositories in DEFAULT mode.
2025-05-15T13:03:54.271-04:00  INFO 26196 --- [spring-openai] [           main] .RepositoryConfigurationExtensionSupport : Spring Data JDBC - Could not safely identify store assignment for repository candidate interface com.jvidia.reactcloan.repo.ClientRepository; If you want this repository to be a JDBC repository, consider annotating your entities with one of these annotations: org.springframework.data.relational.core.mapping.Table.
2025-05-15T13:03:54.272-04:00  INFO 26196 --- [spring-openai] [           main] .RepositoryConfigurationExtensionSupport : Spring Data JDBC - Could not safely identify store assignment for repository candidate interface com.jvidia.reactcloan.repo.ProductRepository; If you want this repository to be a JDBC repository, consider annotating your entities with one of these annotations: org.springframework.data.relational.core.mapping.Table.
2025-05-15T13:03:54.272-04:00  INFO 26196 --- [spring-openai] [           main] .RepositoryConfigurationExtensionSupport : Spring Data JDBC - Could not safely identify store assignment for repository candidate interface com.jvidia.reactcloan.repo.ProductWebFluxRepository; If you want this repository to be a JDBC repository, consider annotating your entities with one of these annotations: org.springframework.data.relational.core.mapping.Table.
2025-05-15T13:03:54.273-04:00  INFO 26196 --- [spring-openai] [           main] .RepositoryConfigurationExtensionSupport : Spring Data JDBC - Could not safely identify store assignment for repository candidate interface com.jvidia.reactcloan.repo.UserReactiveRepository; If you want this repository to be a JDBC repository, consider annotating your entities with one of these annotations: org.springframework.data.relational.core.mapping.Table.
2025-05-15T13:03:54.273-04:00  INFO 26196 --- [spring-openai] [           main] .RepositoryConfigurationExtensionSupport : Spring Data JDBC - Could not safely identify store assignment for repository candidate interface com.jvidia.reactcloan.repo.UserRepository; If you want this repository to be a JDBC repository, consider annotating your entities with one of these annotations: org.springframework.data.relational.core.mapping.Table.
2025-05-15T13:03:54.273-04:00  INFO 26196 --- [spring-openai] [           main] .s.d.r.c.RepositoryConfigurationDelegate : Finished Spring Data repository scanning in 9 ms. Found 0 JDBC repository interfaces.
2025-05-15T13:03:54.283-04:00  INFO 26196 --- [spring-openai] [           main] .s.d.r.c.RepositoryConfigurationDelegate : Multiple Spring Data modules found, entering strict repository configuration mode
2025-05-15T13:03:54.284-04:00  INFO 26196 --- [spring-openai] [           main] .s.d.r.c.RepositoryConfigurationDelegate : Bootstrapping Spring Data Reactive MongoDB repositories in DEFAULT mode.
2025-05-15T13:03:54.295-04:00  INFO 26196 --- [spring-openai] [           main] .RepositoryConfigurationExtensionSupport : Spring Data Reactive MongoDB - Could not safely identify store assignment for repository candidate interface com.jvidia.reactcloan.repo.ClientRepository; If you want this repository to be a Reactive MongoDB repository, consider annotating your entities with one of these annotations: org.springframework.data.mongodb.core.mapping.Document (preferred), or consider extending one of the following types with your repository: org.springframework.data.mongodb.repository.ReactiveMongoRepository
2025-05-15T13:03:54.296-04:00  INFO 26196 --- [spring-openai] [           main] .RepositoryConfigurationExtensionSupport : Spring Data Reactive MongoDB - Could not safely identify store assignment for repository candidate interface com.jvidia.reactcloan.repo.ProductRepository; If you want this repository to be a Reactive MongoDB repository, consider annotating your entities with one of these annotations: org.springframework.data.mongodb.core.mapping.Document (preferred), or consider extending one of the following types with your repository: org.springframework.data.mongodb.repository.ReactiveMongoRepository
2025-05-15T13:03:54.296-04:00  INFO 26196 --- [spring-openai] [           main] .RepositoryConfigurationExtensionSupport : Spring Data Reactive MongoDB - Could not safely identify store assignment for repository candidate interface com.jvidia.reactcloan.repo.ProductWebFluxRepository; If you want this repository to be a Reactive MongoDB repository, consider annotating your entities with one of these annotations: org.springframework.data.mongodb.core.mapping.Document (preferred), or consider extending one of the following types with your repository: org.springframework.data.mongodb.repository.ReactiveMongoRepository
2025-05-15T13:03:54.297-04:00  INFO 26196 --- [spring-openai] [           main] .RepositoryConfigurationExtensionSupport : Spring Data Reactive MongoDB - Could not safely identify store assignment for repository candidate interface com.jvidia.reactcloan.repo.UserReactiveRepository; If you want this repository to be a Reactive MongoDB repository, consider annotating your entities with one of these annotations: org.springframework.data.mongodb.core.mapping.Document (preferred), or consider extending one of the following types with your repository: org.springframework.data.mongodb.repository.ReactiveMongoRepository
2025-05-15T13:03:54.297-04:00  INFO 26196 --- [spring-openai] [           main] .RepositoryConfigurationExtensionSupport : Spring Data Reactive MongoDB - Could not safely identify store assignment for repository candidate interface com.jvidia.reactcloan.repo.UserRepository; If you want this repository to be a Reactive MongoDB repository, consider annotating your entities with one of these annotations: org.springframework.data.mongodb.core.mapping.Document (preferred), or consider extending one of the following types with your repository: org.springframework.data.mongodb.repository.ReactiveMongoRepository
2025-05-15T13:03:54.298-04:00  INFO 26196 --- [spring-openai] [           main] .s.d.r.c.RepositoryConfigurationDelegate : Finished Spring Data repository scanning in 10 ms. Found 0 Reactive MongoDB repository interfaces.
2025-05-15T13:03:54.316-04:00  INFO 26196 --- [spring-openai] [           main] .s.d.r.c.RepositoryConfigurationDelegate : Multiple Spring Data modules found, entering strict repository configuration mode
2025-05-15T13:03:54.317-04:00  INFO 26196 --- [spring-openai] [           main] .s.d.r.c.RepositoryConfigurationDelegate : Bootstrapping Spring Data R2DBC repositories in DEFAULT mode.
2025-05-15T13:03:54.325-04:00  INFO 26196 --- [spring-openai] [           main] .RepositoryConfigurationExtensionSupport : Spring Data R2DBC - Could not safely identify store assignment for repository candidate interface com.jvidia.reactcloan.repo.ClientRepository; If you want this repository to be a R2DBC repository, consider annotating your entities with one of these annotations: org.springframework.data.relational.core.mapping.Table (preferred), or consider extending one of the following types with your repository: org.springframework.data.r2dbc.repository.R2dbcRepository
2025-05-15T13:03:54.326-04:00  INFO 26196 --- [spring-openai] [           main] .RepositoryConfigurationExtensionSupport : Spring Data R2DBC - Could not safely identify store assignment for repository candidate interface com.jvidia.reactcloan.repo.ProductRepository; If you want this repository to be a R2DBC repository, consider annotating your entities with one of these annotations: org.springframework.data.relational.core.mapping.Table (preferred), or consider extending one of the following types with your repository: org.springframework.data.r2dbc.repository.R2dbcRepository
2025-05-15T13:03:54.327-04:00  INFO 26196 --- [spring-openai] [           main] .RepositoryConfigurationExtensionSupport : Spring Data R2DBC - Could not safely identify store assignment for repository candidate interface com.jvidia.reactcloan.repo.ProductWebFluxRepository; If you want this repository to be a R2DBC repository, consider annotating your entities with one of these annotations: org.springframework.data.relational.core.mapping.Table (preferred), or consider extending one of the following types with your repository: org.springframework.data.r2dbc.repository.R2dbcRepository
2025-05-15T13:03:54.327-04:00  INFO 26196 --- [spring-openai] [           main] .RepositoryConfigurationExtensionSupport : Spring Data R2DBC - Could not safely identify store assignment for repository candidate interface com.jvidia.reactcloan.repo.UserReactiveRepository; If you want this repository to be a R2DBC repository, consider annotating your entities with one of these annotations: org.springframework.data.relational.core.mapping.Table (preferred), or consider extending one of the following types with your repository: org.springframework.data.r2dbc.repository.R2dbcRepository
2025-05-15T13:03:54.328-04:00  INFO 26196 --- [spring-openai] [           main] .RepositoryConfigurationExtensionSupport : Spring Data R2DBC - Could not safely identify store assignment for repository candidate interface com.jvidia.reactcloan.repo.UserRepository; If you want this repository to be a R2DBC repository, consider annotating your entities with one of these annotations: org.springframework.data.relational.core.mapping.Table (preferred), or consider extending one of the following types with your repository: org.springframework.data.r2dbc.repository.R2dbcRepository
2025-05-15T13:03:54.328-04:00  INFO 26196 --- [spring-openai] [           main] .s.d.r.c.RepositoryConfigurationDelegate : Finished Spring Data repository scanning in 9 ms. Found 0 R2DBC repository interfaces.
2025-05-15T13:03:55.089-04:00  INFO 26196 --- [spring-openai] [           main] o.s.j.d.e.EmbeddedDatabaseFactory        : Starting embedded database: url='jdbc:h2:mem:testdb;DB_CLOSE_DELAY=-1;DB_CLOSE_ON_EXIT=false', username='sa'
MapToJsonConverter instantiated!
2025-05-15T13:03:55.324-04:00 DEBUG 26196 --- [spring-openai] [           main] j.LocalContainerEntityManagerFactoryBean : Building JPA container EntityManagerFactory for persistence unit 'default'
2025-05-15T13:03:55.363-04:00 DEBUG 26196 --- [spring-openai] [           main] o.hibernate.jpa.internal.util.LogHelper  : PersistenceUnitInfo [
	name: default
	persistence provider classname: null
	classloader: jdk.internal.loader.ClassLoaders$AppClassLoader@70dea4e
	excludeUnlistedClasses: true
	JTA datasource: null
	Non JTA datasource: org.springframework.jdbc.datasource.embedded.EmbeddedDatabaseFactory$EmbeddedDataSourceProxy@492c8137
	Transaction type: RESOURCE_LOCAL
	PU root URL: file:/E:/sisllccarlo/jinvidia-saas-reactcarlo/target/test-classes/
	Shared Cache Mode: UNSPECIFIED
	Validation Mode: AUTO
	Jar files URLs []
	Managed classes names [
		com.jvidia.reactcloan.entity.Account
		com.jvidia.reactcloan.entity.Client
		com.jvidia.reactcloan.entity.Product
		com.jvidia.reactcloan.entity.Role
		com.jvidia.reactcloan.entity.User
		com.jvidia.reactcloan.entity.UserAccount]
	Mapping files names []
	Properties []
2025-05-15T13:03:55.385-04:00 DEBUG 26196 --- [spring-openai] [           main] o.h.i.internal.IntegratorServiceImpl     : Adding Integrator [org.hibernate.cfg.beanvalidation.BeanValidationIntegrator].
2025-05-15T13:03:55.387-04:00 DEBUG 26196 --- [spring-openai] [           main] o.h.i.internal.IntegratorServiceImpl     : Adding Integrator [org.hibernate.secure.spi.JaccIntegrator].
2025-05-15T13:03:55.389-04:00 DEBUG 26196 --- [spring-openai] [           main] o.h.i.internal.IntegratorServiceImpl     : Adding Integrator [org.hibernate.cache.internal.CollectionCacheInvalidator].
2025-05-15T13:03:55.452-04:00  INFO 26196 --- [spring-openai] [           main] org.hibernate.Version                    : HHH000412: Hibernate ORM core version 5.6.15.Final
2025-05-15T13:03:55.454-04:00 DEBUG 26196 --- [spring-openai] [           main] org.hibernate.cfg.Environment            : HHH000206: hibernate.properties not found
2025-05-15T13:03:55.623-04:00 DEBUG 26196 --- [spring-openai] [           main] o.hibernate.service.spi.ServiceBinding   : Overriding existing service binding [org.hibernate.secure.spi.JaccService]
2025-05-15T13:03:55.638-04:00 DEBUG 26196 --- [spring-openai] [           main] o.h.c.internal.RegionFactoryInitiator    : Cannot default RegionFactory based on registered strategies as `[class org.hibernate.cache.ehcache.internal.EhcacheRegionFactory, class org.hibernate.cache.ehcache.internal.SingletonEhcacheRegionFactory]` RegionFactory strategies were registered
2025-05-15T13:03:55.639-04:00 DEBUG 26196 --- [spring-openai] [           main] o.h.c.internal.RegionFactoryInitiator    : Cache region factory : org.hibernate.cache.internal.NoCachingRegionFactory
2025-05-15T13:03:55.652-04:00  INFO 26196 --- [spring-openai] [           main] o.hibernate.annotations.common.Version   : HCANN000001: Hibernate Commons Annotations {5.1.2.Final}
2025-05-15T13:03:55.709-04:00 DEBUG 26196 --- [spring-openai] [           main] org.hibernate.type.BasicTypeRegistry     : Adding type registration boolean -> org.hibernate.type.BooleanType@2ae5580
2025-05-15T13:03:55.709-04:00 DEBUG 26196 --- [spring-openai] [           main] org.hibernate.type.BasicTypeRegistry     : Adding type registration boolean -> org.hibernate.type.BooleanType@2ae5580
2025-05-15T13:03:55.709-04:00 DEBUG 26196 --- [spring-openai] [           main] org.hibernate.type.BasicTypeRegistry     : Adding type registration java.lang.Boolean -> org.hibernate.type.BooleanType@2ae5580
2025-05-15T13:03:55.710-04:00 DEBUG 26196 --- [spring-openai] [           main] org.hibernate.type.BasicTypeRegistry     : Adding type registration numeric_boolean -> org.hibernate.type.NumericBooleanType@5a58db42
2025-05-15T13:03:55.710-04:00 DEBUG 26196 --- [spring-openai] [           main] org.hibernate.type.BasicTypeRegistry     : Adding type registration true_false -> org.hibernate.type.TrueFalseType@ba86c53
2025-05-15T13:03:55.711-04:00 DEBUG 26196 --- [spring-openai] [           main] org.hibernate.type.BasicTypeRegistry     : Adding type registration yes_no -> org.hibernate.type.YesNoType@53ddabc6
2025-05-15T13:03:55.712-04:00 DEBUG 26196 --- [spring-openai] [           main] org.hibernate.type.BasicTypeRegistry     : Adding type registration byte -> org.hibernate.type.ByteType@2a20da9f
2025-05-15T13:03:55.712-04:00 DEBUG 26196 --- [spring-openai] [           main] org.hibernate.type.BasicTypeRegistry     : Adding type registration byte -> org.hibernate.type.ByteType@2a20da9f
2025-05-15T13:03:55.712-04:00 DEBUG 26196 --- [spring-openai] [           main] org.hibernate.type.BasicTypeRegistry     : Adding type registration java.lang.Byte -> org.hibernate.type.ByteType@2a20da9f
2025-05-15T13:03:55.713-04:00 DEBUG 26196 --- [spring-openai] [           main] org.hibernate.type.BasicTypeRegistry     : Adding type registration character -> org.hibernate.type.CharacterType@1f70bce5
2025-05-15T13:03:55.713-04:00 DEBUG 26196 --- [spring-openai] [           main] org.hibernate.type.BasicTypeRegistry     : Adding type registration char -> org.hibernate.type.CharacterType@1f70bce5
2025-05-15T13:03:55.714-04:00 DEBUG 26196 --- [spring-openai] [           main] org.hibernate.type.BasicTypeRegistry     : Adding type registration java.lang.Character -> org.hibernate.type.CharacterType@1f70bce5
2025-05-15T13:03:55.715-04:00 DEBUG 26196 --- [spring-openai] [           main] org.hibernate.type.BasicTypeRegistry     : Adding type registration short -> org.hibernate.type.ShortType@bb21063
2025-05-15T13:03:55.715-04:00 DEBUG 26196 --- [spring-openai] [           main] org.hibernate.type.BasicTypeRegistry     : Adding type registration short -> org.hibernate.type.ShortType@bb21063
2025-05-15T13:03:55.715-04:00 DEBUG 26196 --- [spring-openai] [           main] org.hibernate.type.BasicTypeRegistry     : Adding type registration java.lang.Short -> org.hibernate.type.ShortType@bb21063
2025-05-15T13:03:55.716-04:00 DEBUG 26196 --- [spring-openai] [           main] org.hibernate.type.BasicTypeRegistry     : Adding type registration integer -> org.hibernate.type.IntegerType@fe156f4
2025-05-15T13:03:55.716-04:00 DEBUG 26196 --- [spring-openai] [           main] org.hibernate.type.BasicTypeRegistry     : Adding type registration int -> org.hibernate.type.IntegerType@fe156f4
2025-05-15T13:03:55.716-04:00 DEBUG 26196 --- [spring-openai] [           main] org.hibernate.type.BasicTypeRegistry     : Adding type registration java.lang.Integer -> org.hibernate.type.IntegerType@fe156f4
2025-05-15T13:03:55.717-04:00 DEBUG 26196 --- [spring-openai] [           main] org.hibernate.type.BasicTypeRegistry     : Adding type registration long -> org.hibernate.type.LongType@62c46e53
2025-05-15T13:03:55.717-04:00 DEBUG 26196 --- [spring-openai] [           main] org.hibernate.type.BasicTypeRegistry     : Adding type registration long -> org.hibernate.type.LongType@62c46e53
2025-05-15T13:03:55.717-04:00 DEBUG 26196 --- [spring-openai] [           main] org.hibernate.type.BasicTypeRegistry     : Adding type registration java.lang.Long -> org.hibernate.type.LongType@62c46e53
2025-05-15T13:03:55.718-04:00 DEBUG 26196 --- [spring-openai] [           main] org.hibernate.type.BasicTypeRegistry     : Adding type registration float -> org.hibernate.type.FloatType@104cfb24
2025-05-15T13:03:55.718-04:00 DEBUG 26196 --- [spring-openai] [           main] org.hibernate.type.BasicTypeRegistry     : Adding type registration float -> org.hibernate.type.FloatType@104cfb24
2025-05-15T13:03:55.718-04:00 DEBUG 26196 --- [spring-openai] [           main] org.hibernate.type.BasicTypeRegistry     : Adding type registration java.lang.Float -> org.hibernate.type.FloatType@104cfb24
2025-05-15T13:03:55.718-04:00 DEBUG 26196 --- [spring-openai] [           main] org.hibernate.type.BasicTypeRegistry     : Adding type registration double -> org.hibernate.type.DoubleType@3ac406d4
2025-05-15T13:03:55.719-04:00 DEBUG 26196 --- [spring-openai] [           main] org.hibernate.type.BasicTypeRegistry     : Adding type registration double -> org.hibernate.type.DoubleType@3ac406d4
2025-05-15T13:03:55.719-04:00 DEBUG 26196 --- [spring-openai] [           main] org.hibernate.type.BasicTypeRegistry     : Adding type registration java.lang.Double -> org.hibernate.type.DoubleType@3ac406d4
2025-05-15T13:03:55.719-04:00 DEBUG 26196 --- [spring-openai] [           main] org.hibernate.type.BasicTypeRegistry     : Adding type registration big_decimal -> org.hibernate.type.BigDecimalType@60fbc34d
2025-05-15T13:03:55.719-04:00 DEBUG 26196 --- [spring-openai] [           main] org.hibernate.type.BasicTypeRegistry     : Adding type registration java.math.BigDecimal -> org.hibernate.type.BigDecimalType@60fbc34d
2025-05-15T13:03:55.720-04:00 DEBUG 26196 --- [spring-openai] [           main] org.hibernate.type.BasicTypeRegistry     : Adding type registration big_integer -> org.hibernate.type.BigIntegerType@341964d0
2025-05-15T13:03:55.721-04:00 DEBUG 26196 --- [spring-openai] [           main] org.hibernate.type.BasicTypeRegistry     : Adding type registration java.math.BigInteger -> org.hibernate.type.BigIntegerType@341964d0
2025-05-15T13:03:55.722-04:00 DEBUG 26196 --- [spring-openai] [           main] org.hibernate.type.BasicTypeRegistry     : Adding type registration string -> org.hibernate.type.StringType@35c00c
2025-05-15T13:03:55.723-04:00 DEBUG 26196 --- [spring-openai] [           main] org.hibernate.type.BasicTypeRegistry     : Adding type registration java.lang.String -> org.hibernate.type.StringType@35c00c
2025-05-15T13:03:55.723-04:00 DEBUG 26196 --- [spring-openai] [           main] org.hibernate.type.BasicTypeRegistry     : Adding type registration nstring -> org.hibernate.type.StringNVarcharType@e4ef4c0
2025-05-15T13:03:55.724-04:00 DEBUG 26196 --- [spring-openai] [           main] org.hibernate.type.BasicTypeRegistry     : Adding type registration ncharacter -> org.hibernate.type.CharacterNCharType@9746157
2025-05-15T13:03:55.725-04:00 DEBUG 26196 --- [spring-openai] [           main] org.hibernate.type.BasicTypeRegistry     : Adding type registration url -> org.hibernate.type.UrlType@10e4ee33
2025-05-15T13:03:55.725-04:00 DEBUG 26196 --- [spring-openai] [           main] org.hibernate.type.BasicTypeRegistry     : Adding type registration java.net.URL -> org.hibernate.type.UrlType@10e4ee33
2025-05-15T13:03:55.727-04:00 DEBUG 26196 --- [spring-openai] [           main] org.hibernate.type.BasicTypeRegistry     : Adding type registration Duration -> org.hibernate.type.DurationType@46748b04
2025-05-15T13:03:55.727-04:00 DEBUG 26196 --- [spring-openai] [           main] org.hibernate.type.BasicTypeRegistry     : Adding type registration java.time.Duration -> org.hibernate.type.DurationType@46748b04
2025-05-15T13:03:55.728-04:00 DEBUG 26196 --- [spring-openai] [           main] org.hibernate.type.BasicTypeRegistry     : Adding type registration Instant -> org.hibernate.type.InstantType@2b19b346
2025-05-15T13:03:55.728-04:00 DEBUG 26196 --- [spring-openai] [           main] org.hibernate.type.BasicTypeRegistry     : Adding type registration java.time.Instant -> org.hibernate.type.InstantType@2b19b346
2025-05-15T13:03:55.729-04:00 DEBUG 26196 --- [spring-openai] [           main] org.hibernate.type.BasicTypeRegistry     : Adding type registration LocalDateTime -> org.hibernate.type.LocalDateTimeType@4e45fbd0
2025-05-15T13:03:55.729-04:00 DEBUG 26196 --- [spring-openai] [           main] org.hibernate.type.BasicTypeRegistry     : Adding type registration java.time.LocalDateTime -> org.hibernate.type.LocalDateTimeType@4e45fbd0
2025-05-15T13:03:55.730-04:00 DEBUG 26196 --- [spring-openai] [           main] org.hibernate.type.BasicTypeRegistry     : Adding type registration LocalDate -> org.hibernate.type.LocalDateType@1835b783
2025-05-15T13:03:55.730-04:00 DEBUG 26196 --- [spring-openai] [           main] org.hibernate.type.BasicTypeRegistry     : Adding type registration java.time.LocalDate -> org.hibernate.type.LocalDateType@1835b783
2025-05-15T13:03:55.731-04:00 DEBUG 26196 --- [spring-openai] [           main] org.hibernate.type.BasicTypeRegistry     : Adding type registration LocalTime -> org.hibernate.type.LocalTimeType@1b9c716f
2025-05-15T13:03:55.731-04:00 DEBUG 26196 --- [spring-openai] [           main] org.hibernate.type.BasicTypeRegistry     : Adding type registration java.time.LocalTime -> org.hibernate.type.LocalTimeType@1b9c716f
2025-05-15T13:03:55.732-04:00 DEBUG 26196 --- [spring-openai] [           main] org.hibernate.type.BasicTypeRegistry     : Adding type registration OffsetDateTime -> org.hibernate.type.OffsetDateTimeType@5ddf5118
2025-05-15T13:03:55.732-04:00 DEBUG 26196 --- [spring-openai] [           main] org.hibernate.type.BasicTypeRegistry     : Adding type registration java.time.OffsetDateTime -> org.hibernate.type.OffsetDateTimeType@5ddf5118
2025-05-15T13:03:55.733-04:00 DEBUG 26196 --- [spring-openai] [           main] org.hibernate.type.BasicTypeRegistry     : Adding type registration OffsetTime -> org.hibernate.type.OffsetTimeType@27d6267e
2025-05-15T13:03:55.733-04:00 DEBUG 26196 --- [spring-openai] [           main] org.hibernate.type.BasicTypeRegistry     : Adding type registration java.time.OffsetTime -> org.hibernate.type.OffsetTimeType@27d6267e
2025-05-15T13:03:55.733-04:00 DEBUG 26196 --- [spring-openai] [           main] org.hibernate.type.BasicTypeRegistry     : Adding type registration ZonedDateTime -> org.hibernate.type.ZonedDateTimeType@53fc870f
2025-05-15T13:03:55.734-04:00 DEBUG 26196 --- [spring-openai] [           main] org.hibernate.type.BasicTypeRegistry     : Adding type registration java.time.ZonedDateTime -> org.hibernate.type.ZonedDateTimeType@53fc870f
2025-05-15T13:03:55.735-04:00 DEBUG 26196 --- [spring-openai] [           main] org.hibernate.type.BasicTypeRegistry     : Adding type registration date -> org.hibernate.type.DateType@4fc71437
2025-05-15T13:03:55.735-04:00 DEBUG 26196 --- [spring-openai] [           main] org.hibernate.type.BasicTypeRegistry     : Adding type registration java.sql.Date -> org.hibernate.type.DateType@4fc71437
2025-05-15T13:03:55.736-04:00 DEBUG 26196 --- [spring-openai] [           main] org.hibernate.type.BasicTypeRegistry     : Adding type registration time -> org.hibernate.type.TimeType@323eecf8
2025-05-15T13:03:55.736-04:00 DEBUG 26196 --- [spring-openai] [           main] org.hibernate.type.BasicTypeRegistry     : Adding type registration java.sql.Time -> org.hibernate.type.TimeType@323eecf8
2025-05-15T13:03:55.737-04:00 DEBUG 26196 --- [spring-openai] [           main] org.hibernate.type.BasicTypeRegistry     : Adding type registration timestamp -> org.hibernate.type.TimestampType@7affee54
2025-05-15T13:03:55.738-04:00 DEBUG 26196 --- [spring-openai] [           main] org.hibernate.type.BasicTypeRegistry     : Adding type registration java.sql.Timestamp -> org.hibernate.type.TimestampType@7affee54
2025-05-15T13:03:55.738-04:00 DEBUG 26196 --- [spring-openai] [           main] org.hibernate.type.BasicTypeRegistry     : Adding type registration java.util.Date -> org.hibernate.type.TimestampType@7affee54
2025-05-15T13:03:55.739-04:00 DEBUG 26196 --- [spring-openai] [           main] org.hibernate.type.BasicTypeRegistry     : Adding type registration dbtimestamp -> org.hibernate.type.DbTimestampType@43719e98
2025-05-15T13:03:55.740-04:00 DEBUG 26196 --- [spring-openai] [           main] org.hibernate.type.BasicTypeRegistry     : Adding type registration calendar -> org.hibernate.type.CalendarType@11ee671f
2025-05-15T13:03:55.740-04:00 DEBUG 26196 --- [spring-openai] [           main] org.hibernate.type.BasicTypeRegistry     : Adding type registration java.util.Calendar -> org.hibernate.type.CalendarType@11ee671f
2025-05-15T13:03:55.740-04:00 DEBUG 26196 --- [spring-openai] [           main] org.hibernate.type.BasicTypeRegistry     : Adding type registration java.util.GregorianCalendar -> org.hibernate.type.CalendarType@11ee671f
2025-05-15T13:03:55.741-04:00 DEBUG 26196 --- [spring-openai] [           main] org.hibernate.type.BasicTypeRegistry     : Adding type registration calendar_date -> org.hibernate.type.CalendarDateType@14b9df65
2025-05-15T13:03:55.742-04:00 DEBUG 26196 --- [spring-openai] [           main] org.hibernate.type.BasicTypeRegistry     : Adding type registration calendar_time -> org.hibernate.type.CalendarTimeType@759f45f1
2025-05-15T13:03:55.743-04:00 DEBUG 26196 --- [spring-openai] [           main] org.hibernate.type.BasicTypeRegistry     : Adding type registration locale -> org.hibernate.type.LocaleType@62ee1c89
2025-05-15T13:03:55.743-04:00 DEBUG 26196 --- [spring-openai] [           main] org.hibernate.type.BasicTypeRegistry     : Adding type registration java.util.Locale -> org.hibernate.type.LocaleType@62ee1c89
2025-05-15T13:03:55.743-04:00 DEBUG 26196 --- [spring-openai] [           main] org.hibernate.type.BasicTypeRegistry     : Adding type registration currency -> org.hibernate.type.CurrencyType@72bce309
2025-05-15T13:03:55.744-04:00 DEBUG 26196 --- [spring-openai] [           main] org.hibernate.type.BasicTypeRegistry     : Adding type registration java.util.Currency -> org.hibernate.type.CurrencyType@72bce309
2025-05-15T13:03:55.744-04:00 DEBUG 26196 --- [spring-openai] [           main] org.hibernate.type.BasicTypeRegistry     : Adding type registration timezone -> org.hibernate.type.TimeZoneType@5b2ff4df
2025-05-15T13:03:55.744-04:00 DEBUG 26196 --- [spring-openai] [           main] org.hibernate.type.BasicTypeRegistry     : Adding type registration java.util.TimeZone -> org.hibernate.type.TimeZoneType@5b2ff4df
2025-05-15T13:03:55.745-04:00 DEBUG 26196 --- [spring-openai] [           main] org.hibernate.type.BasicTypeRegistry     : Adding type registration class -> org.hibernate.type.ClassType@5c9e6d95
2025-05-15T13:03:55.745-04:00 DEBUG 26196 --- [spring-openai] [           main] org.hibernate.type.BasicTypeRegistry     : Adding type registration java.lang.Class -> org.hibernate.type.ClassType@5c9e6d95
2025-05-15T13:03:55.746-04:00 DEBUG 26196 --- [spring-openai] [           main] org.hibernate.type.BasicTypeRegistry     : Adding type registration uuid-binary -> org.hibernate.type.UUIDBinaryType@7cd3860
2025-05-15T13:03:55.746-04:00 DEBUG 26196 --- [spring-openai] [           main] org.hibernate.type.BasicTypeRegistry     : Adding type registration java.util.UUID -> org.hibernate.type.UUIDBinaryType@7cd3860
2025-05-15T13:03:55.746-04:00 DEBUG 26196 --- [spring-openai] [           main] org.hibernate.type.BasicTypeRegistry     : Adding type registration uuid-char -> org.hibernate.type.UUIDCharType@2d3eb1ea
2025-05-15T13:03:55.747-04:00 DEBUG 26196 --- [spring-openai] [           main] org.hibernate.type.BasicTypeRegistry     : Adding type registration binary -> org.hibernate.type.BinaryType@75c8d8e7
2025-05-15T13:03:55.747-04:00 DEBUG 26196 --- [spring-openai] [           main] org.hibernate.type.BasicTypeRegistry     : Adding type registration byte[] -> org.hibernate.type.BinaryType@75c8d8e7
2025-05-15T13:03:55.747-04:00 DEBUG 26196 --- [spring-openai] [           main] org.hibernate.type.BasicTypeRegistry     : Adding type registration [B -> org.hibernate.type.BinaryType@75c8d8e7
2025-05-15T13:03:55.748-04:00 DEBUG 26196 --- [spring-openai] [           main] org.hibernate.type.BasicTypeRegistry     : Adding type registration wrapper-binary -> org.hibernate.type.WrapperBinaryType@26feccf7
2025-05-15T13:03:55.748-04:00 DEBUG 26196 --- [spring-openai] [           main] org.hibernate.type.BasicTypeRegistry     : Adding type registration Byte[] -> org.hibernate.type.WrapperBinaryType@26feccf7
2025-05-15T13:03:55.748-04:00 DEBUG 26196 --- [spring-openai] [           main] org.hibernate.type.BasicTypeRegistry     : Adding type registration [Ljava.lang.Byte; -> org.hibernate.type.WrapperBinaryType@26feccf7
2025-05-15T13:03:55.749-04:00 DEBUG 26196 --- [spring-openai] [           main] org.hibernate.type.BasicTypeRegistry     : Adding type registration row_version -> org.hibernate.type.RowVersionType@55e4dd68
2025-05-15T13:03:55.749-04:00 DEBUG 26196 --- [spring-openai] [           main] org.hibernate.type.BasicTypeRegistry     : Adding type registration image -> org.hibernate.type.ImageType@6f36267d
2025-05-15T13:03:55.750-04:00 DEBUG 26196 --- [spring-openai] [           main] org.hibernate.type.BasicTypeRegistry     : Adding type registration characters -> org.hibernate.type.CharArrayType@25435731
2025-05-15T13:03:55.750-04:00 DEBUG 26196 --- [spring-openai] [           main] org.hibernate.type.BasicTypeRegistry     : Adding type registration char[] -> org.hibernate.type.CharArrayType@25435731
2025-05-15T13:03:55.750-04:00 DEBUG 26196 --- [spring-openai] [           main] org.hibernate.type.BasicTypeRegistry     : Adding type registration [C -> org.hibernate.type.CharArrayType@25435731
2025-05-15T13:03:55.751-04:00 DEBUG 26196 --- [spring-openai] [           main] org.hibernate.type.BasicTypeRegistry     : Adding type registration wrapper-characters -> org.hibernate.type.CharacterArrayType@6cc44207
2025-05-15T13:03:55.751-04:00 DEBUG 26196 --- [spring-openai] [           main] org.hibernate.type.BasicTypeRegistry     : Adding type registration [Ljava.lang.Character; -> org.hibernate.type.CharacterArrayType@6cc44207
2025-05-15T13:03:55.751-04:00 DEBUG 26196 --- [spring-openai] [           main] org.hibernate.type.BasicTypeRegistry     : Adding type registration Character[] -> org.hibernate.type.CharacterArrayType@6cc44207
2025-05-15T13:03:55.751-04:00 DEBUG 26196 --- [spring-openai] [           main] org.hibernate.type.BasicTypeRegistry     : Adding type registration text -> org.hibernate.type.TextType@7ebaf0d
2025-05-15T13:03:55.752-04:00 DEBUG 26196 --- [spring-openai] [           main] org.hibernate.type.BasicTypeRegistry     : Adding type registration ntext -> org.hibernate.type.NTextType@4d2bc56a
2025-05-15T13:03:55.753-04:00 DEBUG 26196 --- [spring-openai] [           main] org.hibernate.type.BasicTypeRegistry     : Adding type registration blob -> org.hibernate.type.BlobType@366b4a7b
2025-05-15T13:03:55.753-04:00 DEBUG 26196 --- [spring-openai] [           main] org.hibernate.type.BasicTypeRegistry     : Adding type registration java.sql.Blob -> org.hibernate.type.BlobType@366b4a7b
2025-05-15T13:03:55.753-04:00 DEBUG 26196 --- [spring-openai] [           main] org.hibernate.type.BasicTypeRegistry     : Adding type registration materialized_blob -> org.hibernate.type.MaterializedBlobType@283ecb4b
2025-05-15T13:03:55.754-04:00 DEBUG 26196 --- [spring-openai] [           main] org.hibernate.type.BasicTypeRegistry     : Adding type registration clob -> org.hibernate.type.ClobType@665b441e
2025-05-15T13:03:55.754-04:00 DEBUG 26196 --- [spring-openai] [           main] org.hibernate.type.BasicTypeRegistry     : Adding type registration java.sql.Clob -> org.hibernate.type.ClobType@665b441e
2025-05-15T13:03:55.755-04:00 DEBUG 26196 --- [spring-openai] [           main] org.hibernate.type.BasicTypeRegistry     : Adding type registration nclob -> org.hibernate.type.NClobType@5edd9b4f
2025-05-15T13:03:55.755-04:00 DEBUG 26196 --- [spring-openai] [           main] org.hibernate.type.BasicTypeRegistry     : Adding type registration java.sql.NClob -> org.hibernate.type.NClobType@5edd9b4f
2025-05-15T13:03:55.756-04:00 DEBUG 26196 --- [spring-openai] [           main] org.hibernate.type.BasicTypeRegistry     : Adding type registration materialized_clob -> org.hibernate.type.MaterializedClobType@7378c4a4
2025-05-15T13:03:55.756-04:00 DEBUG 26196 --- [spring-openai] [           main] org.hibernate.type.BasicTypeRegistry     : Adding type registration materialized_nclob -> org.hibernate.type.MaterializedNClobType@7c02b3cb
2025-05-15T13:03:55.757-04:00 DEBUG 26196 --- [spring-openai] [           main] org.hibernate.type.BasicTypeRegistry     : Adding type registration serializable -> org.hibernate.type.SerializableType@4eb5764d
2025-05-15T13:03:55.759-04:00 DEBUG 26196 --- [spring-openai] [           main] org.hibernate.type.BasicTypeRegistry     : Adding type registration object -> org.hibernate.type.ObjectType@336070ab
2025-05-15T13:03:55.760-04:00 DEBUG 26196 --- [spring-openai] [           main] org.hibernate.type.BasicTypeRegistry     : Adding type registration java.lang.Object -> org.hibernate.type.ObjectType@336070ab
2025-05-15T13:03:55.760-04:00 DEBUG 26196 --- [spring-openai] [           main] org.hibernate.type.BasicTypeRegistry     : Adding type registration imm_date -> org.hibernate.type.AdaptedImmutableType@3dec769
2025-05-15T13:03:55.760-04:00 DEBUG 26196 --- [spring-openai] [           main] org.hibernate.type.BasicTypeRegistry     : Adding type registration imm_time -> org.hibernate.type.AdaptedImmutableType@282c5075
2025-05-15T13:03:55.760-04:00 DEBUG 26196 --- [spring-openai] [           main] org.hibernate.type.BasicTypeRegistry     : Adding type registration imm_timestamp -> org.hibernate.type.AdaptedImmutableType@2ed35f24
2025-05-15T13:03:55.760-04:00 DEBUG 26196 --- [spring-openai] [           main] org.hibernate.type.BasicTypeRegistry     : Adding type registration imm_dbtimestamp -> org.hibernate.type.AdaptedImmutableType@362b384c
2025-05-15T13:03:55.760-04:00 DEBUG 26196 --- [spring-openai] [           main] org.hibernate.type.BasicTypeRegistry     : Adding type registration imm_calendar -> org.hibernate.type.AdaptedImmutableType@433b546f
2025-05-15T13:03:55.760-04:00 DEBUG 26196 --- [spring-openai] [           main] org.hibernate.type.BasicTypeRegistry     : Adding type registration imm_calendar_date -> org.hibernate.type.AdaptedImmutableType@9de1b85
2025-05-15T13:03:55.761-04:00 DEBUG 26196 --- [spring-openai] [           main] org.hibernate.type.BasicTypeRegistry     : Adding type registration imm_binary -> org.hibernate.type.AdaptedImmutableType@3d405fe5
2025-05-15T13:03:55.761-04:00 DEBUG 26196 --- [spring-openai] [           main] org.hibernate.type.BasicTypeRegistry     : Adding type registration imm_serializable -> org.hibernate.type.AdaptedImmutableType@52c6e959
2025-05-15T13:03:55.769-04:00 DEBUG 26196 --- [spring-openai] [           main] o.h.boot.internal.BootstrapContextImpl   : Injecting JPA temp ClassLoader [org.springframework.instrument.classloading.SimpleThrowawayClassLoader@5977bdea] into BootstrapContext; was [null]
2025-05-15T13:03:55.769-04:00 DEBUG 26196 --- [spring-openai] [           main] o.h.boot.internal.ClassLoaderAccessImpl  : ClassLoaderAccessImpl#injectTempClassLoader(org.springframework.instrument.classloading.SimpleThrowawayClassLoader@5977bdea) [was null]
2025-05-15T13:03:55.770-04:00 DEBUG 26196 --- [spring-openai] [           main] o.h.boot.internal.BootstrapContextImpl   : Injecting ScanEnvironment [org.hibernate.jpa.boot.internal.StandardJpaScanEnvironmentImpl@6c225adb] into BootstrapContext; was [null]
2025-05-15T13:03:55.770-04:00 DEBUG 26196 --- [spring-openai] [           main] o.h.boot.internal.BootstrapContextImpl   : Injecting ScanOptions [org.hibernate.boot.archive.scan.internal.StandardScanOptions@69cc49ec] into BootstrapContext; was [org.hibernate.boot.archive.scan.internal.StandardScanOptions@6b71e98f]
2025-05-15T13:03:55.808-04:00 DEBUG 26196 --- [spring-openai] [           main] o.h.boot.internal.BootstrapContextImpl   : Injecting JPA temp ClassLoader [null] into BootstrapContext; was [org.springframework.instrument.classloading.SimpleThrowawayClassLoader@5977bdea]
2025-05-15T13:03:55.808-04:00 DEBUG 26196 --- [spring-openai] [           main] o.h.boot.internal.ClassLoaderAccessImpl  : ClassLoaderAccessImpl#injectTempClassLoader(null) [was org.springframework.instrument.classloading.SimpleThrowawayClassLoader@5977bdea]
2025-05-15T13:03:55.818-04:00 DEBUG 26196 --- [spring-openai] [           main] .i.f.i.DefaultIdentifierGeneratorFactory : Registering IdentifierGenerator strategy [uuid2] -> [org.hibernate.id.UUIDGenerator]
2025-05-15T13:03:55.818-04:00 DEBUG 26196 --- [spring-openai] [           main] .i.f.i.DefaultIdentifierGeneratorFactory : Registering IdentifierGenerator strategy [guid] -> [org.hibernate.id.GUIDGenerator]
2025-05-15T13:03:55.819-04:00 DEBUG 26196 --- [spring-openai] [           main] .i.f.i.DefaultIdentifierGeneratorFactory : Registering IdentifierGenerator strategy [uuid] -> [org.hibernate.id.UUIDHexGenerator]
2025-05-15T13:03:55.819-04:00 DEBUG 26196 --- [spring-openai] [           main] .i.f.i.DefaultIdentifierGeneratorFactory : Registering IdentifierGenerator strategy [uuid.hex] -> [org.hibernate.id.UUIDHexGenerator]
2025-05-15T13:03:55.820-04:00 DEBUG 26196 --- [spring-openai] [           main] .i.f.i.DefaultIdentifierGeneratorFactory : Registering IdentifierGenerator strategy [assigned] -> [org.hibernate.id.Assigned]
2025-05-15T13:03:55.821-04:00 DEBUG 26196 --- [spring-openai] [           main] .i.f.i.DefaultIdentifierGeneratorFactory : Registering IdentifierGenerator strategy [identity] -> [org.hibernate.id.IdentityGenerator]
2025-05-15T13:03:55.821-04:00 DEBUG 26196 --- [spring-openai] [           main] .i.f.i.DefaultIdentifierGeneratorFactory : Registering IdentifierGenerator strategy [select] -> [org.hibernate.id.SelectGenerator]
2025-05-15T13:03:55.822-04:00 DEBUG 26196 --- [spring-openai] [           main] .i.f.i.DefaultIdentifierGeneratorFactory : Registering IdentifierGenerator strategy [sequence] -> [org.hibernate.id.enhanced.SequenceStyleGenerator]
2025-05-15T13:03:55.823-04:00 DEBUG 26196 --- [spring-openai] [           main] .i.f.i.DefaultIdentifierGeneratorFactory : Registering IdentifierGenerator strategy [seqhilo] -> [org.hibernate.id.SequenceHiLoGenerator]
2025-05-15T13:03:55.824-04:00 DEBUG 26196 --- [spring-openai] [           main] .i.f.i.DefaultIdentifierGeneratorFactory : Registering IdentifierGenerator strategy [increment] -> [org.hibernate.id.IncrementGenerator]
2025-05-15T13:03:55.824-04:00 DEBUG 26196 --- [spring-openai] [           main] .i.f.i.DefaultIdentifierGeneratorFactory : Registering IdentifierGenerator strategy [foreign] -> [org.hibernate.id.ForeignGenerator]
2025-05-15T13:03:55.824-04:00 DEBUG 26196 --- [spring-openai] [           main] .i.f.i.DefaultIdentifierGeneratorFactory : Registering IdentifierGenerator strategy [sequence-identity] -> [org.hibernate.id.SequenceIdentityGenerator]
2025-05-15T13:03:55.825-04:00 DEBUG 26196 --- [spring-openai] [           main] .i.f.i.DefaultIdentifierGeneratorFactory : Registering IdentifierGenerator strategy [enhanced-sequence] -> [org.hibernate.id.enhanced.SequenceStyleGenerator]
2025-05-15T13:03:55.825-04:00 DEBUG 26196 --- [spring-openai] [           main] .i.f.i.DefaultIdentifierGeneratorFactory : Registering IdentifierGenerator strategy [enhanced-table] -> [org.hibernate.id.enhanced.TableGenerator]
2025-05-15T13:03:55.837-04:00 DEBUG 26196 --- [spring-openai] [           main] o.h.e.j.e.i.JdbcEnvironmentInitiator     : Database ->
       name : H2
    version : 2.3.232 (2024-08-11)
      major : 2
      minor : 3
2025-05-15T13:03:55.838-04:00 DEBUG 26196 --- [spring-openai] [           main] o.h.e.j.e.i.JdbcEnvironmentInitiator     : Driver ->
       name : H2 JDBC Driver
    version : 2.3.232 (2024-08-11)
      major : 2
      minor : 3
2025-05-15T13:03:55.838-04:00 DEBUG 26196 --- [spring-openai] [           main] o.h.e.j.e.i.JdbcEnvironmentInitiator     : JDBC version : 4.3
2025-05-15T13:03:55.850-04:00  INFO 26196 --- [spring-openai] [           main] org.hibernate.dialect.Dialect            : HHH000400: Using dialect: org.hibernate.dialect.H2Dialect
2025-05-15T13:03:55.866-04:00 DEBUG 26196 --- [spring-openai] [           main] o.h.e.j.env.spi.IdentifierHelperBuilder  : JDBC driver metadata reported database stores quoted identifiers in neither upper, lower nor mixed case
2025-05-15T13:03:55.882-04:00  INFO 26196 --- [spring-openai] [           main] org.hibernate.orm.beans                  : HHH10005002: No explicit CDI BeanManager reference was passed to Hibernate, but CDI is available on the Hibernate ClassLoader.
2025-05-15T13:03:55.887-04:00 DEBUG 26196 --- [spring-openai] [           main] o.h.type.spi.TypeConfiguration$Scope     : Scoping TypeConfiguration [org.hibernate.type.spi.TypeConfiguration@2ec156fb] to MetadataBuildingContext [org.hibernate.boot.internal.MetadataBuildingContextRootImpl@56d742ad]
2025-05-15T13:03:55.915-04:00 DEBUG 26196 --- [spring-openai] [           main] o.h.boot.model.relational.Namespace      : Created database namespace [logicalName=Name{catalog=null, schema=null}, physicalName=Name{catalog=null, schema=null}]
2025-05-15T13:03:55.925-04:00 DEBUG 26196 --- [spring-openai] [           main] org.hibernate.cfg.AnnotationBinder       : Binding entity from annotated class: com.jvidia.reactcloan.entity.Account
2025-05-15T13:03:55.942-04:00 DEBUG 26196 --- [spring-openai] [           main] org.hibernate.cfg.Ejb3Column             : Binding column: Ejb3DiscriminatorColumn{logicalColumnName'DTYPE', discriminatorTypeName='string'}
2025-05-15T13:03:55.945-04:00 DEBUG 26196 --- [spring-openai] [           main] o.h.cfg.annotations.EntityBinder         : Import with entity name Account
2025-05-15T13:03:55.950-04:00 DEBUG 26196 --- [spring-openai] [           main] o.h.cfg.annotations.EntityBinder         : Bind entity com.jvidia.reactcloan.entity.Account on table Account
2025-05-15T13:03:55.966-04:00 DEBUG 26196 --- [spring-openai] [           main] org.hibernate.cfg.Ejb3Column             : Binding column: Ejb3Column{table=org.hibernate.mapping.Table(Account), mappingColumn=id, insertable=true, updatable=true, unique=false}
2025-05-15T13:03:55.968-04:00 DEBUG 26196 --- [spring-openai] [           main] o.h.boot.internal.ClassLoaderAccessImpl  : Not known whether passed class name [com.jvidia.reactcloan.entity.Account] is safe
2025-05-15T13:03:55.968-04:00 DEBUG 26196 --- [spring-openai] [           main] o.h.boot.internal.ClassLoaderAccessImpl  : No temp ClassLoader provided; using live ClassLoader for loading potentially unsafe class : com.jvidia.reactcloan.entity.Account
2025-05-15T13:03:55.969-04:00 DEBUG 26196 --- [spring-openai] [           main] o.h.cfg.annotations.PropertyBinder       : MetadataSourceProcessor property id with lazy=false
2025-05-15T13:03:55.970-04:00 DEBUG 26196 --- [spring-openai] [           main] o.hibernate.cfg.AbstractPropertyHolder   : Attempting to locate auto-apply AttributeConverter for property [com.jvidia.reactcloan.entity.Account:id]
2025-05-15T13:03:55.972-04:00 DEBUG 26196 --- [spring-openai] [           main] o.h.cfg.annotations.SimpleValueBinder    : building SimpleValue for id
2025-05-15T13:03:55.974-04:00 DEBUG 26196 --- [spring-openai] [           main] o.h.cfg.annotations.PropertyBinder       : Building property id
2025-05-15T13:03:55.975-04:00 DEBUG 26196 --- [spring-openai] [           main] org.hibernate.cfg.BinderHelper           : #makeIdGenerator(org.hibernate.mapping.SimpleValue([org.hibernate.mapping.Column(id)]), id, identity, , ...)
2025-05-15T13:03:55.976-04:00 DEBUG 26196 --- [spring-openai] [           main] org.hibernate.cfg.Ejb3Column             : Binding column: Ejb3Column{table=org.hibernate.mapping.Table(Account), mappingColumn=accountType, insertable=true, updatable=true, unique=false}
2025-05-15T13:03:55.976-04:00 DEBUG 26196 --- [spring-openai] [           main] o.h.cfg.annotations.PropertyBinder       : MetadataSourceProcessor property accountType with lazy=false
2025-05-15T13:03:55.976-04:00 DEBUG 26196 --- [spring-openai] [           main] o.hibernate.cfg.AbstractPropertyHolder   : Attempting to locate auto-apply AttributeConverter for property [com.jvidia.reactcloan.entity.Account:accountType]
2025-05-15T13:03:55.976-04:00 DEBUG 26196 --- [spring-openai] [           main] o.h.cfg.annotations.SimpleValueBinder    : building SimpleValue for accountType
2025-05-15T13:03:55.976-04:00 DEBUG 26196 --- [spring-openai] [           main] o.h.cfg.annotations.PropertyBinder       : Building property accountType
2025-05-15T13:03:55.977-04:00 DEBUG 26196 --- [spring-openai] [           main] org.hibernate.cfg.Ejb3Column             : Binding column: Ejb3Column{table=org.hibernate.mapping.Table(Account), mappingColumn=balance, insertable=true, updatable=true, unique=false}
2025-05-15T13:03:55.977-04:00 DEBUG 26196 --- [spring-openai] [           main] o.h.cfg.annotations.PropertyBinder       : MetadataSourceProcessor property balance with lazy=false
2025-05-15T13:03:55.977-04:00 DEBUG 26196 --- [spring-openai] [           main] o.hibernate.cfg.AbstractPropertyHolder   : Attempting to locate auto-apply AttributeConverter for property [com.jvidia.reactcloan.entity.Account:balance]
2025-05-15T13:03:55.977-04:00 DEBUG 26196 --- [spring-openai] [           main] o.h.cfg.annotations.SimpleValueBinder    : building SimpleValue for balance
2025-05-15T13:03:55.977-04:00 DEBUG 26196 --- [spring-openai] [           main] o.h.cfg.annotations.PropertyBinder       : Building property balance
2025-05-15T13:03:55.981-04:00 DEBUG 26196 --- [spring-openai] [           main] org.hibernate.cfg.AnnotationBinder       : Binding entity from annotated class: com.jvidia.reactcloan.entity.Client
2025-05-15T13:03:55.981-04:00 DEBUG 26196 --- [spring-openai] [           main] org.hibernate.cfg.Ejb3Column             : Binding column: Ejb3DiscriminatorColumn{logicalColumnName'DTYPE', discriminatorTypeName='string'}
2025-05-15T13:03:55.981-04:00 DEBUG 26196 --- [spring-openai] [           main] o.h.cfg.annotations.EntityBinder         : Import with entity name Client
2025-05-15T13:03:55.982-04:00 DEBUG 26196 --- [spring-openai] [           main] o.h.cfg.annotations.EntityBinder         : Bind entity com.jvidia.reactcloan.entity.Client on table Client
2025-05-15T13:03:55.983-04:00 DEBUG 26196 --- [spring-openai] [           main] org.hibernate.cfg.Ejb3Column             : Binding column: Ejb3Column{table=org.hibernate.mapping.Table(Client), mappingColumn=id, insertable=true, updatable=true, unique=false}
2025-05-15T13:03:55.983-04:00 DEBUG 26196 --- [spring-openai] [           main] o.h.boot.internal.ClassLoaderAccessImpl  : Not known whether passed class name [com.jvidia.reactcloan.entity.Client] is safe
2025-05-15T13:03:55.983-04:00 DEBUG 26196 --- [spring-openai] [           main] o.h.boot.internal.ClassLoaderAccessImpl  : No temp ClassLoader provided; using live ClassLoader for loading potentially unsafe class : com.jvidia.reactcloan.entity.Client
2025-05-15T13:03:55.983-04:00 DEBUG 26196 --- [spring-openai] [           main] o.h.cfg.annotations.PropertyBinder       : MetadataSourceProcessor property id with lazy=false
2025-05-15T13:03:55.983-04:00 DEBUG 26196 --- [spring-openai] [           main] o.hibernate.cfg.AbstractPropertyHolder   : Attempting to locate auto-apply AttributeConverter for property [com.jvidia.reactcloan.entity.Client:id]
2025-05-15T13:03:55.983-04:00 DEBUG 26196 --- [spring-openai] [           main] o.h.cfg.annotations.SimpleValueBinder    : building SimpleValue for id
2025-05-15T13:03:55.983-04:00 DEBUG 26196 --- [spring-openai] [           main] o.h.cfg.annotations.PropertyBinder       : Building property id
2025-05-15T13:03:55.984-04:00 DEBUG 26196 --- [spring-openai] [           main] org.hibernate.cfg.BinderHelper           : #makeIdGenerator(org.hibernate.mapping.SimpleValue([org.hibernate.mapping.Column(id)]), id, identity, , ...)
2025-05-15T13:03:55.984-04:00 DEBUG 26196 --- [spring-openai] [           main] org.hibernate.cfg.Ejb3Column             : Binding column: Ejb3Column{table=org.hibernate.mapping.Table(Client), mappingColumn=email, insertable=true, updatable=true, unique=false}
2025-05-15T13:03:55.984-04:00 DEBUG 26196 --- [spring-openai] [           main] o.h.cfg.annotations.PropertyBinder       : MetadataSourceProcessor property email with lazy=false
2025-05-15T13:03:55.984-04:00 DEBUG 26196 --- [spring-openai] [           main] o.hibernate.cfg.AbstractPropertyHolder   : Attempting to locate auto-apply AttributeConverter for property [com.jvidia.reactcloan.entity.Client:email]
2025-05-15T13:03:55.984-04:00 DEBUG 26196 --- [spring-openai] [           main] o.h.cfg.annotations.SimpleValueBinder    : building SimpleValue for email
2025-05-15T13:03:55.984-04:00 DEBUG 26196 --- [spring-openai] [           main] o.h.cfg.annotations.PropertyBinder       : Building property email
2025-05-15T13:03:55.984-04:00 DEBUG 26196 --- [spring-openai] [           main] org.hibernate.cfg.Ejb3Column             : Binding column: Ejb3Column{table=org.hibernate.mapping.Table(Client), mappingColumn=name, insertable=true, updatable=true, unique=false}
2025-05-15T13:03:55.984-04:00 DEBUG 26196 --- [spring-openai] [           main] o.h.cfg.annotations.PropertyBinder       : MetadataSourceProcessor property name with lazy=false
2025-05-15T13:03:55.984-04:00 DEBUG 26196 --- [spring-openai] [           main] o.hibernate.cfg.AbstractPropertyHolder   : Attempting to locate auto-apply AttributeConverter for property [com.jvidia.reactcloan.entity.Client:name]
2025-05-15T13:03:55.984-04:00 DEBUG 26196 --- [spring-openai] [           main] o.h.cfg.annotations.SimpleValueBinder    : building SimpleValue for name
2025-05-15T13:03:55.984-04:00 DEBUG 26196 --- [spring-openai] [           main] o.h.cfg.annotations.PropertyBinder       : Building property name
2025-05-15T13:03:55.985-04:00 DEBUG 26196 --- [spring-openai] [           main] org.hibernate.cfg.AnnotationBinder       : Binding entity from annotated class: com.jvidia.reactcloan.entity.Product
2025-05-15T13:03:55.985-04:00 DEBUG 26196 --- [spring-openai] [           main] org.hibernate.cfg.Ejb3Column             : Binding column: Ejb3DiscriminatorColumn{logicalColumnName'DTYPE', discriminatorTypeName='string'}
2025-05-15T13:03:55.985-04:00 DEBUG 26196 --- [spring-openai] [           main] o.h.cfg.annotations.EntityBinder         : Import with entity name Product
2025-05-15T13:03:55.985-04:00 DEBUG 26196 --- [spring-openai] [           main] o.h.cfg.annotations.EntityBinder         : Bind entity com.jvidia.reactcloan.entity.Product on table Product
2025-05-15T13:03:55.987-04:00 DEBUG 26196 --- [spring-openai] [           main] org.hibernate.cfg.Ejb3Column             : Binding column: Ejb3Column{table=org.hibernate.mapping.Table(Product), mappingColumn=id, insertable=true, updatable=true, unique=false}
2025-05-15T13:03:55.988-04:00 DEBUG 26196 --- [spring-openai] [           main] o.h.boot.internal.ClassLoaderAccessImpl  : Not known whether passed class name [com.jvidia.reactcloan.entity.Product] is safe
2025-05-15T13:03:55.988-04:00 DEBUG 26196 --- [spring-openai] [           main] o.h.boot.internal.ClassLoaderAccessImpl  : No temp ClassLoader provided; using live ClassLoader for loading potentially unsafe class : com.jvidia.reactcloan.entity.Product
2025-05-15T13:03:55.988-04:00 DEBUG 26196 --- [spring-openai] [           main] o.h.cfg.annotations.PropertyBinder       : MetadataSourceProcessor property id with lazy=false
2025-05-15T13:03:55.988-04:00 DEBUG 26196 --- [spring-openai] [           main] o.hibernate.cfg.AbstractPropertyHolder   : Attempting to locate auto-apply AttributeConverter for property [com.jvidia.reactcloan.entity.Product:id]
2025-05-15T13:03:55.988-04:00 DEBUG 26196 --- [spring-openai] [           main] o.h.cfg.annotations.SimpleValueBinder    : building SimpleValue for id
2025-05-15T13:03:55.989-04:00 DEBUG 26196 --- [spring-openai] [           main] o.h.cfg.annotations.PropertyBinder       : Building property id
2025-05-15T13:03:55.989-04:00 DEBUG 26196 --- [spring-openai] [           main] org.hibernate.cfg.BinderHelper           : #makeIdGenerator(org.hibernate.mapping.SimpleValue([org.hibernate.mapping.Column(id)]), id, identity, , ...)
2025-05-15T13:03:55.989-04:00 DEBUG 26196 --- [spring-openai] [           main] org.hibernate.cfg.Ejb3Column             : Binding column: Ejb3Column{table=org.hibernate.mapping.Table(Product), mappingColumn=description, insertable=true, updatable=true, unique=false}
2025-05-15T13:03:55.989-04:00 DEBUG 26196 --- [spring-openai] [           main] o.h.cfg.annotations.PropertyBinder       : MetadataSourceProcessor property description with lazy=false
2025-05-15T13:03:55.989-04:00 DEBUG 26196 --- [spring-openai] [           main] o.hibernate.cfg.AbstractPropertyHolder   : Attempting to locate auto-apply AttributeConverter for property [com.jvidia.reactcloan.entity.Product:description]
2025-05-15T13:03:55.989-04:00 DEBUG 26196 --- [spring-openai] [           main] o.h.cfg.annotations.SimpleValueBinder    : building SimpleValue for description
2025-05-15T13:03:55.989-04:00 DEBUG 26196 --- [spring-openai] [           main] o.h.cfg.annotations.PropertyBinder       : Building property description
2025-05-15T13:03:55.989-04:00 DEBUG 26196 --- [spring-openai] [           main] org.hibernate.cfg.Ejb3Column             : Binding column: Ejb3Column{table=org.hibernate.mapping.Table(Product), mappingColumn=name, insertable=true, updatable=true, unique=false}
2025-05-15T13:03:55.989-04:00 DEBUG 26196 --- [spring-openai] [           main] o.h.cfg.annotations.PropertyBinder       : MetadataSourceProcessor property name with lazy=false
2025-05-15T13:03:55.990-04:00 DEBUG 26196 --- [spring-openai] [           main] o.hibernate.cfg.AbstractPropertyHolder   : Attempting to locate auto-apply AttributeConverter for property [com.jvidia.reactcloan.entity.Product:name]
2025-05-15T13:03:55.990-04:00 DEBUG 26196 --- [spring-openai] [           main] o.h.cfg.annotations.SimpleValueBinder    : building SimpleValue for name
2025-05-15T13:03:55.990-04:00 DEBUG 26196 --- [spring-openai] [           main] o.h.cfg.annotations.PropertyBinder       : Building property name
2025-05-15T13:03:55.990-04:00 DEBUG 26196 --- [spring-openai] [           main] org.hibernate.cfg.Ejb3Column             : Binding column: Ejb3Column{table=org.hibernate.mapping.Table(Product), mappingColumn=price, insertable=true, updatable=true, unique=false}
2025-05-15T13:03:55.990-04:00 DEBUG 26196 --- [spring-openai] [           main] o.h.cfg.annotations.PropertyBinder       : MetadataSourceProcessor property price with lazy=false
2025-05-15T13:03:55.990-04:00 DEBUG 26196 --- [spring-openai] [           main] o.hibernate.cfg.AbstractPropertyHolder   : Attempting to locate auto-apply AttributeConverter for property [com.jvidia.reactcloan.entity.Product:price]
2025-05-15T13:03:55.990-04:00 DEBUG 26196 --- [spring-openai] [           main] o.h.cfg.annotations.SimpleValueBinder    : building SimpleValue for price
2025-05-15T13:03:55.990-04:00 DEBUG 26196 --- [spring-openai] [           main] o.h.cfg.annotations.PropertyBinder       : Building property price
2025-05-15T13:03:55.990-04:00 DEBUG 26196 --- [spring-openai] [           main] org.hibernate.cfg.Ejb3Column             : Binding column: Ejb3Column{table=org.hibernate.mapping.Table(Product), mappingColumn=quantity, insertable=true, updatable=true, unique=false}
2025-05-15T13:03:55.991-04:00 DEBUG 26196 --- [spring-openai] [           main] o.h.cfg.annotations.PropertyBinder       : MetadataSourceProcessor property quantity with lazy=false
2025-05-15T13:03:55.991-04:00 DEBUG 26196 --- [spring-openai] [           main] o.hibernate.cfg.AbstractPropertyHolder   : Attempting to locate auto-apply AttributeConverter for property [com.jvidia.reactcloan.entity.Product:quantity]
2025-05-15T13:03:55.991-04:00 DEBUG 26196 --- [spring-openai] [           main] o.h.cfg.annotations.SimpleValueBinder    : building SimpleValue for quantity
2025-05-15T13:03:55.991-04:00 DEBUG 26196 --- [spring-openai] [           main] o.h.cfg.annotations.PropertyBinder       : Building property quantity
2025-05-15T13:03:55.991-04:00 DEBUG 26196 --- [spring-openai] [           main] org.hibernate.cfg.Ejb3Column             : Binding column: Ejb3Column{table=org.hibernate.mapping.Table(Product), mappingColumn=status, insertable=true, updatable=true, unique=false}
2025-05-15T13:03:55.991-04:00 DEBUG 26196 --- [spring-openai] [           main] o.h.cfg.annotations.PropertyBinder       : MetadataSourceProcessor property status with lazy=false
2025-05-15T13:03:55.991-04:00 DEBUG 26196 --- [spring-openai] [           main] o.hibernate.cfg.AbstractPropertyHolder   : Attempting to locate auto-apply AttributeConverter for property [com.jvidia.reactcloan.entity.Product:status]
2025-05-15T13:03:55.991-04:00 DEBUG 26196 --- [spring-openai] [           main] o.h.cfg.annotations.SimpleValueBinder    : building SimpleValue for status
2025-05-15T13:03:55.991-04:00 DEBUG 26196 --- [spring-openai] [           main] o.h.cfg.annotations.PropertyBinder       : Building property status
2025-05-15T13:03:55.992-04:00 DEBUG 26196 --- [spring-openai] [           main] org.hibernate.cfg.AnnotationBinder       : Binding entity from annotated class: com.jvidia.reactcloan.entity.Role
2025-05-15T13:03:55.992-04:00 DEBUG 26196 --- [spring-openai] [           main] org.hibernate.cfg.Ejb3Column             : Binding column: Ejb3DiscriminatorColumn{logicalColumnName'DTYPE', discriminatorTypeName='string'}
2025-05-15T13:03:55.992-04:00 DEBUG 26196 --- [spring-openai] [           main] o.h.cfg.annotations.EntityBinder         : Import with entity name Role
2025-05-15T13:03:55.993-04:00 DEBUG 26196 --- [spring-openai] [           main] o.h.cfg.annotations.EntityBinder         : Bind entity com.jvidia.reactcloan.entity.Role on table Role
2025-05-15T13:03:55.997-04:00 DEBUG 26196 --- [spring-openai] [           main] org.hibernate.cfg.Ejb3Column             : Binding column: Ejb3Column{table=org.hibernate.mapping.Table(Role), mappingColumn=id, insertable=true, updatable=true, unique=false}
2025-05-15T13:03:55.998-04:00 DEBUG 26196 --- [spring-openai] [           main] o.h.boot.internal.ClassLoaderAccessImpl  : Not known whether passed class name [com.jvidia.reactcloan.entity.Role] is safe
2025-05-15T13:03:55.998-04:00 DEBUG 26196 --- [spring-openai] [           main] o.h.boot.internal.ClassLoaderAccessImpl  : No temp ClassLoader provided; using live ClassLoader for loading potentially unsafe class : com.jvidia.reactcloan.entity.Role
2025-05-15T13:03:55.998-04:00 DEBUG 26196 --- [spring-openai] [           main] o.h.cfg.annotations.PropertyBinder       : MetadataSourceProcessor property id with lazy=false
2025-05-15T13:03:55.998-04:00 DEBUG 26196 --- [spring-openai] [           main] o.hibernate.cfg.AbstractPropertyHolder   : Attempting to locate auto-apply AttributeConverter for property [com.jvidia.reactcloan.entity.Role:id]
2025-05-15T13:03:55.998-04:00 DEBUG 26196 --- [spring-openai] [           main] o.h.cfg.annotations.SimpleValueBinder    : building SimpleValue for id
2025-05-15T13:03:55.998-04:00 DEBUG 26196 --- [spring-openai] [           main] o.h.cfg.annotations.PropertyBinder       : Building property id
2025-05-15T13:03:55.998-04:00 DEBUG 26196 --- [spring-openai] [           main] org.hibernate.cfg.BinderHelper           : #makeIdGenerator(org.hibernate.mapping.SimpleValue([org.hibernate.mapping.Column(id)]), id, identity, , ...)
2025-05-15T13:03:55.998-04:00 DEBUG 26196 --- [spring-openai] [           main] org.hibernate.cfg.Ejb3Column             : Binding column: Ejb3Column{table=org.hibernate.mapping.Table(Role), mappingColumn=name, insertable=true, updatable=true, unique=false}
2025-05-15T13:03:55.999-04:00 DEBUG 26196 --- [spring-openai] [           main] o.h.cfg.annotations.PropertyBinder       : MetadataSourceProcessor property name with lazy=false
2025-05-15T13:03:55.999-04:00 DEBUG 26196 --- [spring-openai] [           main] o.hibernate.cfg.AbstractPropertyHolder   : Attempting to locate auto-apply AttributeConverter for property [com.jvidia.reactcloan.entity.Role:name]
2025-05-15T13:03:55.999-04:00 DEBUG 26196 --- [spring-openai] [           main] o.h.cfg.annotations.SimpleValueBinder    : building SimpleValue for name
2025-05-15T13:03:55.999-04:00 DEBUG 26196 --- [spring-openai] [           main] o.h.cfg.annotations.PropertyBinder       : Building property name
2025-05-15T13:03:56.000-04:00 DEBUG 26196 --- [spring-openai] [           main] org.hibernate.cfg.Ejb3Column             : Binding column: Ejb3JoinColumn{logicalColumnName='user_id', referencedColumn='', mappedBy=''}
2025-05-15T13:03:56.000-04:00 DEBUG 26196 --- [spring-openai] [           main] org.hibernate.cfg.Ejb3Column             : Binding column: Ejb3Column{table=org.hibernate.mapping.Table(Role), mappingColumn=user, insertable=true, updatable=true, unique=false}
2025-05-15T13:03:56.003-04:00 DEBUG 26196 --- [spring-openai] [           main] o.h.cfg.annotations.PropertyBinder       : Building property user
2025-05-15T13:03:56.003-04:00 DEBUG 26196 --- [spring-openai] [           main] org.hibernate.cfg.AnnotationBinder       : Binding entity from annotated class: com.jvidia.reactcloan.entity.User
2025-05-15T13:03:56.003-04:00 DEBUG 26196 --- [spring-openai] [           main] org.hibernate.cfg.Ejb3Column             : Binding column: Ejb3DiscriminatorColumn{logicalColumnName'DTYPE', discriminatorTypeName='string'}
2025-05-15T13:03:56.004-04:00 DEBUG 26196 --- [spring-openai] [           main] o.h.cfg.annotations.EntityBinder         : Import with entity name User
2025-05-15T13:03:56.004-04:00 DEBUG 26196 --- [spring-openai] [           main] o.h.cfg.annotations.EntityBinder         : Bind entity com.jvidia.reactcloan.entity.User on table USERS
2025-05-15T13:03:56.009-04:00 DEBUG 26196 --- [spring-openai] [           main] org.hibernate.cfg.Ejb3Column             : Binding column: Ejb3Column{table=org.hibernate.mapping.Table(USERS), mappingColumn=id, insertable=true, updatable=true, unique=false}
2025-05-15T13:03:56.009-04:00 DEBUG 26196 --- [spring-openai] [           main] o.h.boot.internal.ClassLoaderAccessImpl  : Not known whether passed class name [com.jvidia.reactcloan.entity.User] is safe
2025-05-15T13:03:56.009-04:00 DEBUG 26196 --- [spring-openai] [           main] o.h.boot.internal.ClassLoaderAccessImpl  : No temp ClassLoader provided; using live ClassLoader for loading potentially unsafe class : com.jvidia.reactcloan.entity.User
2025-05-15T13:03:56.009-04:00 DEBUG 26196 --- [spring-openai] [           main] o.h.cfg.annotations.PropertyBinder       : MetadataSourceProcessor property id with lazy=false
2025-05-15T13:03:56.009-04:00 DEBUG 26196 --- [spring-openai] [           main] o.hibernate.cfg.AbstractPropertyHolder   : Attempting to locate auto-apply AttributeConverter for property [com.jvidia.reactcloan.entity.User:id]
2025-05-15T13:03:56.009-04:00 DEBUG 26196 --- [spring-openai] [           main] o.h.cfg.annotations.SimpleValueBinder    : building SimpleValue for id
2025-05-15T13:03:56.009-04:00 DEBUG 26196 --- [spring-openai] [           main] o.h.cfg.annotations.PropertyBinder       : Building property id
2025-05-15T13:03:56.009-04:00 DEBUG 26196 --- [spring-openai] [           main] org.hibernate.cfg.BinderHelper           : #makeIdGenerator(org.hibernate.mapping.SimpleValue([org.hibernate.mapping.Column(id)]), id, identity, , ...)
2025-05-15T13:03:56.010-04:00 DEBUG 26196 --- [spring-openai] [           main] org.hibernate.cfg.Ejb3Column             : Binding column: Ejb3Column{table=org.hibernate.mapping.Table(USERS), mappingColumn=firstName, insertable=true, updatable=true, unique=false}
2025-05-15T13:03:56.010-04:00 DEBUG 26196 --- [spring-openai] [           main] o.h.cfg.annotations.PropertyBinder       : MetadataSourceProcessor property firstName with lazy=false
2025-05-15T13:03:56.010-04:00 DEBUG 26196 --- [spring-openai] [           main] o.hibernate.cfg.AbstractPropertyHolder   : Attempting to locate auto-apply AttributeConverter for property [com.jvidia.reactcloan.entity.User:firstName]
2025-05-15T13:03:56.010-04:00 DEBUG 26196 --- [spring-openai] [           main] o.h.cfg.annotations.SimpleValueBinder    : building SimpleValue for firstName
2025-05-15T13:03:56.010-04:00 DEBUG 26196 --- [spring-openai] [           main] o.h.cfg.annotations.PropertyBinder       : Building property firstName
2025-05-15T13:03:56.010-04:00 DEBUG 26196 --- [spring-openai] [           main] org.hibernate.cfg.Ejb3Column             : Binding column: Ejb3Column{table=org.hibernate.mapping.Table(USERS), mappingColumn=lastName, insertable=true, updatable=true, unique=false}
2025-05-15T13:03:56.010-04:00 DEBUG 26196 --- [spring-openai] [           main] o.h.cfg.annotations.PropertyBinder       : MetadataSourceProcessor property lastName with lazy=false
2025-05-15T13:03:56.010-04:00 DEBUG 26196 --- [spring-openai] [           main] o.hibernate.cfg.AbstractPropertyHolder   : Attempting to locate auto-apply AttributeConverter for property [com.jvidia.reactcloan.entity.User:lastName]
2025-05-15T13:03:56.010-04:00 DEBUG 26196 --- [spring-openai] [           main] o.h.cfg.annotations.SimpleValueBinder    : building SimpleValue for lastName
2025-05-15T13:03:56.010-04:00 DEBUG 26196 --- [spring-openai] [           main] o.h.cfg.annotations.PropertyBinder       : Building property lastName
2025-05-15T13:03:56.010-04:00 DEBUG 26196 --- [spring-openai] [           main] org.hibernate.cfg.Ejb3Column             : Binding column: Ejb3Column{table=org.hibernate.mapping.Table(USERS), mappingColumn=name, insertable=true, updatable=true, unique=false}
2025-05-15T13:03:56.010-04:00 DEBUG 26196 --- [spring-openai] [           main] o.h.cfg.annotations.PropertyBinder       : MetadataSourceProcessor property name with lazy=false
2025-05-15T13:03:56.011-04:00 DEBUG 26196 --- [spring-openai] [           main] o.hibernate.cfg.AbstractPropertyHolder   : Attempting to locate auto-apply AttributeConverter for property [com.jvidia.reactcloan.entity.User:name]
2025-05-15T13:03:56.011-04:00 DEBUG 26196 --- [spring-openai] [           main] o.h.cfg.annotations.SimpleValueBinder    : building SimpleValue for name
2025-05-15T13:03:56.011-04:00 DEBUG 26196 --- [spring-openai] [           main] o.h.cfg.annotations.PropertyBinder       : Building property name
2025-05-15T13:03:56.011-04:00 DEBUG 26196 --- [spring-openai] [           main] org.hibernate.cfg.Ejb3Column             : Binding column: Ejb3Column{table=org.hibernate.mapping.Table(USERS), mappingColumn=password, insertable=true, updatable=true, unique=false}
2025-05-15T13:03:56.011-04:00 DEBUG 26196 --- [spring-openai] [           main] o.h.cfg.annotations.PropertyBinder       : MetadataSourceProcessor property password with lazy=false
2025-05-15T13:03:56.011-04:00 DEBUG 26196 --- [spring-openai] [           main] o.hibernate.cfg.AbstractPropertyHolder   : Attempting to locate auto-apply AttributeConverter for property [com.jvidia.reactcloan.entity.User:password]
2025-05-15T13:03:56.011-04:00 DEBUG 26196 --- [spring-openai] [           main] o.h.cfg.annotations.SimpleValueBinder    : building SimpleValue for password
2025-05-15T13:03:56.011-04:00 DEBUG 26196 --- [spring-openai] [           main] o.h.cfg.annotations.PropertyBinder       : Building property password
2025-05-15T13:03:56.011-04:00 DEBUG 26196 --- [spring-openai] [           main] org.hibernate.cfg.Ejb3Column             : Binding column: Ejb3JoinColumn{logicalColumnName='null', referencedColumn='null', mappedBy='user'}
2025-05-15T13:03:56.011-04:00 DEBUG 26196 --- [spring-openai] [           main] org.hibernate.cfg.Ejb3Column             : Binding column: Ejb3Column{table=org.hibernate.mapping.Table(USERS), mappingColumn=roles, insertable=true, updatable=true, unique=false}
2025-05-15T13:03:56.013-04:00 DEBUG 26196 --- [spring-openai] [           main] org.hibernate.cfg.Ejb3Column             : Binding column: Ejb3Column{table=org.hibernate.mapping.Table(USERS), mappingColumn=null, insertable=true, updatable=true, unique=false}
2025-05-15T13:03:56.021-04:00 DEBUG 26196 --- [spring-openai] [           main] org.hibernate.cfg.Ejb3Column             : Binding column: Ejb3Column{table=org.hibernate.mapping.Table(USERS), mappingColumn=element, insertable=true, updatable=true, unique=false}
2025-05-15T13:03:56.022-04:00 DEBUG 26196 --- [spring-openai] [           main] org.hibernate.cfg.Ejb3Column             : Binding column: Ejb3Column{table=org.hibernate.mapping.Table(USERS), mappingColumn=roles_KEY, insertable=true, updatable=true, unique=false}
2025-05-15T13:03:56.023-04:00 DEBUG 26196 --- [spring-openai] [           main] org.hibernate.cfg.Ejb3Column             : Binding column: Ejb3JoinColumn{logicalColumnName='roles_KEY', referencedColumn='null', mappedBy='null'}
2025-05-15T13:03:56.024-04:00 DEBUG 26196 --- [spring-openai] [           main] org.hibernate.cfg.Ejb3Column             : Binding column: Ejb3JoinColumn{logicalColumnName='null', referencedColumn='null', mappedBy='user'}
2025-05-15T13:03:56.024-04:00 DEBUG 26196 --- [spring-openai] [           main] org.hibernate.cfg.Ejb3Column             : Binding column: Ejb3JoinColumn{logicalColumnName='null', referencedColumn='null', mappedBy='user'}
2025-05-15T13:03:56.024-04:00 DEBUG 26196 --- [spring-openai] [           main] o.h.cfg.annotations.CollectionBinder     : Collection role: com.jvidia.reactcloan.entity.User.roles
2025-05-15T13:03:56.026-04:00 DEBUG 26196 --- [spring-openai] [           main] o.h.cfg.annotations.PropertyBinder       : Building property roles
2025-05-15T13:03:56.026-04:00 DEBUG 26196 --- [spring-openai] [           main] org.hibernate.cfg.Ejb3Column             : Binding column: Ejb3JoinColumn{logicalColumnName='null', referencedColumn='null', mappedBy='user'}
2025-05-15T13:03:56.026-04:00 DEBUG 26196 --- [spring-openai] [           main] org.hibernate.cfg.Ejb3Column             : Binding column: Ejb3Column{table=org.hibernate.mapping.Table(USERS), mappingColumn=userAccounts, insertable=true, updatable=true, unique=false}
2025-05-15T13:03:56.026-04:00 DEBUG 26196 --- [spring-openai] [           main] org.hibernate.cfg.Ejb3Column             : Binding column: Ejb3Column{table=org.hibernate.mapping.Table(USERS), mappingColumn=null, insertable=true, updatable=true, unique=false}
2025-05-15T13:03:56.026-04:00 DEBUG 26196 --- [spring-openai] [           main] org.hibernate.cfg.Ejb3Column             : Binding column: Ejb3Column{table=org.hibernate.mapping.Table(USERS), mappingColumn=element, insertable=true, updatable=true, unique=false}
2025-05-15T13:03:56.026-04:00 DEBUG 26196 --- [spring-openai] [           main] org.hibernate.cfg.Ejb3Column             : Binding column: Ejb3Column{table=org.hibernate.mapping.Table(USERS), mappingColumn=userAccounts_KEY, insertable=true, updatable=true, unique=false}
2025-05-15T13:03:56.026-04:00 DEBUG 26196 --- [spring-openai] [           main] org.hibernate.cfg.Ejb3Column             : Binding column: Ejb3JoinColumn{logicalColumnName='userAccounts_KEY', referencedColumn='null', mappedBy='null'}
[...]
2025-05-15T13:03:58.280-04:00 DEBUG 26196 --- [spring-openai] [           main] o.h.engine.internal.TwoPhaseLoad         : Done materializing entity [com.jvidia.reactcloan.entity.Client#6]
2025-05-15T13:03:58.280-04:00 DEBUG 26196 --- [spring-openai] [           main] o.h.engine.internal.TwoPhaseLoad         : Resolving attributes for [com.jvidia.reactcloan.entity.Client#7]
2025-05-15T13:03:58.280-04:00 DEBUG 26196 --- [spring-openai] [           main] o.h.engine.internal.TwoPhaseLoad         : Processing attribute `email` : value = Ashley@ciminc.com
2025-05-15T13:03:58.280-04:00 DEBUG 26196 --- [spring-openai] [           main] o.h.engine.internal.TwoPhaseLoad         : Attribute (`email`)  - enhanced for lazy-loading? - false
2025-05-15T13:03:58.280-04:00 DEBUG 26196 --- [spring-openai] [           main] o.h.engine.internal.TwoPhaseLoad         : Processing attribute `name` : value = ABC Finance
2025-05-15T13:03:58.280-04:00 DEBUG 26196 --- [spring-openai] [           main] o.h.engine.internal.TwoPhaseLoad         : Attribute (`name`)  - enhanced for lazy-loading? - false
2025-05-15T13:03:58.280-04:00 DEBUG 26196 --- [spring-openai] [           main] o.h.engine.internal.TwoPhaseLoad         : Done materializing entity [com.jvidia.reactcloan.entity.Client#7]
2025-05-15T13:03:58.280-04:00 DEBUG 26196 --- [spring-openai] [           main] o.h.engine.internal.TwoPhaseLoad         : Resolving attributes for [com.jvidia.reactcloan.entity.Client#8]
2025-05-15T13:03:58.280-04:00 DEBUG 26196 --- [spring-openai] [           main] o.h.engine.internal.TwoPhaseLoad         : Processing attribute `email` : value = Ben@ciminc.com
2025-05-15T13:03:58.280-04:00 DEBUG 26196 --- [spring-openai] [           main] o.h.engine.internal.TwoPhaseLoad         : Attribute (`email`)  - enhanced for lazy-loading? - false
2025-05-15T13:03:58.280-04:00 DEBUG 26196 --- [spring-openai] [           main] o.h.engine.internal.TwoPhaseLoad         : Processing attribute `name` : value = CNBC
2025-05-15T13:03:58.280-04:00 DEBUG 26196 --- [spring-openai] [           main] o.h.engine.internal.TwoPhaseLoad         : Attribute (`name`)  - enhanced for lazy-loading? - false
2025-05-15T13:03:58.280-04:00 DEBUG 26196 --- [spring-openai] [           main] o.h.engine.internal.TwoPhaseLoad         : Done materializing entity [com.jvidia.reactcloan.entity.Client#8]
2025-05-15T13:03:58.280-04:00 DEBUG 26196 --- [spring-openai] [           main] o.h.engine.internal.TwoPhaseLoad         : Resolving attributes for [com.jvidia.reactcloan.entity.Client#9]
2025-05-15T13:03:58.280-04:00 DEBUG 26196 --- [spring-openai] [           main] o.h.engine.internal.TwoPhaseLoad         : Processing attribute `email` : value = Jeff@ciminc.com
2025-05-15T13:03:58.280-04:00 DEBUG 26196 --- [spring-openai] [           main] o.h.engine.internal.TwoPhaseLoad         : Attribute (`email`)  - enhanced for lazy-loading? - false
2025-05-15T13:03:58.280-04:00 DEBUG 26196 --- [spring-openai] [           main] o.h.engine.internal.TwoPhaseLoad         : Processing attribute `name` : value = NBC Finance
2025-05-15T13:03:58.280-04:00 DEBUG 26196 --- [spring-openai] [           main] o.h.engine.internal.TwoPhaseLoad         : Attribute (`name`)  - enhanced for lazy-loading? - false
2025-05-15T13:03:58.281-04:00 DEBUG 26196 --- [spring-openai] [           main] o.h.engine.internal.TwoPhaseLoad         : Done materializing entity [com.jvidia.reactcloan.entity.Client#9]
2025-05-15T13:03:58.281-04:00 DEBUG 26196 --- [spring-openai] [           main] o.h.engine.internal.TwoPhaseLoad         : Resolving attributes for [com.jvidia.reactcloan.entity.Client#10]
2025-05-15T13:03:58.281-04:00 DEBUG 26196 --- [spring-openai] [           main] o.h.engine.internal.TwoPhaseLoad         : Processing attribute `email` : value = dbush@email.com
2025-05-15T13:03:58.281-04:00 DEBUG 26196 --- [spring-openai] [           main] o.h.engine.internal.TwoPhaseLoad         : Attribute (`email`)  - enhanced for lazy-loading? - false
2025-05-15T13:03:58.281-04:00 DEBUG 26196 --- [spring-openai] [           main] o.h.engine.internal.TwoPhaseLoad         : Processing attribute `name` : value = CNBC
2025-05-15T13:03:58.281-04:00 DEBUG 26196 --- [spring-openai] [           main] o.h.engine.internal.TwoPhaseLoad         : Attribute (`name`)  - enhanced for lazy-loading? - false
2025-05-15T13:03:58.281-04:00 DEBUG 26196 --- [spring-openai] [           main] o.h.engine.internal.TwoPhaseLoad         : Done materializing entity [com.jvidia.reactcloan.entity.Client#10]
2025-05-15T13:03:58.282-04:00 DEBUG 26196 --- [spring-openai] [           main] o.s.orm.jpa.JpaTransactionManager        : Initiating transaction commit
2025-05-15T13:03:58.282-04:00 DEBUG 26196 --- [spring-openai] [           main] o.s.orm.jpa.JpaTransactionManager        : Committing JPA transaction on EntityManager [SessionImpl(498395719<open>)]
2025-05-15T13:03:58.282-04:00 DEBUG 26196 --- [spring-openai] [           main] o.h.e.t.internal.TransactionImpl         : committing
2025-05-15T13:03:58.282-04:00 DEBUG 26196 --- [spring-openai] [           main] o.s.orm.jpa.JpaTransactionManager        : Closing JPA EntityManager [SessionImpl(498395719<open>)] after transaction
Client(id=1, name=ABC Finance, email=a12@ciminc.com)Client(id=2, name=ESPAN, email=Kevin@ciminc.com)Client(id=3, name=ABC Warehouse, email=a12@ciminc.com)Client(id=4, name=SISLLC, email=jdoe@email.com)Client(id=5, name=ABC Finance, email=Don@ciminc.com)Client(id=6, name=ABC Finance, email=Doug@ciminc.com)Client(id=7, name=ABC Finance, email=Ashley@ciminc.com)Client(id=8, name=CNBC, email=Ben@ciminc.com)Client(id=9, name=NBC Finance, email=Jeff@ciminc.com)Client(id=10, name=CNBC, email=dbush@email.com)2025-05-15T13:03:58.685-04:00  WARN 26196 --- [spring-openai] [           main] JpaBaseConfiguration$JpaWebConfiguration : spring.jpa.open-in-view is enabled by default. Therefore, database queries may be performed during view rendering. Explicitly configure spring.jpa.open-in-view to disable this warning
2025-05-15T13:03:58.719-04:00  WARN 26196 --- [spring-openai] [           main] r$InitializeUserDetailsManagerConfigurer : Found 2 UserDetailsService beans, with names [userDetailsService, users]. Global Authentication Manager will not use a UserDetailsService for username/password login. Consider publishing a single UserDetailsService bean.
2025-05-15T13:04:00.076-04:00  INFO 26196 --- [spring-openai] [           main] org.mongodb.driver.client                : MongoClient with metadata {"driver": {"name": "mongo-java-driver|reactive-streams|spring-boot", "version": "5.2.1"}, "os": {"type": "Windows", "name": "Windows 10", "architecture": "amd64", "version": "10.0"}, "platform": "Java/Oracle Corporation/21.0.5+9-LTS-239"} created with settings MongoClientSettings{readPreference=primary, writeConcern=WriteConcern{w=null, wTimeout=null ms, journal=null}, retryWrites=true, retryReads=true, readConcern=ReadConcern{level=null}, credential=null, transportSettings=NettyTransportSettings{eventLoopGroup=io.netty.channel.nio.NioEventLoopGroup@a95c1f6, socketChannelClass=null, allocator=null, sslContext=null}, commandListeners=[io.micrometer.core.instrument.binder.mongodb.MongoMetricsCommandListener@4835e10a], codecRegistry=ProvidersCodecRegistry{codecProviders=[ValueCodecProvider{}, BsonValueCodecProvider{}, DBRefCodecProvider{}, DBObjectCodecProvider{}, DocumentCodecProvider{}, CollectionCodecProvider{}, IterableCodecProvider{}, MapCodecProvider{}, GeoJsonCodecProvider{}, GridFSFileCodecProvider{}, Jsr310CodecProvider{}, JsonObjectCodecProvider{}, BsonCodecProvider{}, EnumCodecProvider{}, com.mongodb.client.model.mql.ExpressionCodecProvider@6cee6eb7, com.mongodb.Jep395RecordCodecProvider@4b29f03e, com.mongodb.KotlinCodecProvider@1d891373]}, loggerSettings=LoggerSettings{maxDocumentLength=1000}, clusterSettings={hosts=[localhost:27017], srvServiceName=mongodb, mode=SINGLE, requiredClusterType=UNKNOWN, requiredReplicaSetName='null', serverSelector='null', clusterListeners='[]', serverSelectionTimeout='30000 ms', localThreshold='15 ms'}, socketSettings=SocketSettings{connectTimeoutMS=10000, readTimeoutMS=0, receiveBufferSize=0, proxySettings=ProxySettings{host=null, port=null, username=null, password=null}}, heartbeatSocketSettings=SocketSettings{connectTimeoutMS=10000, readTimeoutMS=10000, receiveBufferSize=0, proxySettings=ProxySettings{host=null, port=null, username=null, password=null}}, connectionPoolSettings=ConnectionPoolSettings{maxSize=100, minSize=0, maxWaitTimeMS=120000, maxConnectionLifeTimeMS=0, maxConnectionIdleTimeMS=0, maintenanceInitialDelayMS=0, maintenanceFrequencyMS=60000, connectionPoolListeners=[io.micrometer.core.instrument.binder.mongodb.MongoMetricsConnectionPoolListener@6dbf203c], maxConnecting=2}, serverSettings=ServerSettings{heartbeatFrequencyMS=10000, minHeartbeatFrequencyMS=500, serverMonitoringMode=AUTO, serverListeners='[]', serverMonitorListeners='[]'}, sslSettings=SslSettings{enabled=false, invalidHostNameAllowed=false, context=null}, applicationName='null', compressorList=[], uuidRepresentation=JAVA_LEGACY, serverApi=null, autoEncryptionSettings=null, dnsClient=null, inetAddressResolver=null, contextProvider=null, timeoutMS=null}
2025-05-15T13:04:00.162-04:00  INFO 26196 --- [spring-openai] [localhost:27017] org.mongodb.driver.cluster               : Exception in monitor thread while connecting to server localhost:27017

com.mongodb.MongoSocketOpenException: Exception opening socket
	at com.mongodb.internal.connection.netty.NettyStream$OpenChannelFutureListener.lambda$operationComplete$1(NettyStream.java:534) ~[mongodb-driver-core-5.2.1.jar:na]
	at com.mongodb.internal.Locks.lambda$withLock$0(Locks.java:35) ~[mongodb-driver-core-5.2.1.jar:na]
	at com.mongodb.internal.Locks.checkedWithLock(Locks.java:62) ~[mongodb-driver-core-5.2.1.jar:na]
	at com.mongodb.internal.Locks.withLock(Locks.java:56) ~[mongodb-driver-core-5.2.1.jar:na]
	at com.mongodb.internal.Locks.withLock(Locks.java:34) ~[mongodb-driver-core-5.2.1.jar:na]
	at com.mongodb.internal.connection.netty.NettyStream$OpenChannelFutureListener.operationComplete(NettyStream.java:521) ~[mongodb-driver-core-5.2.1.jar:na]
	at com.mongodb.internal.connection.netty.NettyStream$OpenChannelFutureListener.operationComplete(NettyStream.java:504) ~[mongodb-driver-core-5.2.1.jar:na]
	at io.netty.util.concurrent.DefaultPromise.notifyListener0(DefaultPromise.java:590) ~[netty-common-4.1.119.Final.jar:4.1.119.Final]
	at io.netty.util.concurrent.DefaultPromise.notifyListeners0(DefaultPromise.java:583) ~[netty-common-4.1.119.Final.jar:4.1.119.Final]
	at io.netty.util.concurrent.DefaultPromise.notifyListenersNow(DefaultPromise.java:559) ~[netty-common-4.1.119.Final.jar:4.1.119.Final]
	at io.netty.util.concurrent.DefaultPromise.notifyListeners(DefaultPromise.java:492) ~[netty-common-4.1.119.Final.jar:4.1.119.Final]
	at io.netty.util.concurrent.DefaultPromise.setValue0(DefaultPromise.java:636) ~[netty-common-4.1.119.Final.jar:4.1.119.Final]
	at io.netty.util.concurrent.DefaultPromise.setFailure0(DefaultPromise.java:629) ~[netty-common-4.1.119.Final.jar:4.1.119.Final]
	at io.netty.util.concurrent.DefaultPromise.tryFailure(DefaultPromise.java:118) ~[netty-common-4.1.119.Final.jar:4.1.119.Final]
	at io.netty.channel.nio.AbstractNioChannel$AbstractNioUnsafe.fulfillConnectPromise(AbstractNioChannel.java:326) ~[netty-transport-4.1.119.Final.jar:4.1.119.Final]
	at io.netty.channel.nio.AbstractNioChannel$AbstractNioUnsafe.finishConnect(AbstractNioChannel.java:342) ~[netty-transport-4.1.119.Final.jar:4.1.119.Final]
	at io.netty.channel.nio.NioEventLoop.processSelectedKey(NioEventLoop.java:784) ~[netty-transport-4.1.119.Final.jar:4.1.119.Final]
	at io.netty.channel.nio.NioEventLoop.processSelectedKeysOptimized(NioEventLoop.java:732) ~[netty-transport-4.1.119.Final.jar:4.1.119.Final]
	at io.netty.channel.nio.NioEventLoop.processSelectedKeys(NioEventLoop.java:658) ~[netty-transport-4.1.119.Final.jar:4.1.119.Final]
	at io.netty.channel.nio.NioEventLoop.run(NioEventLoop.java:562) ~[netty-transport-4.1.119.Final.jar:4.1.119.Final]
	at io.netty.util.concurrent.SingleThreadEventExecutor$4.run(SingleThreadEventExecutor.java:998) ~[netty-common-4.1.119.Final.jar:4.1.119.Final]
	at io.netty.util.internal.ThreadExecutorMap$2.run(ThreadExecutorMap.java:74) ~[netty-common-4.1.119.Final.jar:4.1.119.Final]
	at io.netty.util.concurrent.FastThreadLocalRunnable.run(FastThreadLocalRunnable.java:30) ~[netty-common-4.1.119.Final.jar:4.1.119.Final]
	at java.base/java.lang.Thread.run(Thread.java:1583) ~[na:na]
Caused by: io.netty.channel.AbstractChannel$AnnotatedConnectException: Connection refused: getsockopt: localhost/[0:0:0:0:0:0:0:1]:27017
Caused by: java.net.ConnectException: Connection refused: getsockopt
	at java.base/sun.nio.ch.Net.pollConnect(Native Method) ~[na:na]
	at java.base/sun.nio.ch.Net.pollConnectNow(Net.java:682) ~[na:na]
	at java.base/sun.nio.ch.SocketChannelImpl.finishConnect(SocketChannelImpl.java:973) ~[na:na]
	at io.netty.channel.socket.nio.NioSocketChannel.doFinishConnect(NioSocketChannel.java:336) ~[netty-transport-4.1.119.Final.jar:4.1.119.Final]
	at io.netty.channel.nio.AbstractNioChannel$AbstractNioUnsafe.finishConnect(AbstractNioChannel.java:339) ~[netty-transport-4.1.119.Final.jar:4.1.119.Final]
	at io.netty.channel.nio.NioEventLoop.processSelectedKey(NioEventLoop.java:784) ~[netty-transport-4.1.119.Final.jar:4.1.119.Final]
	at io.netty.channel.nio.NioEventLoop.processSelectedKeysOptimized(NioEventLoop.java:732) ~[netty-transport-4.1.119.Final.jar:4.1.119.Final]
	at io.netty.channel.nio.NioEventLoop.processSelectedKeys(NioEventLoop.java:658) ~[netty-transport-4.1.119.Final.jar:4.1.119.Final]
	at io.netty.channel.nio.NioEventLoop.run(NioEventLoop.java:562) ~[netty-transport-4.1.119.Final.jar:4.1.119.Final]
	at io.netty.util.concurrent.SingleThreadEventExecutor$4.run(SingleThreadEventExecutor.java:998) ~[netty-common-4.1.119.Final.jar:4.1.119.Final]
	at io.netty.util.internal.ThreadExecutorMap$2.run(ThreadExecutorMap.java:74) ~[netty-common-4.1.119.Final.jar:4.1.119.Final]
	at io.netty.util.concurrent.FastThreadLocalRunnable.run(FastThreadLocalRunnable.java:30) ~[netty-common-4.1.119.Final.jar:4.1.119.Final]
	at java.base/java.lang.Thread.run(Thread.java:1583) ~[na:na]

2025-05-15T13:04:00.369-04:00  INFO 26196 --- [spring-openai] [           main] o.s.b.a.e.web.EndpointLinksResolver      : Exposing 2 endpoints beneath base path '/actuator'
2025-05-15T13:04:00.521-04:00  WARN 26196 --- [spring-openai] [           main] o.s.s.c.a.web.builders.WebSecurity       : You are asking Spring Security to ignore Deferred [Mvc [pattern='/resources/**'], Ant [pattern='/resources/**']]. This is not recommended -- please use permitAll via HttpSecurity#authorizeHttpRequests instead.
2025-05-15T13:04:00.701-04:00 DEBUG 26196 --- [spring-openai] [           main] .h.v.m.ResourceBundleMessageInterpolator : Loaded expression factory via original TCCL
2025-05-15T13:04:00.703-04:00 DEBUG 26196 --- [spring-openai] [           main] o.h.v.i.e.AbstractConfigurationImpl      : Setting custom MessageInterpolator of type org.springframework.validation.beanvalidation.LocaleContextMessageInterpolator
2025-05-15T13:04:00.704-04:00 DEBUG 26196 --- [spring-openai] [           main] o.h.v.i.e.AbstractConfigurationImpl      : Setting custom ConstraintValidatorFactory of type org.springframework.validation.beanvalidation.SpringConstraintValidatorFactory
2025-05-15T13:04:00.706-04:00 DEBUG 26196 --- [spring-openai] [           main] o.h.v.i.xml.config.ValidationXmlParser   : Trying to load META-INF/validation.xml for XML based Validator configuration.
2025-05-15T13:04:00.706-04:00 DEBUG 26196 --- [spring-openai] [           main] o.h.v.i.xml.config.ResourceLoaderHelper  : Trying to load META-INF/validation.xml via user class loader
2025-05-15T13:04:00.707-04:00 DEBUG 26196 --- [spring-openai] [           main] o.h.v.i.xml.config.ResourceLoaderHelper  : Trying to load META-INF/validation.xml via TCCL
2025-05-15T13:04:00.707-04:00 DEBUG 26196 --- [spring-openai] [           main] o.h.v.i.xml.config.ResourceLoaderHelper  : Trying to load META-INF/validation.xml via Hibernate Validator's class loader
2025-05-15T13:04:00.707-04:00 DEBUG 26196 --- [spring-openai] [           main] o.h.v.i.xml.config.ValidationXmlParser   : No META-INF/validation.xml found. Using annotation based configuration only.
2025-05-15T13:04:00.707-04:00 DEBUG 26196 --- [spring-openai] [           main] o.h.v.i.e.resolver.TraversableResolvers  : Found jakarta.persistence.Persistence on classpath containing 'getPersistenceUtil'. Assuming JPA 2 environment. Trying to instantiate JPA aware TraversableResolver
2025-05-15T13:04:00.707-04:00 DEBUG 26196 --- [spring-openai] [           main] o.h.v.i.e.resolver.TraversableResolvers  : Instantiated JPA aware TraversableResolver of type org.hibernate.validator.internal.engine.resolver.JPATraversableResolver.
2025-05-15T13:04:00.708-04:00 DEBUG 26196 --- [spring-openai] [           main] .i.e.ValidatorFactoryConfigurationHelper : HV000252: Using org.hibernate.validator.internal.engine.DefaultPropertyNodeNameProvider as property node name provider.
2025-05-15T13:04:00.708-04:00 DEBUG 26196 --- [spring-openai] [           main] .i.e.ValidatorFactoryConfigurationHelper : HV000234: Using org.springframework.validation.beanvalidation.LocaleContextMessageInterpolator as ValidatorFactory-scoped message interpolator.
2025-05-15T13:04:00.708-04:00 DEBUG 26196 --- [spring-openai] [           main] .i.e.ValidatorFactoryConfigurationHelper : HV000234: Using org.hibernate.validator.internal.engine.resolver.JPATraversableResolver as ValidatorFactory-scoped traversable resolver.
2025-05-15T13:04:00.708-04:00 DEBUG 26196 --- [spring-openai] [           main] .i.e.ValidatorFactoryConfigurationHelper : HV000234: Using org.hibernate.validator.internal.util.ExecutableParameterNameProvider as ValidatorFactory-scoped parameter name provider.
2025-05-15T13:04:00.708-04:00 DEBUG 26196 --- [spring-openai] [           main] .i.e.ValidatorFactoryConfigurationHelper : HV000234: Using org.hibernate.validator.internal.engine.DefaultClockProvider as ValidatorFactory-scoped clock provider.
2025-05-15T13:04:00.708-04:00 DEBUG 26196 --- [spring-openai] [           main] .i.e.ValidatorFactoryConfigurationHelper : HV000234: Using org.hibernate.validator.internal.engine.scripting.DefaultScriptEvaluatorFactory as ValidatorFactory-scoped script evaluator factory.
2025-05-15T13:04:01.361-04:00  INFO 26196 --- [spring-openai] [           main] o.s.b.a.h2.H2ConsoleAutoConfiguration    : H2 console available at '/h2-console'. Database available at 'jdbc:h2:mem:testdb'
2025-05-15T13:04:01.464-04:00  INFO 26196 --- [spring-openai] [           main] c.j.reactcloan.JvidiaReactCarloanTests   : Started JvidiaReactCarloanTests in 9.779 seconds (process running for 11.24)
2025-05-15T13:04:01.470-04:00  INFO 26196 --- [spring-openai] [           main] o.s.b.a.b.JobLauncherApplicationRunner   : Running default command line with: []
]]></system-out>
    <system-err><![CDATA[Mockito is currently self-attaching to enable the inline-mock-maker. This will no longer work in future releases of the JDK. Please add Mockito as an agent to your build what is described in Mockito's documentation: https://javadoc.io/doc/org.mockito/mockito-core/latest/org/mockito/Mockito.html#0.3
WARNING: A Java agent has been loaded dynamically (C:\Users\javaugi\.m2\repository\net\bytebuddy\byte-buddy-agent\1.15.11\byte-buddy-agent-1.15.11.jar)
WARNING: If a serviceability tool is in use, please run with -XX:+EnableDynamicAgentLoading to hide this warning
WARNING: If a serviceability tool is not in use, please run with -Djdk.instrument.traceUsage for more information
WARNING: Dynamic loading of agents will be disallowed by default in a future release
]]></system-err>
  </testcase>
</testsuite>