<?xml version="1.0" encoding="UTF-8"?>
<testsuite xmlns:xsi="http://www.w3.org/2001/XMLSchema-instance" xsi:noNamespaceSchemaLocation="https://maven.apache.org/surefire/maven-surefire-plugin/xsd/surefire-test-report.xsd" version="3.0.2" name="com.jvidia.reactcloan.JvidiaReactCarloanTests" time="10.248" tests="1" errors="0" skipped="0" failures="0">
  <properties>
[...]
</properties>
  <testcase name="contextLoads" classname="com.jvidia.reactcloan.JvidiaReactCarloanTests" time="0.553">
    <system-out><![CDATA[13:10:17.005 [main] INFO org.springframework.test.context.support.AnnotationConfigContextLoaderUtils -- Could not detect default configuration classes for test class [com.jvidia.reactcloan.JvidiaReactCarloanTests]: JvidiaReactCarloanTests does not declare any static, non-private, non-final, nested classes annotated with @Configuration.
13:10:17.225 [main] INFO org.springframework.boot.test.context.SpringBootTestContextBootstrapper -- Found @SpringBootConfiguration com.jvidia.reactcloan.JvidiaReactCarloanApplication for test class com.jvidia.reactcloan.JvidiaReactCarloanTests
13:10:17.416 [main] INFO org.springframework.boot.devtools.restart.RestartApplicationListener -- Restart disabled due to context in which it is running

  .   ____          _            __ _ _
 /\\ / ___'_ __ _ _(_)_ __  __ _ \ \ \ \
( ( )\___ | '_ | '_| | '_ \/ _` | \ \ \ \
 \\/  ___)| |_)| | | | | || (_| |  ) ) ) )
  '  |____| .__|_| |_|_| |_\__, | / / / /
 =========|_|==============|___/=/_/_/_/

 :: Spring Boot ::                (v3.4.5)

2025-05-15T13:10:17.735-04:00 DEBUG 27872 --- [spring-openai] [kground-preinit] o.h.v.i.xml.config.ValidationXmlParser   : Trying to load META-INF/validation.xml for XML based Validator configuration.
2025-05-15T13:10:17.737-04:00 DEBUG 27872 --- [spring-openai] [kground-preinit] o.h.v.i.xml.config.ResourceLoaderHelper  : Trying to load META-INF/validation.xml via TCCL
2025-05-15T13:10:17.738-04:00 DEBUG 27872 --- [spring-openai] [kground-preinit] o.h.v.i.xml.config.ResourceLoaderHelper  : Trying to load META-INF/validation.xml via Hibernate Validator's class loader
2025-05-15T13:10:17.739-04:00 DEBUG 27872 --- [spring-openai] [kground-preinit] o.h.v.i.xml.config.ValidationXmlParser   : No META-INF/validation.xml found. Using annotation based configuration only.
2025-05-15T13:10:17.745-04:00 DEBUG 27872 --- [spring-openai] [kground-preinit] o.h.v.i.e.resolver.TraversableResolvers  : Found jakarta.persistence.Persistence on classpath containing 'getPersistenceUtil'. Assuming JPA 2 environment. Trying to instantiate JPA aware TraversableResolver
2025-05-15T13:10:17.746-04:00 DEBUG 27872 --- [spring-openai] [kground-preinit] o.h.v.i.e.resolver.TraversableResolvers  : Instantiated JPA aware TraversableResolver of type org.hibernate.validator.internal.engine.resolver.JPATraversableResolver.
2025-05-15T13:10:17.786-04:00  INFO 27872 --- [spring-openai] [           main] c.j.reactcloan.JvidiaReactCarloanTests   : Starting JvidiaReactCarloanTests using Java 21.0.5 with PID 27872 (started by javaugi in E:\sisllccarlo\jinvidia-saas-reactcarlo)
2025-05-15T13:10:17.787-04:00  INFO 27872 --- [spring-openai] [           main] c.j.reactcloan.JvidiaReactCarloanTests   : No active profile set, falling back to 1 default profile: "default"
2025-05-15T13:10:17.788-04:00 DEBUG 27872 --- [spring-openai] [kground-preinit] .h.v.m.ResourceBundleMessageInterpolator : Loaded expression factory via original TCCL
2025-05-15T13:10:17.918-04:00 DEBUG 27872 --- [spring-openai] [kground-preinit] .i.e.ValidatorFactoryConfigurationHelper : HV000252: Using org.hibernate.validator.internal.engine.DefaultPropertyNodeNameProvider as property node name provider.
2025-05-15T13:10:17.925-04:00 DEBUG 27872 --- [spring-openai] [kground-preinit] .i.e.ValidatorFactoryConfigurationHelper : HV000234: Using org.hibernate.validator.messageinterpolation.ResourceBundleMessageInterpolator as ValidatorFactory-scoped message interpolator.
2025-05-15T13:10:17.926-04:00 DEBUG 27872 --- [spring-openai] [kground-preinit] .i.e.ValidatorFactoryConfigurationHelper : HV000234: Using org.hibernate.validator.internal.engine.resolver.JPATraversableResolver as ValidatorFactory-scoped traversable resolver.
2025-05-15T13:10:17.926-04:00 DEBUG 27872 --- [spring-openai] [kground-preinit] .i.e.ValidatorFactoryConfigurationHelper : HV000234: Using org.hibernate.validator.internal.util.ExecutableParameterNameProvider as ValidatorFactory-scoped parameter name provider.
2025-05-15T13:10:17.926-04:00 DEBUG 27872 --- [spring-openai] [kground-preinit] .i.e.ValidatorFactoryConfigurationHelper : HV000234: Using org.hibernate.validator.internal.engine.DefaultClockProvider as ValidatorFactory-scoped clock provider.
2025-05-15T13:10:17.926-04:00 DEBUG 27872 --- [spring-openai] [kground-preinit] .i.e.ValidatorFactoryConfigurationHelper : HV000234: Using org.hibernate.validator.internal.engine.scripting.DefaultScriptEvaluatorFactory as ValidatorFactory-scoped script evaluator factory.
2025-05-15T13:10:18.756-04:00  INFO 27872 --- [spring-openai] [           main] .s.d.r.c.RepositoryConfigurationDelegate : Multiple Spring Data modules found, entering strict repository configuration mode
2025-05-15T13:10:18.757-04:00  INFO 27872 --- [spring-openai] [           main] .s.d.r.c.RepositoryConfigurationDelegate : Bootstrapping Spring Data JPA repositories in DEFAULT mode.
2025-05-15T13:10:18.871-04:00  INFO 27872 --- [spring-openai] [           main] .RepositoryConfigurationExtensionSupport : Spring Data JPA - Could not safely identify store assignment for repository candidate interface com.jvidia.reactcloan.repo.ProductWebFluxRepository; If you want this repository to be a JPA repository, consider annotating your entities with one of these annotations: jakarta.persistence.Entity, jakarta.persistence.MappedSuperclass (preferred), or consider extending one of the following types with your repository: org.springframework.data.jpa.repository.JpaRepository
2025-05-15T13:10:18.876-04:00  INFO 27872 --- [spring-openai] [           main] .RepositoryConfigurationExtensionSupport : Spring Data JPA - Could not safely identify store assignment for repository candidate interface com.jvidia.reactcloan.repo.UserReactiveRepository; If you want this repository to be a JPA repository, consider annotating your entities with one of these annotations: jakarta.persistence.Entity, jakarta.persistence.MappedSuperclass (preferred), or consider extending one of the following types with your repository: org.springframework.data.jpa.repository.JpaRepository
2025-05-15T13:10:18.907-04:00  INFO 27872 --- [spring-openai] [           main] .s.d.r.c.RepositoryConfigurationDelegate : Finished Spring Data repository scanning in 140 ms. Found 3 JPA repository interfaces.
2025-05-15T13:10:19.550-04:00  INFO 27872 --- [spring-openai] [           main] .s.d.r.c.RepositoryConfigurationDelegate : Multiple Spring Data modules found, entering strict repository configuration mode
2025-05-15T13:10:19.550-04:00  INFO 27872 --- [spring-openai] [           main] .s.d.r.c.RepositoryConfigurationDelegate : Bootstrapping Spring Data JDBC repositories in DEFAULT mode.
2025-05-15T13:10:19.557-04:00  INFO 27872 --- [spring-openai] [           main] .RepositoryConfigurationExtensionSupport : Spring Data JDBC - Could not safely identify store assignment for repository candidate interface com.jvidia.reactcloan.repo.ClientRepository; If you want this repository to be a JDBC repository, consider annotating your entities with one of these annotations: org.springframework.data.relational.core.mapping.Table.
2025-05-15T13:10:19.558-04:00  INFO 27872 --- [spring-openai] [           main] .RepositoryConfigurationExtensionSupport : Spring Data JDBC - Could not safely identify store assignment for repository candidate interface com.jvidia.reactcloan.repo.ProductRepository; If you want this repository to be a JDBC repository, consider annotating your entities with one of these annotations: org.springframework.data.relational.core.mapping.Table.
2025-05-15T13:10:19.558-04:00  INFO 27872 --- [spring-openai] [           main] .RepositoryConfigurationExtensionSupport : Spring Data JDBC - Could not safely identify store assignment for repository candidate interface com.jvidia.reactcloan.repo.ProductWebFluxRepository; If you want this repository to be a JDBC repository, consider annotating your entities with one of these annotations: org.springframework.data.relational.core.mapping.Table.
2025-05-15T13:10:19.558-04:00  INFO 27872 --- [spring-openai] [           main] .RepositoryConfigurationExtensionSupport : Spring Data JDBC - Could not safely identify store assignment for repository candidate interface com.jvidia.reactcloan.repo.UserReactiveRepository; If you want this repository to be a JDBC repository, consider annotating your entities with one of these annotations: org.springframework.data.relational.core.mapping.Table.
2025-05-15T13:10:19.558-04:00  INFO 27872 --- [spring-openai] [           main] .RepositoryConfigurationExtensionSupport : Spring Data JDBC - Could not safely identify store assignment for repository candidate interface com.jvidia.reactcloan.repo.UserRepository; If you want this repository to be a JDBC repository, consider annotating your entities with one of these annotations: org.springframework.data.relational.core.mapping.Table.
2025-05-15T13:10:19.558-04:00  INFO 27872 --- [spring-openai] [           main] .s.d.r.c.RepositoryConfigurationDelegate : Finished Spring Data repository scanning in 6 ms. Found 0 JDBC repository interfaces.
2025-05-15T13:10:19.569-04:00  INFO 27872 --- [spring-openai] [           main] .s.d.r.c.RepositoryConfigurationDelegate : Multiple Spring Data modules found, entering strict repository configuration mode
2025-05-15T13:10:19.569-04:00  INFO 27872 --- [spring-openai] [           main] .s.d.r.c.RepositoryConfigurationDelegate : Bootstrapping Spring Data Reactive MongoDB repositories in DEFAULT mode.
2025-05-15T13:10:19.575-04:00  INFO 27872 --- [spring-openai] [           main] .RepositoryConfigurationExtensionSupport : Spring Data Reactive MongoDB - Could not safely identify store assignment for repository candidate interface com.jvidia.reactcloan.repo.ClientRepository; If you want this repository to be a Reactive MongoDB repository, consider annotating your entities with one of these annotations: org.springframework.data.mongodb.core.mapping.Document (preferred), or consider extending one of the following types with your repository: org.springframework.data.mongodb.repository.ReactiveMongoRepository
2025-05-15T13:10:19.575-04:00  INFO 27872 --- [spring-openai] [           main] .RepositoryConfigurationExtensionSupport : Spring Data Reactive MongoDB - Could not safely identify store assignment for repository candidate interface com.jvidia.reactcloan.repo.ProductRepository; If you want this repository to be a Reactive MongoDB repository, consider annotating your entities with one of these annotations: org.springframework.data.mongodb.core.mapping.Document (preferred), or consider extending one of the following types with your repository: org.springframework.data.mongodb.repository.ReactiveMongoRepository
2025-05-15T13:10:19.576-04:00  INFO 27872 --- [spring-openai] [           main] .RepositoryConfigurationExtensionSupport : Spring Data Reactive MongoDB - Could not safely identify store assignment for repository candidate interface com.jvidia.reactcloan.repo.ProductWebFluxRepository; If you want this repository to be a Reactive MongoDB repository, consider annotating your entities with one of these annotations: org.springframework.data.mongodb.core.mapping.Document (preferred), or consider extending one of the following types with your repository: org.springframework.data.mongodb.repository.ReactiveMongoRepository
2025-05-15T13:10:19.576-04:00  INFO 27872 --- [spring-openai] [           main] .RepositoryConfigurationExtensionSupport : Spring Data Reactive MongoDB - Could not safely identify store assignment for repository candidate interface com.jvidia.reactcloan.repo.UserReactiveRepository; If you want this repository to be a Reactive MongoDB repository, consider annotating your entities with one of these annotations: org.springframework.data.mongodb.core.mapping.Document (preferred), or consider extending one of the following types with your repository: org.springframework.data.mongodb.repository.ReactiveMongoRepository
2025-05-15T13:10:19.576-04:00  INFO 27872 --- [spring-openai] [           main] .RepositoryConfigurationExtensionSupport : Spring Data Reactive MongoDB - Could not safely identify store assignment for repository candidate interface com.jvidia.reactcloan.repo.UserRepository; If you want this repository to be a Reactive MongoDB repository, consider annotating your entities with one of these annotations: org.springframework.data.mongodb.core.mapping.Document (preferred), or consider extending one of the following types with your repository: org.springframework.data.mongodb.repository.ReactiveMongoRepository
2025-05-15T13:10:19.576-04:00  INFO 27872 --- [spring-openai] [           main] .s.d.r.c.RepositoryConfigurationDelegate : Finished Spring Data repository scanning in 5 ms. Found 0 Reactive MongoDB repository interfaces.
2025-05-15T13:10:19.593-04:00  INFO 27872 --- [spring-openai] [           main] .s.d.r.c.RepositoryConfigurationDelegate : Multiple Spring Data modules found, entering strict repository configuration mode
2025-05-15T13:10:19.594-04:00  INFO 27872 --- [spring-openai] [           main] .s.d.r.c.RepositoryConfigurationDelegate : Bootstrapping Spring Data R2DBC repositories in DEFAULT mode.
2025-05-15T13:10:19.602-04:00  INFO 27872 --- [spring-openai] [           main] .RepositoryConfigurationExtensionSupport : Spring Data R2DBC - Could not safely identify store assignment for repository candidate interface com.jvidia.reactcloan.repo.ClientRepository; If you want this repository to be a R2DBC repository, consider annotating your entities with one of these annotations: org.springframework.data.relational.core.mapping.Table (preferred), or consider extending one of the following types with your repository: org.springframework.data.r2dbc.repository.R2dbcRepository
2025-05-15T13:10:19.602-04:00  INFO 27872 --- [spring-openai] [           main] .RepositoryConfigurationExtensionSupport : Spring Data R2DBC - Could not safely identify store assignment for repository candidate interface com.jvidia.reactcloan.repo.ProductRepository; If you want this repository to be a R2DBC repository, consider annotating your entities with one of these annotations: org.springframework.data.relational.core.mapping.Table (preferred), or consider extending one of the following types with your repository: org.springframework.data.r2dbc.repository.R2dbcRepository
2025-05-15T13:10:19.603-04:00  INFO 27872 --- [spring-openai] [           main] .RepositoryConfigurationExtensionSupport : Spring Data R2DBC - Could not safely identify store assignment for repository candidate interface com.jvidia.reactcloan.repo.ProductWebFluxRepository; If you want this repository to be a R2DBC repository, consider annotating your entities with one of these annotations: org.springframework.data.relational.core.mapping.Table (preferred), or consider extending one of the following types with your repository: org.springframework.data.r2dbc.repository.R2dbcRepository
2025-05-15T13:10:19.603-04:00  INFO 27872 --- [spring-openai] [           main] .RepositoryConfigurationExtensionSupport : Spring Data R2DBC - Could not safely identify store assignment for repository candidate interface com.jvidia.reactcloan.repo.UserReactiveRepository; If you want this repository to be a R2DBC repository, consider annotating your entities with one of these annotations: org.springframework.data.relational.core.mapping.Table (preferred), or consider extending one of the following types with your repository: org.springframework.data.r2dbc.repository.R2dbcRepository
2025-05-15T13:10:19.603-04:00  INFO 27872 --- [spring-openai] [           main] .RepositoryConfigurationExtensionSupport : Spring Data R2DBC - Could not safely identify store assignment for repository candidate interface com.jvidia.reactcloan.repo.UserRepository; If you want this repository to be a R2DBC repository, consider annotating your entities with one of these annotations: org.springframework.data.relational.core.mapping.Table (preferred), or consider extending one of the following types with your repository: org.springframework.data.r2dbc.repository.R2dbcRepository
2025-05-15T13:10:19.604-04:00  INFO 27872 --- [spring-openai] [           main] .s.d.r.c.RepositoryConfigurationDelegate : Finished Spring Data repository scanning in 7 ms. Found 0 R2DBC repository interfaces.
2025-05-15T13:10:20.301-04:00  INFO 27872 --- [spring-openai] [           main] o.s.j.d.e.EmbeddedDatabaseFactory        : Starting embedded database: url='jdbc:h2:mem:testdb;DB_CLOSE_DELAY=-1;DB_CLOSE_ON_EXIT=false', username='sa'
MapToJsonConverter instantiated!
2025-05-15T13:10:20.518-04:00 DEBUG 27872 --- [spring-openai] [           main] j.LocalContainerEntityManagerFactoryBean : Building JPA container EntityManagerFactory for persistence unit 'default'
2025-05-15T13:10:20.556-04:00 DEBUG 27872 --- [spring-openai] [           main] o.hibernate.jpa.internal.util.LogHelper  : PersistenceUnitInfo [
	name: default
	persistence provider classname: null
	classloader: jdk.internal.loader.ClassLoaders$AppClassLoader@70dea4e
	excludeUnlistedClasses: true
	JTA datasource: null
	Non JTA datasource: org.springframework.jdbc.datasource.embedded.EmbeddedDatabaseFactory$EmbeddedDataSourceProxy@4bff28e7
	Transaction type: RESOURCE_LOCAL
	PU root URL: file:/E:/sisllccarlo/jinvidia-saas-reactcarlo/target/test-classes/
	Shared Cache Mode: UNSPECIFIED
	Validation Mode: AUTO
	Jar files URLs []
	Managed classes names [
		com.jvidia.reactcloan.entity.Account
		com.jvidia.reactcloan.entity.Client
		com.jvidia.reactcloan.entity.Product
		com.jvidia.reactcloan.entity.Role
		com.jvidia.reactcloan.entity.User
		com.jvidia.reactcloan.entity.UserAccount]
	Mapping files names []
	Properties []
2025-05-15T13:10:20.573-04:00 DEBUG 27872 --- [spring-openai] [           main] o.h.i.internal.IntegratorServiceImpl     : Adding Integrator [org.hibernate.cfg.beanvalidation.BeanValidationIntegrator].
2025-05-15T13:10:20.575-04:00 DEBUG 27872 --- [spring-openai] [           main] o.h.i.internal.IntegratorServiceImpl     : Adding Integrator [org.hibernate.secure.spi.JaccIntegrator].
2025-05-15T13:10:20.576-04:00 DEBUG 27872 --- [spring-openai] [           main] o.h.i.internal.IntegratorServiceImpl     : Adding Integrator [org.hibernate.cache.internal.CollectionCacheInvalidator].
2025-05-15T13:10:20.642-04:00  INFO 27872 --- [spring-openai] [           main] org.hibernate.Version                    : HHH000412: Hibernate ORM core version 5.6.15.Final
2025-05-15T13:10:20.643-04:00 DEBUG 27872 --- [spring-openai] [           main] org.hibernate.cfg.Environment            : HHH000206: hibernate.properties not found
2025-05-15T13:10:20.784-04:00 DEBUG 27872 --- [spring-openai] [           main] o.hibernate.service.spi.ServiceBinding   : Overriding existing service binding [org.hibernate.secure.spi.JaccService]
2025-05-15T13:10:20.795-04:00 DEBUG 27872 --- [spring-openai] [           main] o.h.c.internal.RegionFactoryInitiator    : Cannot default RegionFactory based on registered strategies as `[class org.hibernate.cache.ehcache.internal.EhcacheRegionFactory, class org.hibernate.cache.ehcache.internal.SingletonEhcacheRegionFactory]` RegionFactory strategies were registered
2025-05-15T13:10:20.797-04:00 DEBUG 27872 --- [spring-openai] [           main] o.h.c.internal.RegionFactoryInitiator    : Cache region factory : org.hibernate.cache.internal.NoCachingRegionFactory
2025-05-15T13:10:20.806-04:00  INFO 27872 --- [spring-openai] [           main] o.hibernate.annotations.common.Version   : HCANN000001: Hibernate Commons Annotations {5.1.2.Final}
2025-05-15T13:10:20.860-04:00 DEBUG 27872 --- [spring-openai] [           main] org.hibernate.type.BasicTypeRegistry     : Adding type registration boolean -> org.hibernate.type.BooleanType@53c40ed6
2025-05-15T13:10:20.861-04:00 DEBUG 27872 --- [spring-openai] [           main] org.hibernate.type.BasicTypeRegistry     : Adding type registration boolean -> org.hibernate.type.BooleanType@53c40ed6
2025-05-15T13:10:20.861-04:00 DEBUG 27872 --- [spring-openai] [           main] org.hibernate.type.BasicTypeRegistry     : Adding type registration java.lang.Boolean -> org.hibernate.type.BooleanType@53c40ed6
2025-05-15T13:10:20.861-04:00 DEBUG 27872 --- [spring-openai] [           main] org.hibernate.type.BasicTypeRegistry     : Adding type registration numeric_boolean -> org.hibernate.type.NumericBooleanType@6949cead
2025-05-15T13:10:20.862-04:00 DEBUG 27872 --- [spring-openai] [           main] org.hibernate.type.BasicTypeRegistry     : Adding type registration true_false -> org.hibernate.type.TrueFalseType@25e353dc
2025-05-15T13:10:20.864-04:00 DEBUG 27872 --- [spring-openai] [           main] org.hibernate.type.BasicTypeRegistry     : Adding type registration yes_no -> org.hibernate.type.YesNoType@3387ab0
2025-05-15T13:10:20.865-04:00 DEBUG 27872 --- [spring-openai] [           main] org.hibernate.type.BasicTypeRegistry     : Adding type registration byte -> org.hibernate.type.ByteType@217fd3c
2025-05-15T13:10:20.865-04:00 DEBUG 27872 --- [spring-openai] [           main] org.hibernate.type.BasicTypeRegistry     : Adding type registration byte -> org.hibernate.type.ByteType@217fd3c
2025-05-15T13:10:20.865-04:00 DEBUG 27872 --- [spring-openai] [           main] org.hibernate.type.BasicTypeRegistry     : Adding type registration java.lang.Byte -> org.hibernate.type.ByteType@217fd3c
2025-05-15T13:10:20.866-04:00 DEBUG 27872 --- [spring-openai] [           main] org.hibernate.type.BasicTypeRegistry     : Adding type registration character -> org.hibernate.type.CharacterType@53ddabc6
2025-05-15T13:10:20.866-04:00 DEBUG 27872 --- [spring-openai] [           main] org.hibernate.type.BasicTypeRegistry     : Adding type registration char -> org.hibernate.type.CharacterType@53ddabc6
2025-05-15T13:10:20.867-04:00 DEBUG 27872 --- [spring-openai] [           main] org.hibernate.type.BasicTypeRegistry     : Adding type registration java.lang.Character -> org.hibernate.type.CharacterType@53ddabc6
2025-05-15T13:10:20.868-04:00 DEBUG 27872 --- [spring-openai] [           main] org.hibernate.type.BasicTypeRegistry     : Adding type registration short -> org.hibernate.type.ShortType@146db8a6
2025-05-15T13:10:20.868-04:00 DEBUG 27872 --- [spring-openai] [           main] org.hibernate.type.BasicTypeRegistry     : Adding type registration short -> org.hibernate.type.ShortType@146db8a6
2025-05-15T13:10:20.868-04:00 DEBUG 27872 --- [spring-openai] [           main] org.hibernate.type.BasicTypeRegistry     : Adding type registration java.lang.Short -> org.hibernate.type.ShortType@146db8a6
2025-05-15T13:10:20.869-04:00 DEBUG 27872 --- [spring-openai] [           main] org.hibernate.type.BasicTypeRegistry     : Adding type registration integer -> org.hibernate.type.IntegerType@50ef2906
2025-05-15T13:10:20.869-04:00 DEBUG 27872 --- [spring-openai] [           main] org.hibernate.type.BasicTypeRegistry     : Adding type registration int -> org.hibernate.type.IntegerType@50ef2906
2025-05-15T13:10:20.869-04:00 DEBUG 27872 --- [spring-openai] [           main] org.hibernate.type.BasicTypeRegistry     : Adding type registration java.lang.Integer -> org.hibernate.type.IntegerType@50ef2906
2025-05-15T13:10:20.870-04:00 DEBUG 27872 --- [spring-openai] [           main] org.hibernate.type.BasicTypeRegistry     : Adding type registration long -> org.hibernate.type.LongType@1a7a21d0
2025-05-15T13:10:20.871-04:00 DEBUG 27872 --- [spring-openai] [           main] org.hibernate.type.BasicTypeRegistry     : Adding type registration long -> org.hibernate.type.LongType@1a7a21d0
2025-05-15T13:10:20.871-04:00 DEBUG 27872 --- [spring-openai] [           main] org.hibernate.type.BasicTypeRegistry     : Adding type registration java.lang.Long -> org.hibernate.type.LongType@1a7a21d0
2025-05-15T13:10:20.871-04:00 DEBUG 27872 --- [spring-openai] [           main] org.hibernate.type.BasicTypeRegistry     : Adding type registration float -> org.hibernate.type.FloatType@4d770bcd
2025-05-15T13:10:20.872-04:00 DEBUG 27872 --- [spring-openai] [           main] org.hibernate.type.BasicTypeRegistry     : Adding type registration float -> org.hibernate.type.FloatType@4d770bcd
2025-05-15T13:10:20.872-04:00 DEBUG 27872 --- [spring-openai] [           main] org.hibernate.type.BasicTypeRegistry     : Adding type registration java.lang.Float -> org.hibernate.type.FloatType@4d770bcd
2025-05-15T13:10:20.872-04:00 DEBUG 27872 --- [spring-openai] [           main] org.hibernate.type.BasicTypeRegistry     : Adding type registration double -> org.hibernate.type.DoubleType@4dd752e8
2025-05-15T13:10:20.872-04:00 DEBUG 27872 --- [spring-openai] [           main] org.hibernate.type.BasicTypeRegistry     : Adding type registration double -> org.hibernate.type.DoubleType@4dd752e8
2025-05-15T13:10:20.873-04:00 DEBUG 27872 --- [spring-openai] [           main] org.hibernate.type.BasicTypeRegistry     : Adding type registration java.lang.Double -> org.hibernate.type.DoubleType@4dd752e8
2025-05-15T13:10:20.875-04:00 DEBUG 27872 --- [spring-openai] [           main] org.hibernate.type.BasicTypeRegistry     : Adding type registration big_decimal -> org.hibernate.type.BigDecimalType@288b73c1
2025-05-15T13:10:20.875-04:00 DEBUG 27872 --- [spring-openai] [           main] org.hibernate.type.BasicTypeRegistry     : Adding type registration java.math.BigDecimal -> org.hibernate.type.BigDecimalType@288b73c1
2025-05-15T13:10:20.876-04:00 DEBUG 27872 --- [spring-openai] [           main] org.hibernate.type.BasicTypeRegistry     : Adding type registration big_integer -> org.hibernate.type.BigIntegerType@174cb0d8
2025-05-15T13:10:20.876-04:00 DEBUG 27872 --- [spring-openai] [           main] org.hibernate.type.BasicTypeRegistry     : Adding type registration java.math.BigInteger -> org.hibernate.type.BigIntegerType@174cb0d8
2025-05-15T13:10:20.877-04:00 DEBUG 27872 --- [spring-openai] [           main] org.hibernate.type.BasicTypeRegistry     : Adding type registration string -> org.hibernate.type.StringType@2f39b534
2025-05-15T13:10:20.877-04:00 DEBUG 27872 --- [spring-openai] [           main] org.hibernate.type.BasicTypeRegistry     : Adding type registration java.lang.String -> org.hibernate.type.StringType@2f39b534
2025-05-15T13:10:20.878-04:00 DEBUG 27872 --- [spring-openai] [           main] org.hibernate.type.BasicTypeRegistry     : Adding type registration nstring -> org.hibernate.type.StringNVarcharType@3de383f7
2025-05-15T13:10:20.878-04:00 DEBUG 27872 --- [spring-openai] [           main] org.hibernate.type.BasicTypeRegistry     : Adding type registration ncharacter -> org.hibernate.type.CharacterNCharType@341964d0
2025-05-15T13:10:20.879-04:00 DEBUG 27872 --- [spring-openai] [           main] org.hibernate.type.BasicTypeRegistry     : Adding type registration url -> org.hibernate.type.UrlType@35c00c
2025-05-15T13:10:20.879-04:00 DEBUG 27872 --- [spring-openai] [           main] org.hibernate.type.BasicTypeRegistry     : Adding type registration java.net.URL -> org.hibernate.type.UrlType@35c00c
2025-05-15T13:10:20.880-04:00 DEBUG 27872 --- [spring-openai] [           main] org.hibernate.type.BasicTypeRegistry     : Adding type registration Duration -> org.hibernate.type.DurationType@70e5737f
2025-05-15T13:10:20.880-04:00 DEBUG 27872 --- [spring-openai] [           main] org.hibernate.type.BasicTypeRegistry     : Adding type registration java.time.Duration -> org.hibernate.type.DurationType@70e5737f
2025-05-15T13:10:20.881-04:00 DEBUG 27872 --- [spring-openai] [           main] org.hibernate.type.BasicTypeRegistry     : Adding type registration Instant -> org.hibernate.type.InstantType@61c58320
2025-05-15T13:10:20.881-04:00 DEBUG 27872 --- [spring-openai] [           main] org.hibernate.type.BasicTypeRegistry     : Adding type registration java.time.Instant -> org.hibernate.type.InstantType@61c58320
2025-05-15T13:10:20.882-04:00 DEBUG 27872 --- [spring-openai] [           main] org.hibernate.type.BasicTypeRegistry     : Adding type registration LocalDateTime -> org.hibernate.type.LocalDateTimeType@1eb7ec59
2025-05-15T13:10:20.882-04:00 DEBUG 27872 --- [spring-openai] [           main] org.hibernate.type.BasicTypeRegistry     : Adding type registration java.time.LocalDateTime -> org.hibernate.type.LocalDateTimeType@1eb7ec59
2025-05-15T13:10:20.883-04:00 DEBUG 27872 --- [spring-openai] [           main] org.hibernate.type.BasicTypeRegistry     : Adding type registration LocalDate -> org.hibernate.type.LocalDateType@215c6ec0
2025-05-15T13:10:20.883-04:00 DEBUG 27872 --- [spring-openai] [           main] org.hibernate.type.BasicTypeRegistry     : Adding type registration java.time.LocalDate -> org.hibernate.type.LocalDateType@215c6ec0
2025-05-15T13:10:20.884-04:00 DEBUG 27872 --- [spring-openai] [           main] org.hibernate.type.BasicTypeRegistry     : Adding type registration LocalTime -> org.hibernate.type.LocalTimeType@5751e53e
2025-05-15T13:10:20.884-04:00 DEBUG 27872 --- [spring-openai] [           main] org.hibernate.type.BasicTypeRegistry     : Adding type registration java.time.LocalTime -> org.hibernate.type.LocalTimeType@5751e53e
2025-05-15T13:10:20.885-04:00 DEBUG 27872 --- [spring-openai] [           main] org.hibernate.type.BasicTypeRegistry     : Adding type registration OffsetDateTime -> org.hibernate.type.OffsetDateTimeType@73e93c3a
2025-05-15T13:10:20.885-04:00 DEBUG 27872 --- [spring-openai] [           main] org.hibernate.type.BasicTypeRegistry     : Adding type registration java.time.OffsetDateTime -> org.hibernate.type.OffsetDateTimeType@73e93c3a
2025-05-15T13:10:20.886-04:00 DEBUG 27872 --- [spring-openai] [           main] org.hibernate.type.BasicTypeRegistry     : Adding type registration OffsetTime -> org.hibernate.type.OffsetTimeType@5b2c7186
2025-05-15T13:10:20.886-04:00 DEBUG 27872 --- [spring-openai] [           main] org.hibernate.type.BasicTypeRegistry     : Adding type registration java.time.OffsetTime -> org.hibernate.type.OffsetTimeType@5b2c7186
2025-05-15T13:10:20.887-04:00 DEBUG 27872 --- [spring-openai] [           main] org.hibernate.type.BasicTypeRegistry     : Adding type registration ZonedDateTime -> org.hibernate.type.ZonedDateTimeType@7ae0a26
2025-05-15T13:10:20.887-04:00 DEBUG 27872 --- [spring-openai] [           main] org.hibernate.type.BasicTypeRegistry     : Adding type registration java.time.ZonedDateTime -> org.hibernate.type.ZonedDateTimeType@7ae0a26
2025-05-15T13:10:20.888-04:00 DEBUG 27872 --- [spring-openai] [           main] org.hibernate.type.BasicTypeRegistry     : Adding type registration date -> org.hibernate.type.DateType@75063bd0
2025-05-15T13:10:20.888-04:00 DEBUG 27872 --- [spring-openai] [           main] org.hibernate.type.BasicTypeRegistry     : Adding type registration java.sql.Date -> org.hibernate.type.DateType@75063bd0
2025-05-15T13:10:20.889-04:00 DEBUG 27872 --- [spring-openai] [           main] org.hibernate.type.BasicTypeRegistry     : Adding type registration time -> org.hibernate.type.TimeType@64fc6470
2025-05-15T13:10:20.889-04:00 DEBUG 27872 --- [spring-openai] [           main] org.hibernate.type.BasicTypeRegistry     : Adding type registration java.sql.Time -> org.hibernate.type.TimeType@64fc6470
2025-05-15T13:10:20.890-04:00 DEBUG 27872 --- [spring-openai] [           main] org.hibernate.type.BasicTypeRegistry     : Adding type registration timestamp -> org.hibernate.type.TimestampType@75c15f76
2025-05-15T13:10:20.890-04:00 DEBUG 27872 --- [spring-openai] [           main] org.hibernate.type.BasicTypeRegistry     : Adding type registration java.sql.Timestamp -> org.hibernate.type.TimestampType@75c15f76
2025-05-15T13:10:20.890-04:00 DEBUG 27872 --- [spring-openai] [           main] org.hibernate.type.BasicTypeRegistry     : Adding type registration java.util.Date -> org.hibernate.type.TimestampType@75c15f76
2025-05-15T13:10:20.891-04:00 DEBUG 27872 --- [spring-openai] [           main] org.hibernate.type.BasicTypeRegistry     : Adding type registration dbtimestamp -> org.hibernate.type.DbTimestampType@1b10f60e
2025-05-15T13:10:20.891-04:00 DEBUG 27872 --- [spring-openai] [           main] org.hibernate.type.BasicTypeRegistry     : Adding type registration calendar -> org.hibernate.type.CalendarType@186d6033
2025-05-15T13:10:20.891-04:00 DEBUG 27872 --- [spring-openai] [           main] org.hibernate.type.BasicTypeRegistry     : Adding type registration java.util.Calendar -> org.hibernate.type.CalendarType@186d6033
2025-05-15T13:10:20.892-04:00 DEBUG 27872 --- [spring-openai] [           main] org.hibernate.type.BasicTypeRegistry     : Adding type registration java.util.GregorianCalendar -> org.hibernate.type.CalendarType@186d6033
2025-05-15T13:10:20.892-04:00 DEBUG 27872 --- [spring-openai] [           main] org.hibernate.type.BasicTypeRegistry     : Adding type registration calendar_date -> org.hibernate.type.CalendarDateType@2337bf27
2025-05-15T13:10:20.893-04:00 DEBUG 27872 --- [spring-openai] [           main] org.hibernate.type.BasicTypeRegistry     : Adding type registration calendar_time -> org.hibernate.type.CalendarTimeType@744fb110
2025-05-15T13:10:20.894-04:00 DEBUG 27872 --- [spring-openai] [           main] org.hibernate.type.BasicTypeRegistry     : Adding type registration locale -> org.hibernate.type.LocaleType@81dfdee
2025-05-15T13:10:20.894-04:00 DEBUG 27872 --- [spring-openai] [           main] org.hibernate.type.BasicTypeRegistry     : Adding type registration java.util.Locale -> org.hibernate.type.LocaleType@81dfdee
2025-05-15T13:10:20.895-04:00 DEBUG 27872 --- [spring-openai] [           main] org.hibernate.type.BasicTypeRegistry     : Adding type registration currency -> org.hibernate.type.CurrencyType@3a239dac
2025-05-15T13:10:20.895-04:00 DEBUG 27872 --- [spring-openai] [           main] org.hibernate.type.BasicTypeRegistry     : Adding type registration java.util.Currency -> org.hibernate.type.CurrencyType@3a239dac
2025-05-15T13:10:20.896-04:00 DEBUG 27872 --- [spring-openai] [           main] org.hibernate.type.BasicTypeRegistry     : Adding type registration timezone -> org.hibernate.type.TimeZoneType@5e278e25
2025-05-15T13:10:20.896-04:00 DEBUG 27872 --- [spring-openai] [           main] org.hibernate.type.BasicTypeRegistry     : Adding type registration java.util.TimeZone -> org.hibernate.type.TimeZoneType@5e278e25
2025-05-15T13:10:20.897-04:00 DEBUG 27872 --- [spring-openai] [           main] org.hibernate.type.BasicTypeRegistry     : Adding type registration class -> org.hibernate.type.ClassType@5f4df55e
2025-05-15T13:10:20.897-04:00 DEBUG 27872 --- [spring-openai] [           main] org.hibernate.type.BasicTypeRegistry     : Adding type registration java.lang.Class -> org.hibernate.type.ClassType@5f4df55e
2025-05-15T13:10:20.898-04:00 DEBUG 27872 --- [spring-openai] [           main] org.hibernate.type.BasicTypeRegistry     : Adding type registration uuid-binary -> org.hibernate.type.UUIDBinaryType@3e5c7588
2025-05-15T13:10:20.899-04:00 DEBUG 27872 --- [spring-openai] [           main] org.hibernate.type.BasicTypeRegistry     : Adding type registration java.util.UUID -> org.hibernate.type.UUIDBinaryType@3e5c7588
2025-05-15T13:10:20.899-04:00 DEBUG 27872 --- [spring-openai] [           main] org.hibernate.type.BasicTypeRegistry     : Adding type registration uuid-char -> org.hibernate.type.UUIDCharType@17dbca0a
2025-05-15T13:10:20.900-04:00 DEBUG 27872 --- [spring-openai] [           main] org.hibernate.type.BasicTypeRegistry     : Adding type registration binary -> org.hibernate.type.BinaryType@54d2f5d3
2025-05-15T13:10:20.900-04:00 DEBUG 27872 --- [spring-openai] [           main] org.hibernate.type.BasicTypeRegistry     : Adding type registration byte[] -> org.hibernate.type.BinaryType@54d2f5d3
2025-05-15T13:10:20.900-04:00 DEBUG 27872 --- [spring-openai] [           main] org.hibernate.type.BasicTypeRegistry     : Adding type registration [B -> org.hibernate.type.BinaryType@54d2f5d3
2025-05-15T13:10:20.901-04:00 DEBUG 27872 --- [spring-openai] [           main] org.hibernate.type.BasicTypeRegistry     : Adding type registration wrapper-binary -> org.hibernate.type.WrapperBinaryType@2d3eb1ea
2025-05-15T13:10:20.901-04:00 DEBUG 27872 --- [spring-openai] [           main] org.hibernate.type.BasicTypeRegistry     : Adding type registration Byte[] -> org.hibernate.type.WrapperBinaryType@2d3eb1ea
2025-05-15T13:10:20.901-04:00 DEBUG 27872 --- [spring-openai] [           main] org.hibernate.type.BasicTypeRegistry     : Adding type registration [Ljava.lang.Byte; -> org.hibernate.type.WrapperBinaryType@2d3eb1ea
2025-05-15T13:10:20.902-04:00 DEBUG 27872 --- [spring-openai] [           main] org.hibernate.type.BasicTypeRegistry     : Adding type registration row_version -> org.hibernate.type.RowVersionType@c335b9
2025-05-15T13:10:20.902-04:00 DEBUG 27872 --- [spring-openai] [           main] org.hibernate.type.BasicTypeRegistry     : Adding type registration image -> org.hibernate.type.ImageType@7112fa5
2025-05-15T13:10:20.903-04:00 DEBUG 27872 --- [spring-openai] [           main] org.hibernate.type.BasicTypeRegistry     : Adding type registration characters -> org.hibernate.type.CharArrayType@75f2ff80
2025-05-15T13:10:20.903-04:00 DEBUG 27872 --- [spring-openai] [           main] org.hibernate.type.BasicTypeRegistry     : Adding type registration char[] -> org.hibernate.type.CharArrayType@75f2ff80
2025-05-15T13:10:20.903-04:00 DEBUG 27872 --- [spring-openai] [           main] org.hibernate.type.BasicTypeRegistry     : Adding type registration [C -> org.hibernate.type.CharArrayType@75f2ff80
2025-05-15T13:10:20.903-04:00 DEBUG 27872 --- [spring-openai] [           main] org.hibernate.type.BasicTypeRegistry     : Adding type registration wrapper-characters -> org.hibernate.type.CharacterArrayType@1c4aa701
2025-05-15T13:10:20.904-04:00 DEBUG 27872 --- [spring-openai] [           main] org.hibernate.type.BasicTypeRegistry     : Adding type registration [Ljava.lang.Character; -> org.hibernate.type.CharacterArrayType@1c4aa701
2025-05-15T13:10:20.904-04:00 DEBUG 27872 --- [spring-openai] [           main] org.hibernate.type.BasicTypeRegistry     : Adding type registration Character[] -> org.hibernate.type.CharacterArrayType@1c4aa701
2025-05-15T13:10:20.904-04:00 DEBUG 27872 --- [spring-openai] [           main] org.hibernate.type.BasicTypeRegistry     : Adding type registration text -> org.hibernate.type.TextType@44de3b46
2025-05-15T13:10:20.904-04:00 DEBUG 27872 --- [spring-openai] [           main] org.hibernate.type.BasicTypeRegistry     : Adding type registration ntext -> org.hibernate.type.NTextType@25435731
2025-05-15T13:10:20.905-04:00 DEBUG 27872 --- [spring-openai] [           main] org.hibernate.type.BasicTypeRegistry     : Adding type registration blob -> org.hibernate.type.BlobType@49f1184e
2025-05-15T13:10:20.905-04:00 DEBUG 27872 --- [spring-openai] [           main] org.hibernate.type.BasicTypeRegistry     : Adding type registration java.sql.Blob -> org.hibernate.type.BlobType@49f1184e
2025-05-15T13:10:20.906-04:00 DEBUG 27872 --- [spring-openai] [           main] org.hibernate.type.BasicTypeRegistry     : Adding type registration materialized_blob -> org.hibernate.type.MaterializedBlobType@17e2835c
2025-05-15T13:10:20.907-04:00 DEBUG 27872 --- [spring-openai] [           main] org.hibernate.type.BasicTypeRegistry     : Adding type registration clob -> org.hibernate.type.ClobType@20c283b4
2025-05-15T13:10:20.907-04:00 DEBUG 27872 --- [spring-openai] [           main] org.hibernate.type.BasicTypeRegistry     : Adding type registration java.sql.Clob -> org.hibernate.type.ClobType@20c283b4
2025-05-15T13:10:20.908-04:00 DEBUG 27872 --- [spring-openai] [           main] org.hibernate.type.BasicTypeRegistry     : Adding type registration nclob -> org.hibernate.type.NClobType@337cb81d
2025-05-15T13:10:20.908-04:00 DEBUG 27872 --- [spring-openai] [           main] org.hibernate.type.BasicTypeRegistry     : Adding type registration java.sql.NClob -> org.hibernate.type.NClobType@337cb81d
2025-05-15T13:10:20.908-04:00 DEBUG 27872 --- [spring-openai] [           main] org.hibernate.type.BasicTypeRegistry     : Adding type registration materialized_clob -> org.hibernate.type.MaterializedClobType@18f13756
2025-05-15T13:10:20.908-04:00 DEBUG 27872 --- [spring-openai] [           main] org.hibernate.type.BasicTypeRegistry     : Adding type registration materialized_nclob -> org.hibernate.type.MaterializedNClobType@2b0494a8
2025-05-15T13:10:20.909-04:00 DEBUG 27872 --- [spring-openai] [           main] org.hibernate.type.BasicTypeRegistry     : Adding type registration serializable -> org.hibernate.type.SerializableType@414d2821
2025-05-15T13:10:20.911-04:00 DEBUG 27872 --- [spring-openai] [           main] org.hibernate.type.BasicTypeRegistry     : Adding type registration object -> org.hibernate.type.ObjectType@4b2acb12
2025-05-15T13:10:20.912-04:00 DEBUG 27872 --- [spring-openai] [           main] org.hibernate.type.BasicTypeRegistry     : Adding type registration java.lang.Object -> org.hibernate.type.ObjectType@4b2acb12
2025-05-15T13:10:20.913-04:00 DEBUG 27872 --- [spring-openai] [           main] org.hibernate.type.BasicTypeRegistry     : Adding type registration imm_date -> org.hibernate.type.AdaptedImmutableType@8afce3
2025-05-15T13:10:20.913-04:00 DEBUG 27872 --- [spring-openai] [           main] org.hibernate.type.BasicTypeRegistry     : Adding type registration imm_time -> org.hibernate.type.AdaptedImmutableType@4e02f17d
2025-05-15T13:10:20.913-04:00 DEBUG 27872 --- [spring-openai] [           main] org.hibernate.type.BasicTypeRegistry     : Adding type registration imm_timestamp -> org.hibernate.type.AdaptedImmutableType@675230cd
2025-05-15T13:10:20.913-04:00 DEBUG 27872 --- [spring-openai] [           main] org.hibernate.type.BasicTypeRegistry     : Adding type registration imm_dbtimestamp -> org.hibernate.type.AdaptedImmutableType@2a73a64f
2025-05-15T13:10:20.913-04:00 DEBUG 27872 --- [spring-openai] [           main] org.hibernate.type.BasicTypeRegistry     : Adding type registration imm_calendar -> org.hibernate.type.AdaptedImmutableType@7dc92a06
2025-05-15T13:10:20.913-04:00 DEBUG 27872 --- [spring-openai] [           main] org.hibernate.type.BasicTypeRegistry     : Adding type registration imm_calendar_date -> org.hibernate.type.AdaptedImmutableType@2419a5db
2025-05-15T13:10:20.914-04:00 DEBUG 27872 --- [spring-openai] [           main] org.hibernate.type.BasicTypeRegistry     : Adding type registration imm_binary -> org.hibernate.type.AdaptedImmutableType@52bb3dcd
2025-05-15T13:10:20.914-04:00 DEBUG 27872 --- [spring-openai] [           main] org.hibernate.type.BasicTypeRegistry     : Adding type registration imm_serializable -> org.hibernate.type.AdaptedImmutableType@654db80b
2025-05-15T13:10:20.922-04:00 DEBUG 27872 --- [spring-openai] [           main] o.h.boot.internal.BootstrapContextImpl   : Injecting JPA temp ClassLoader [org.springframework.instrument.classloading.SimpleThrowawayClassLoader@350e3fb4] into BootstrapContext; was [null]
2025-05-15T13:10:20.923-04:00 DEBUG 27872 --- [spring-openai] [           main] o.h.boot.internal.ClassLoaderAccessImpl  : ClassLoaderAccessImpl#injectTempClassLoader(org.springframework.instrument.classloading.SimpleThrowawayClassLoader@350e3fb4) [was null]
2025-05-15T13:10:20.923-04:00 DEBUG 27872 --- [spring-openai] [           main] o.h.boot.internal.BootstrapContextImpl   : Injecting ScanEnvironment [org.hibernate.jpa.boot.internal.StandardJpaScanEnvironmentImpl@17477bbb] into BootstrapContext; was [null]
2025-05-15T13:10:20.923-04:00 DEBUG 27872 --- [spring-openai] [           main] o.h.boot.internal.BootstrapContextImpl   : Injecting ScanOptions [org.hibernate.boot.archive.scan.internal.StandardScanOptions@40fee459] into BootstrapContext; was [org.hibernate.boot.archive.scan.internal.StandardScanOptions@bcd9ed6]
2025-05-15T13:10:20.962-04:00 DEBUG 27872 --- [spring-openai] [           main] o.h.boot.internal.BootstrapContextImpl   : Injecting JPA temp ClassLoader [null] into BootstrapContext; was [org.springframework.instrument.classloading.SimpleThrowawayClassLoader@350e3fb4]
2025-05-15T13:10:20.963-04:00 DEBUG 27872 --- [spring-openai] [           main] o.h.boot.internal.ClassLoaderAccessImpl  : ClassLoaderAccessImpl#injectTempClassLoader(null) [was org.springframework.instrument.classloading.SimpleThrowawayClassLoader@350e3fb4]
2025-05-15T13:10:20.971-04:00 DEBUG 27872 --- [spring-openai] [           main] .i.f.i.DefaultIdentifierGeneratorFactory : Registering IdentifierGenerator strategy [uuid2] -> [org.hibernate.id.UUIDGenerator]
2025-05-15T13:10:20.971-04:00 DEBUG 27872 --- [spring-openai] [           main] .i.f.i.DefaultIdentifierGeneratorFactory : Registering IdentifierGenerator strategy [guid] -> [org.hibernate.id.GUIDGenerator]
2025-05-15T13:10:20.972-04:00 DEBUG 27872 --- [spring-openai] [           main] .i.f.i.DefaultIdentifierGeneratorFactory : Registering IdentifierGenerator strategy [uuid] -> [org.hibernate.id.UUIDHexGenerator]
2025-05-15T13:10:20.972-04:00 DEBUG 27872 --- [spring-openai] [           main] .i.f.i.DefaultIdentifierGeneratorFactory : Registering IdentifierGenerator strategy [uuid.hex] -> [org.hibernate.id.UUIDHexGenerator]
2025-05-15T13:10:20.972-04:00 DEBUG 27872 --- [spring-openai] [           main] .i.f.i.DefaultIdentifierGeneratorFactory : Registering IdentifierGenerator strategy [assigned] -> [org.hibernate.id.Assigned]
2025-05-15T13:10:20.973-04:00 DEBUG 27872 --- [spring-openai] [           main] .i.f.i.DefaultIdentifierGeneratorFactory : Registering IdentifierGenerator strategy [identity] -> [org.hibernate.id.IdentityGenerator]
2025-05-15T13:10:20.973-04:00 DEBUG 27872 --- [spring-openai] [           main] .i.f.i.DefaultIdentifierGeneratorFactory : Registering IdentifierGenerator strategy [select] -> [org.hibernate.id.SelectGenerator]
2025-05-15T13:10:20.974-04:00 DEBUG 27872 --- [spring-openai] [           main] .i.f.i.DefaultIdentifierGeneratorFactory : Registering IdentifierGenerator strategy [sequence] -> [org.hibernate.id.enhanced.SequenceStyleGenerator]
2025-05-15T13:10:20.975-04:00 DEBUG 27872 --- [spring-openai] [           main] .i.f.i.DefaultIdentifierGeneratorFactory : Registering IdentifierGenerator strategy [seqhilo] -> [org.hibernate.id.SequenceHiLoGenerator]
2025-05-15T13:10:20.975-04:00 DEBUG 27872 --- [spring-openai] [           main] .i.f.i.DefaultIdentifierGeneratorFactory : Registering IdentifierGenerator strategy [increment] -> [org.hibernate.id.IncrementGenerator]
2025-05-15T13:10:20.975-04:00 DEBUG 27872 --- [spring-openai] [           main] .i.f.i.DefaultIdentifierGeneratorFactory : Registering IdentifierGenerator strategy [foreign] -> [org.hibernate.id.ForeignGenerator]
2025-05-15T13:10:20.976-04:00 DEBUG 27872 --- [spring-openai] [           main] .i.f.i.DefaultIdentifierGeneratorFactory : Registering IdentifierGenerator strategy [sequence-identity] -> [org.hibernate.id.SequenceIdentityGenerator]
2025-05-15T13:10:20.976-04:00 DEBUG 27872 --- [spring-openai] [           main] .i.f.i.DefaultIdentifierGeneratorFactory : Registering IdentifierGenerator strategy [enhanced-sequence] -> [org.hibernate.id.enhanced.SequenceStyleGenerator]
2025-05-15T13:10:20.977-04:00 DEBUG 27872 --- [spring-openai] [           main] .i.f.i.DefaultIdentifierGeneratorFactory : Registering IdentifierGenerator strategy [enhanced-table] -> [org.hibernate.id.enhanced.TableGenerator]
2025-05-15T13:10:20.985-04:00 DEBUG 27872 --- [spring-openai] [           main] o.h.e.j.e.i.JdbcEnvironmentInitiator     : Database ->
       name : H2
    version : 2.3.232 (2024-08-11)
      major : 2
      minor : 3
2025-05-15T13:10:20.985-04:00 DEBUG 27872 --- [spring-openai] [           main] o.h.e.j.e.i.JdbcEnvironmentInitiator     : Driver ->
       name : H2 JDBC Driver
    version : 2.3.232 (2024-08-11)
      major : 2
      minor : 3
2025-05-15T13:10:20.985-04:00 DEBUG 27872 --- [spring-openai] [           main] o.h.e.j.e.i.JdbcEnvironmentInitiator     : JDBC version : 4.3
2025-05-15T13:10:20.994-04:00  INFO 27872 --- [spring-openai] [           main] org.hibernate.dialect.Dialect            : HHH000400: Using dialect: org.hibernate.dialect.H2Dialect
2025-05-15T13:10:21.012-04:00 DEBUG 27872 --- [spring-openai] [           main] o.h.e.j.env.spi.IdentifierHelperBuilder  : JDBC driver metadata reported database stores quoted identifiers in neither upper, lower nor mixed case
2025-05-15T13:10:21.041-04:00  INFO 27872 --- [spring-openai] [           main] org.hibernate.orm.beans                  : HHH10005002: No explicit CDI BeanManager reference was passed to Hibernate, but CDI is available on the Hibernate ClassLoader.
2025-05-15T13:10:21.048-04:00 DEBUG 27872 --- [spring-openai] [           main] o.h.type.spi.TypeConfiguration$Scope     : Scoping TypeConfiguration [org.hibernate.type.spi.TypeConfiguration@52bc6fcf] to MetadataBuildingContext [org.hibernate.boot.internal.MetadataBuildingContextRootImpl@1942a36e]
2025-05-15T13:10:21.076-04:00 DEBUG 27872 --- [spring-openai] [           main] o.h.boot.model.relational.Namespace      : Created database namespace [logicalName=Name{catalog=null, schema=null}, physicalName=Name{catalog=null, schema=null}]
2025-05-15T13:10:21.086-04:00 DEBUG 27872 --- [spring-openai] [           main] org.hibernate.cfg.AnnotationBinder       : Binding entity from annotated class: com.jvidia.reactcloan.entity.Account
2025-05-15T13:10:21.100-04:00 DEBUG 27872 --- [spring-openai] [           main] org.hibernate.cfg.Ejb3Column             : Binding column: Ejb3DiscriminatorColumn{logicalColumnName'DTYPE', discriminatorTypeName='string'}
2025-05-15T13:10:21.104-04:00 DEBUG 27872 --- [spring-openai] [           main] o.h.cfg.annotations.EntityBinder         : Import with entity name Account
2025-05-15T13:10:21.107-04:00 DEBUG 27872 --- [spring-openai] [           main] o.h.cfg.annotations.EntityBinder         : Bind entity com.jvidia.reactcloan.entity.Account on table Account
2025-05-15T13:10:21.123-04:00 DEBUG 27872 --- [spring-openai] [           main] org.hibernate.cfg.Ejb3Column             : Binding column: Ejb3Column{table=org.hibernate.mapping.Table(Account), mappingColumn=id, insertable=true, updatable=true, unique=false}
2025-05-15T13:10:21.125-04:00 DEBUG 27872 --- [spring-openai] [           main] o.h.boot.internal.ClassLoaderAccessImpl  : Not known whether passed class name [com.jvidia.reactcloan.entity.Account] is safe
2025-05-15T13:10:21.125-04:00 DEBUG 27872 --- [spring-openai] [           main] o.h.boot.internal.ClassLoaderAccessImpl  : No temp ClassLoader provided; using live ClassLoader for loading potentially unsafe class : com.jvidia.reactcloan.entity.Account
2025-05-15T13:10:21.139-04:00 DEBUG 27872 --- [spring-openai] [           main] o.h.cfg.annotations.PropertyBinder       : MetadataSourceProcessor property id with lazy=false
2025-05-15T13:10:21.140-04:00 DEBUG 27872 --- [spring-openai] [           main] o.hibernate.cfg.AbstractPropertyHolder   : Attempting to locate auto-apply AttributeConverter for property [com.jvidia.reactcloan.entity.Account:id]
2025-05-15T13:10:21.142-04:00 DEBUG 27872 --- [spring-openai] [           main] o.h.cfg.annotations.SimpleValueBinder    : building SimpleValue for id
2025-05-15T13:10:21.143-04:00 DEBUG 27872 --- [spring-openai] [           main] o.h.cfg.annotations.PropertyBinder       : Building property id
2025-05-15T13:10:21.145-04:00 DEBUG 27872 --- [spring-openai] [           main] org.hibernate.cfg.BinderHelper           : #makeIdGenerator(org.hibernate.mapping.SimpleValue([org.hibernate.mapping.Column(id)]), id, identity, , ...)
2025-05-15T13:10:21.146-04:00 DEBUG 27872 --- [spring-openai] [           main] org.hibernate.cfg.Ejb3Column             : Binding column: Ejb3Column{table=org.hibernate.mapping.Table(Account), mappingColumn=accountType, insertable=true, updatable=true, unique=false}
2025-05-15T13:10:21.146-04:00 DEBUG 27872 --- [spring-openai] [           main] o.h.cfg.annotations.PropertyBinder       : MetadataSourceProcessor property accountType with lazy=false
2025-05-15T13:10:21.146-04:00 DEBUG 27872 --- [spring-openai] [           main] o.hibernate.cfg.AbstractPropertyHolder   : Attempting to locate auto-apply AttributeConverter for property [com.jvidia.reactcloan.entity.Account:accountType]
2025-05-15T13:10:21.146-04:00 DEBUG 27872 --- [spring-openai] [           main] o.h.cfg.annotations.SimpleValueBinder    : building SimpleValue for accountType
2025-05-15T13:10:21.146-04:00 DEBUG 27872 --- [spring-openai] [           main] o.h.cfg.annotations.PropertyBinder       : Building property accountType
2025-05-15T13:10:21.146-04:00 DEBUG 27872 --- [spring-openai] [           main] org.hibernate.cfg.Ejb3Column             : Binding column: Ejb3Column{table=org.hibernate.mapping.Table(Account), mappingColumn=balance, insertable=true, updatable=true, unique=false}
2025-05-15T13:10:21.146-04:00 DEBUG 27872 --- [spring-openai] [           main] o.h.cfg.annotations.PropertyBinder       : MetadataSourceProcessor property balance with lazy=false
2025-05-15T13:10:21.146-04:00 DEBUG 27872 --- [spring-openai] [           main] o.hibernate.cfg.AbstractPropertyHolder   : Attempting to locate auto-apply AttributeConverter for property [com.jvidia.reactcloan.entity.Account:balance]
2025-05-15T13:10:21.147-04:00 DEBUG 27872 --- [spring-openai] [           main] o.h.cfg.annotations.SimpleValueBinder    : building SimpleValue for balance
2025-05-15T13:10:21.147-04:00 DEBUG 27872 --- [spring-openai] [           main] o.h.cfg.annotations.PropertyBinder       : Building property balance
2025-05-15T13:10:21.151-04:00 DEBUG 27872 --- [spring-openai] [           main] org.hibernate.cfg.AnnotationBinder       : Binding entity from annotated class: com.jvidia.reactcloan.entity.Client
2025-05-15T13:10:21.151-04:00 DEBUG 27872 --- [spring-openai] [           main] org.hibernate.cfg.Ejb3Column             : Binding column: Ejb3DiscriminatorColumn{logicalColumnName'DTYPE', discriminatorTypeName='string'}
2025-05-15T13:10:21.151-04:00 DEBUG 27872 --- [spring-openai] [           main] o.h.cfg.annotations.EntityBinder         : Import with entity name Client
2025-05-15T13:10:21.151-04:00 DEBUG 27872 --- [spring-openai] [           main] o.h.cfg.annotations.EntityBinder         : Bind entity com.jvidia.reactcloan.entity.Client on table Client
2025-05-15T13:10:21.152-04:00 DEBUG 27872 --- [spring-openai] [           main] org.hibernate.cfg.Ejb3Column             : Binding column: Ejb3Column{table=org.hibernate.mapping.Table(Client), mappingColumn=id, insertable=true, updatable=true, unique=false}
2025-05-15T13:10:21.153-04:00 DEBUG 27872 --- [spring-openai] [           main] o.h.boot.internal.ClassLoaderAccessImpl  : Not known whether passed class name [com.jvidia.reactcloan.entity.Client] is safe
2025-05-15T13:10:21.153-04:00 DEBUG 27872 --- [spring-openai] [           main] o.h.boot.internal.ClassLoaderAccessImpl  : No temp ClassLoader provided; using live ClassLoader for loading potentially unsafe class : com.jvidia.reactcloan.entity.Client
2025-05-15T13:10:21.153-04:00 DEBUG 27872 --- [spring-openai] [           main] o.h.cfg.annotations.PropertyBinder       : MetadataSourceProcessor property id with lazy=false
2025-05-15T13:10:21.153-04:00 DEBUG 27872 --- [spring-openai] [           main] o.hibernate.cfg.AbstractPropertyHolder   : Attempting to locate auto-apply AttributeConverter for property [com.jvidia.reactcloan.entity.Client:id]
2025-05-15T13:10:21.153-04:00 DEBUG 27872 --- [spring-openai] [           main] o.h.cfg.annotations.SimpleValueBinder    : building SimpleValue for id
2025-05-15T13:10:21.153-04:00 DEBUG 27872 --- [spring-openai] [           main] o.h.cfg.annotations.PropertyBinder       : Building property id
2025-05-15T13:10:21.153-04:00 DEBUG 27872 --- [spring-openai] [           main] org.hibernate.cfg.BinderHelper           : #makeIdGenerator(org.hibernate.mapping.SimpleValue([org.hibernate.mapping.Column(id)]), id, identity, , ...)
2025-05-15T13:10:21.153-04:00 DEBUG 27872 --- [spring-openai] [           main] org.hibernate.cfg.Ejb3Column             : Binding column: Ejb3Column{table=org.hibernate.mapping.Table(Client), mappingColumn=email, insertable=true, updatable=true, unique=false}
2025-05-15T13:10:21.153-04:00 DEBUG 27872 --- [spring-openai] [           main] o.h.cfg.annotations.PropertyBinder       : MetadataSourceProcessor property email with lazy=false
2025-05-15T13:10:21.153-04:00 DEBUG 27872 --- [spring-openai] [           main] o.hibernate.cfg.AbstractPropertyHolder   : Attempting to locate auto-apply AttributeConverter for property [com.jvidia.reactcloan.entity.Client:email]
2025-05-15T13:10:21.154-04:00 DEBUG 27872 --- [spring-openai] [           main] o.h.cfg.annotations.SimpleValueBinder    : building SimpleValue for email
2025-05-15T13:10:21.154-04:00 DEBUG 27872 --- [spring-openai] [           main] o.h.cfg.annotations.PropertyBinder       : Building property email
2025-05-15T13:10:21.154-04:00 DEBUG 27872 --- [spring-openai] [           main] org.hibernate.cfg.Ejb3Column             : Binding column: Ejb3Column{table=org.hibernate.mapping.Table(Client), mappingColumn=name, insertable=true, updatable=true, unique=false}
2025-05-15T13:10:21.154-04:00 DEBUG 27872 --- [spring-openai] [           main] o.h.cfg.annotations.PropertyBinder       : MetadataSourceProcessor property name with lazy=false
2025-05-15T13:10:21.154-04:00 DEBUG 27872 --- [spring-openai] [           main] o.hibernate.cfg.AbstractPropertyHolder   : Attempting to locate auto-apply AttributeConverter for property [com.jvidia.reactcloan.entity.Client:name]
2025-05-15T13:10:21.154-04:00 DEBUG 27872 --- [spring-openai] [           main] o.h.cfg.annotations.SimpleValueBinder    : building SimpleValue for name
2025-05-15T13:10:21.154-04:00 DEBUG 27872 --- [spring-openai] [           main] o.h.cfg.annotations.PropertyBinder       : Building property name
2025-05-15T13:10:21.155-04:00 DEBUG 27872 --- [spring-openai] [           main] org.hibernate.cfg.AnnotationBinder       : Binding entity from annotated class: com.jvidia.reactcloan.entity.Product
2025-05-15T13:10:21.155-04:00 DEBUG 27872 --- [spring-openai] [           main] org.hibernate.cfg.Ejb3Column             : Binding column: Ejb3DiscriminatorColumn{logicalColumnName'DTYPE', discriminatorTypeName='string'}
2025-05-15T13:10:21.155-04:00 DEBUG 27872 --- [spring-openai] [           main] o.h.cfg.annotations.EntityBinder         : Import with entity name Product
2025-05-15T13:10:21.155-04:00 DEBUG 27872 --- [spring-openai] [           main] o.h.cfg.annotations.EntityBinder         : Bind entity com.jvidia.reactcloan.entity.Product on table Product
2025-05-15T13:10:21.157-04:00 DEBUG 27872 --- [spring-openai] [           main] org.hibernate.cfg.Ejb3Column             : Binding column: Ejb3Column{table=org.hibernate.mapping.Table(Product), mappingColumn=id, insertable=true, updatable=true, unique=false}
2025-05-15T13:10:21.157-04:00 DEBUG 27872 --- [spring-openai] [           main] o.h.boot.internal.ClassLoaderAccessImpl  : Not known whether passed class name [com.jvidia.reactcloan.entity.Product] is safe
2025-05-15T13:10:21.157-04:00 DEBUG 27872 --- [spring-openai] [           main] o.h.boot.internal.ClassLoaderAccessImpl  : No temp ClassLoader provided; using live ClassLoader for loading potentially unsafe class : com.jvidia.reactcloan.entity.Product
2025-05-15T13:10:21.157-04:00 DEBUG 27872 --- [spring-openai] [           main] o.h.cfg.annotations.PropertyBinder       : MetadataSourceProcessor property id with lazy=false
2025-05-15T13:10:21.157-04:00 DEBUG 27872 --- [spring-openai] [           main] o.hibernate.cfg.AbstractPropertyHolder   : Attempting to locate auto-apply AttributeConverter for property [com.jvidia.reactcloan.entity.Product:id]
2025-05-15T13:10:21.157-04:00 DEBUG 27872 --- [spring-openai] [           main] o.h.cfg.annotations.SimpleValueBinder    : building SimpleValue for id
2025-05-15T13:10:21.157-04:00 DEBUG 27872 --- [spring-openai] [           main] o.h.cfg.annotations.PropertyBinder       : Building property id
2025-05-15T13:10:21.157-04:00 DEBUG 27872 --- [spring-openai] [           main] org.hibernate.cfg.BinderHelper           : #makeIdGenerator(org.hibernate.mapping.SimpleValue([org.hibernate.mapping.Column(id)]), id, identity, , ...)
2025-05-15T13:10:21.157-04:00 DEBUG 27872 --- [spring-openai] [           main] org.hibernate.cfg.Ejb3Column             : Binding column: Ejb3Column{table=org.hibernate.mapping.Table(Product), mappingColumn=description, insertable=true, updatable=true, unique=false}
2025-05-15T13:10:21.158-04:00 DEBUG 27872 --- [spring-openai] [           main] o.h.cfg.annotations.PropertyBinder       : MetadataSourceProcessor property description with lazy=false
2025-05-15T13:10:21.158-04:00 DEBUG 27872 --- [spring-openai] [           main] o.hibernate.cfg.AbstractPropertyHolder   : Attempting to locate auto-apply AttributeConverter for property [com.jvidia.reactcloan.entity.Product:description]
2025-05-15T13:10:21.158-04:00 DEBUG 27872 --- [spring-openai] [           main] o.h.cfg.annotations.SimpleValueBinder    : building SimpleValue for description
2025-05-15T13:10:21.158-04:00 DEBUG 27872 --- [spring-openai] [           main] o.h.cfg.annotations.PropertyBinder       : Building property description
2025-05-15T13:10:21.158-04:00 DEBUG 27872 --- [spring-openai] [           main] org.hibernate.cfg.Ejb3Column             : Binding column: Ejb3Column{table=org.hibernate.mapping.Table(Product), mappingColumn=name, insertable=true, updatable=true, unique=false}
2025-05-15T13:10:21.158-04:00 DEBUG 27872 --- [spring-openai] [           main] o.h.cfg.annotations.PropertyBinder       : MetadataSourceProcessor property name with lazy=false
2025-05-15T13:10:21.158-04:00 DEBUG 27872 --- [spring-openai] [           main] o.hibernate.cfg.AbstractPropertyHolder   : Attempting to locate auto-apply AttributeConverter for property [com.jvidia.reactcloan.entity.Product:name]
2025-05-15T13:10:21.158-04:00 DEBUG 27872 --- [spring-openai] [           main] o.h.cfg.annotations.SimpleValueBinder    : building SimpleValue for name
2025-05-15T13:10:21.158-04:00 DEBUG 27872 --- [spring-openai] [           main] o.h.cfg.annotations.PropertyBinder       : Building property name
2025-05-15T13:10:21.158-04:00 DEBUG 27872 --- [spring-openai] [           main] org.hibernate.cfg.Ejb3Column             : Binding column: Ejb3Column{table=org.hibernate.mapping.Table(Product), mappingColumn=price, insertable=true, updatable=true, unique=false}
2025-05-15T13:10:21.159-04:00 DEBUG 27872 --- [spring-openai] [           main] o.h.cfg.annotations.PropertyBinder       : MetadataSourceProcessor property price with lazy=false
2025-05-15T13:10:21.159-04:00 DEBUG 27872 --- [spring-openai] [           main] o.hibernate.cfg.AbstractPropertyHolder   : Attempting to locate auto-apply AttributeConverter for property [com.jvidia.reactcloan.entity.Product:price]
2025-05-15T13:10:21.159-04:00 DEBUG 27872 --- [spring-openai] [           main] o.h.cfg.annotations.SimpleValueBinder    : building SimpleValue for price
2025-05-15T13:10:21.159-04:00 DEBUG 27872 --- [spring-openai] [           main] o.h.cfg.annotations.PropertyBinder       : Building property price
2025-05-15T13:10:21.159-04:00 DEBUG 27872 --- [spring-openai] [           main] org.hibernate.cfg.Ejb3Column             : Binding column: Ejb3Column{table=org.hibernate.mapping.Table(Product), mappingColumn=quantity, insertable=true, updatable=true, unique=false}
2025-05-15T13:10:21.159-04:00 DEBUG 27872 --- [spring-openai] [           main] o.h.cfg.annotations.PropertyBinder       : MetadataSourceProcessor property quantity with lazy=false
2025-05-15T13:10:21.159-04:00 DEBUG 27872 --- [spring-openai] [           main] o.hibernate.cfg.AbstractPropertyHolder   : Attempting to locate auto-apply AttributeConverter for property [com.jvidia.reactcloan.entity.Product:quantity]
2025-05-15T13:10:21.159-04:00 DEBUG 27872 --- [spring-openai] [           main] o.h.cfg.annotations.SimpleValueBinder    : building SimpleValue for quantity
2025-05-15T13:10:21.159-04:00 DEBUG 27872 --- [spring-openai] [           main] o.h.cfg.annotations.PropertyBinder       : Building property quantity
2025-05-15T13:10:21.160-04:00 DEBUG 27872 --- [spring-openai] [           main] org.hibernate.cfg.Ejb3Column             : Binding column: Ejb3Column{table=org.hibernate.mapping.Table(Product), mappingColumn=status, insertable=true, updatable=true, unique=false}
2025-05-15T13:10:21.160-04:00 DEBUG 27872 --- [spring-openai] [           main] o.h.cfg.annotations.PropertyBinder       : MetadataSourceProcessor property status with lazy=false
2025-05-15T13:10:21.160-04:00 DEBUG 27872 --- [spring-openai] [           main] o.hibernate.cfg.AbstractPropertyHolder   : Attempting to locate auto-apply AttributeConverter for property [com.jvidia.reactcloan.entity.Product:status]
2025-05-15T13:10:21.160-04:00 DEBUG 27872 --- [spring-openai] [           main] o.h.cfg.annotations.SimpleValueBinder    : building SimpleValue for status
2025-05-15T13:10:21.160-04:00 DEBUG 27872 --- [spring-openai] [           main] o.h.cfg.annotations.PropertyBinder       : Building property status
2025-05-15T13:10:21.160-04:00 DEBUG 27872 --- [spring-openai] [           main] org.hibernate.cfg.AnnotationBinder       : Binding entity from annotated class: com.jvidia.reactcloan.entity.Role
2025-05-15T13:10:21.160-04:00 DEBUG 27872 --- [spring-openai] [           main] org.hibernate.cfg.Ejb3Column             : Binding column: Ejb3DiscriminatorColumn{logicalColumnName'DTYPE', discriminatorTypeName='string'}
2025-05-15T13:10:21.160-04:00 DEBUG 27872 --- [spring-openai] [           main] o.h.cfg.annotations.EntityBinder         : Import with entity name Role
2025-05-15T13:10:21.160-04:00 DEBUG 27872 --- [spring-openai] [           main] o.h.cfg.annotations.EntityBinder         : Bind entity com.jvidia.reactcloan.entity.Role on table Role
2025-05-15T13:10:21.165-04:00 DEBUG 27872 --- [spring-openai] [           main] org.hibernate.cfg.Ejb3Column             : Binding column: Ejb3Column{table=org.hibernate.mapping.Table(Role), mappingColumn=id, insertable=true, updatable=true, unique=false}
2025-05-15T13:10:21.165-04:00 DEBUG 27872 --- [spring-openai] [           main] o.h.boot.internal.ClassLoaderAccessImpl  : Not known whether passed class name [com.jvidia.reactcloan.entity.Role] is safe
2025-05-15T13:10:21.165-04:00 DEBUG 27872 --- [spring-openai] [           main] o.h.boot.internal.ClassLoaderAccessImpl  : No temp ClassLoader provided; using live ClassLoader for loading potentially unsafe class : com.jvidia.reactcloan.entity.Role
2025-05-15T13:10:21.166-04:00 DEBUG 27872 --- [spring-openai] [           main] o.h.cfg.annotations.PropertyBinder       : MetadataSourceProcessor property id with lazy=false
2025-05-15T13:10:21.166-04:00 DEBUG 27872 --- [spring-openai] [           main] o.hibernate.cfg.AbstractPropertyHolder   : Attempting to locate auto-apply AttributeConverter for property [com.jvidia.reactcloan.entity.Role:id]
2025-05-15T13:10:21.166-04:00 DEBUG 27872 --- [spring-openai] [           main] o.h.cfg.annotations.SimpleValueBinder    : building SimpleValue for id
2025-05-15T13:10:21.166-04:00 DEBUG 27872 --- [spring-openai] [           main] o.h.cfg.annotations.PropertyBinder       : Building property id
2025-05-15T13:10:21.166-04:00 DEBUG 27872 --- [spring-openai] [           main] org.hibernate.cfg.BinderHelper           : #makeIdGenerator(org.hibernate.mapping.SimpleValue([org.hibernate.mapping.Column(id)]), id, identity, , ...)
2025-05-15T13:10:21.166-04:00 DEBUG 27872 --- [spring-openai] [           main] org.hibernate.cfg.Ejb3Column             : Binding column: Ejb3Column{table=org.hibernate.mapping.Table(Role), mappingColumn=name, insertable=true, updatable=true, unique=false}
2025-05-15T13:10:21.166-04:00 DEBUG 27872 --- [spring-openai] [           main] o.h.cfg.annotations.PropertyBinder       : MetadataSourceProcessor property name with lazy=false
2025-05-15T13:10:21.166-04:00 DEBUG 27872 --- [spring-openai] [           main] o.hibernate.cfg.AbstractPropertyHolder   : Attempting to locate auto-apply AttributeConverter for property [com.jvidia.reactcloan.entity.Role:name]
2025-05-15T13:10:21.166-04:00 DEBUG 27872 --- [spring-openai] [           main] o.h.cfg.annotations.SimpleValueBinder    : building SimpleValue for name
2025-05-15T13:10:21.166-04:00 DEBUG 27872 --- [spring-openai] [           main] o.h.cfg.annotations.PropertyBinder       : Building property name
2025-05-15T13:10:21.167-04:00 DEBUG 27872 --- [spring-openai] [           main] org.hibernate.cfg.Ejb3Column             : Binding column: Ejb3JoinColumn{logicalColumnName='user_id', referencedColumn='', mappedBy=''}
2025-05-15T13:10:21.168-04:00 DEBUG 27872 --- [spring-openai] [           main] org.hibernate.cfg.Ejb3Column             : Binding column: Ejb3Column{table=org.hibernate.mapping.Table(Role), mappingColumn=user, insertable=true, updatable=true, unique=false}
2025-05-15T13:10:21.171-04:00 DEBUG 27872 --- [spring-openai] [           main] o.h.cfg.annotations.PropertyBinder       : Building property user
2025-05-15T13:10:21.171-04:00 DEBUG 27872 --- [spring-openai] [           main] org.hibernate.cfg.AnnotationBinder       : Binding entity from annotated class: com.jvidia.reactcloan.entity.User
2025-05-15T13:10:21.171-04:00 DEBUG 27872 --- [spring-openai] [           main] org.hibernate.cfg.Ejb3Column             : Binding column: Ejb3DiscriminatorColumn{logicalColumnName'DTYPE', discriminatorTypeName='string'}
2025-05-15T13:10:21.171-04:00 DEBUG 27872 --- [spring-openai] [           main] o.h.cfg.annotations.EntityBinder         : Import with entity name User
2025-05-15T13:10:21.172-04:00 DEBUG 27872 --- [spring-openai] [           main] o.h.cfg.annotations.EntityBinder         : Bind entity com.jvidia.reactcloan.entity.User on table USERS
2025-05-15T13:10:21.175-04:00 DEBUG 27872 --- [spring-openai] [           main] org.hibernate.cfg.Ejb3Column             : Binding column: Ejb3Column{table=org.hibernate.mapping.Table(USERS), mappingColumn=id, insertable=true, updatable=true, unique=false}
2025-05-15T13:10:21.175-04:00 DEBUG 27872 --- [spring-openai] [           main] o.h.boot.internal.ClassLoaderAccessImpl  : Not known whether passed class name [com.jvidia.reactcloan.entity.User] is safe
2025-05-15T13:10:21.175-04:00 DEBUG 27872 --- [spring-openai] [           main] o.h.boot.internal.ClassLoaderAccessImpl  : No temp ClassLoader provided; using live ClassLoader for loading potentially unsafe class : com.jvidia.reactcloan.entity.User
2025-05-15T13:10:21.175-04:00 DEBUG 27872 --- [spring-openai] [           main] o.h.cfg.annotations.PropertyBinder       : MetadataSourceProcessor property id with lazy=false
2025-05-15T13:10:21.175-04:00 DEBUG 27872 --- [spring-openai] [           main] o.hibernate.cfg.AbstractPropertyHolder   : Attempting to locate auto-apply AttributeConverter for property [com.jvidia.reactcloan.entity.User:id]
2025-05-15T13:10:21.176-04:00 DEBUG 27872 --- [spring-openai] [           main] o.h.cfg.annotations.SimpleValueBinder    : building SimpleValue for id
2025-05-15T13:10:21.176-04:00 DEBUG 27872 --- [spring-openai] [           main] o.h.cfg.annotations.PropertyBinder       : Building property id
2025-05-15T13:10:21.176-04:00 DEBUG 27872 --- [spring-openai] [           main] org.hibernate.cfg.BinderHelper           : #makeIdGenerator(org.hibernate.mapping.SimpleValue([org.hibernate.mapping.Column(id)]), id, identity, , ...)
2025-05-15T13:10:21.176-04:00 DEBUG 27872 --- [spring-openai] [           main] org.hibernate.cfg.Ejb3Column             : Binding column: Ejb3Column{table=org.hibernate.mapping.Table(USERS), mappingColumn=firstName, insertable=true, updatable=true, unique=false}
2025-05-15T13:10:21.176-04:00 DEBUG 27872 --- [spring-openai] [           main] o.h.cfg.annotations.PropertyBinder       : MetadataSourceProcessor property firstName with lazy=false
2025-05-15T13:10:21.176-04:00 DEBUG 27872 --- [spring-openai] [           main] o.hibernate.cfg.AbstractPropertyHolder   : Attempting to locate auto-apply AttributeConverter for property [com.jvidia.reactcloan.entity.User:firstName]
2025-05-15T13:10:21.176-04:00 DEBUG 27872 --- [spring-openai] [           main] o.h.cfg.annotations.SimpleValueBinder    : building SimpleValue for firstName
2025-05-15T13:10:21.176-04:00 DEBUG 27872 --- [spring-openai] [           main] o.h.cfg.annotations.PropertyBinder       : Building property firstName
2025-05-15T13:10:21.176-04:00 DEBUG 27872 --- [spring-openai] [           main] org.hibernate.cfg.Ejb3Column             : Binding column: Ejb3Column{table=org.hibernate.mapping.Table(USERS), mappingColumn=lastName, insertable=true, updatable=true, unique=false}
2025-05-15T13:10:21.176-04:00 DEBUG 27872 --- [spring-openai] [           main] o.h.cfg.annotations.PropertyBinder       : MetadataSourceProcessor property lastName with lazy=false
2025-05-15T13:10:21.176-04:00 DEBUG 27872 --- [spring-openai] [           main] o.hibernate.cfg.AbstractPropertyHolder   : Attempting to locate auto-apply AttributeConverter for property [com.jvidia.reactcloan.entity.User:lastName]
2025-05-15T13:10:21.176-04:00 DEBUG 27872 --- [spring-openai] [           main] o.h.cfg.annotations.SimpleValueBinder    : building SimpleValue for lastName
2025-05-15T13:10:21.176-04:00 DEBUG 27872 --- [spring-openai] [           main] o.h.cfg.annotations.PropertyBinder       : Building property lastName
2025-05-15T13:10:21.177-04:00 DEBUG 27872 --- [spring-openai] [           main] org.hibernate.cfg.Ejb3Column             : Binding column: Ejb3Column{table=org.hibernate.mapping.Table(USERS), mappingColumn=name, insertable=true, updatable=true, unique=false}
2025-05-15T13:10:21.177-04:00 DEBUG 27872 --- [spring-openai] [           main] o.h.cfg.annotations.PropertyBinder       : MetadataSourceProcessor property name with lazy=false
2025-05-15T13:10:21.177-04:00 DEBUG 27872 --- [spring-openai] [           main] o.hibernate.cfg.AbstractPropertyHolder   : Attempting to locate auto-apply AttributeConverter for property [com.jvidia.reactcloan.entity.User:name]
2025-05-15T13:10:21.177-04:00 DEBUG 27872 --- [spring-openai] [           main] o.h.cfg.annotations.SimpleValueBinder    : building SimpleValue for name
2025-05-15T13:10:21.177-04:00 DEBUG 27872 --- [spring-openai] [           main] o.h.cfg.annotations.PropertyBinder       : Building property name
2025-05-15T13:10:21.177-04:00 DEBUG 27872 --- [spring-openai] [           main] org.hibernate.cfg.Ejb3Column             : Binding column: Ejb3Column{table=org.hibernate.mapping.Table(USERS), mappingColumn=password, insertable=true, updatable=true, unique=false}
2025-05-15T13:10:21.177-04:00 DEBUG 27872 --- [spring-openai] [           main] o.h.cfg.annotations.PropertyBinder       : MetadataSourceProcessor property password with lazy=false
2025-05-15T13:10:21.177-04:00 DEBUG 27872 --- [spring-openai] [           main] o.hibernate.cfg.AbstractPropertyHolder   : Attempting to locate auto-apply AttributeConverter for property [com.jvidia.reactcloan.entity.User:password]
2025-05-15T13:10:21.177-04:00 DEBUG 27872 --- [spring-openai] [           main] o.h.cfg.annotations.SimpleValueBinder    : building SimpleValue for password
2025-05-15T13:10:21.177-04:00 DEBUG 27872 --- [spring-openai] [           main] o.h.cfg.annotations.PropertyBinder       : Building property password
2025-05-15T13:10:21.177-04:00 DEBUG 27872 --- [spring-openai] [           main] org.hibernate.cfg.Ejb3Column             : Binding column: Ejb3JoinColumn{logicalColumnName='null', referencedColumn='null', mappedBy='user'}
2025-05-15T13:10:21.177-04:00 DEBUG 27872 --- [spring-openai] [           main] org.hibernate.cfg.Ejb3Column             : Binding column: Ejb3Column{table=org.hibernate.mapping.Table(USERS), mappingColumn=roles, insertable=true, updatable=true, unique=false}
2025-05-15T13:10:21.181-04:00 DEBUG 27872 --- [spring-openai] [           main] org.hibernate.cfg.Ejb3Column             : Binding column: Ejb3Column{table=org.hibernate.mapping.Table(USERS), mappingColumn=null, insertable=true, updatable=true, unique=false}
2025-05-15T13:10:21.189-04:00 DEBUG 27872 --- [spring-openai] [           main] org.hibernate.cfg.Ejb3Column             : Binding column: Ejb3Column{table=org.hibernate.mapping.Table(USERS), mappingColumn=element, insertable=true, updatable=true, unique=false}
2025-05-15T13:10:21.190-04:00 DEBUG 27872 --- [spring-openai] [           main] org.hibernate.cfg.Ejb3Column             : Binding column: Ejb3Column{table=org.hibernate.mapping.Table(USERS), mappingColumn=roles_KEY, insertable=true, updatable=true, unique=false}
2025-05-15T13:10:21.190-04:00 DEBUG 27872 --- [spring-openai] [           main] org.hibernate.cfg.Ejb3Column             : Binding column: Ejb3JoinColumn{logicalColumnName='roles_KEY', referencedColumn='null', mappedBy='null'}
2025-05-15T13:10:21.191-04:00 DEBUG 27872 --- [spring-openai] [           main] org.hibernate.cfg.Ejb3Column             : Binding column: Ejb3JoinColumn{logicalColumnName='null', referencedColumn='null', mappedBy='user'}
2025-05-15T13:10:21.191-04:00 DEBUG 27872 --- [spring-openai] [           main] org.hibernate.cfg.Ejb3Column             : Binding column: Ejb3JoinColumn{logicalColumnName='null', referencedColumn='null', mappedBy='user'}
2025-05-15T13:10:21.191-04:00 DEBUG 27872 --- [spring-openai] [           main] o.h.cfg.annotations.CollectionBinder     : Collection role: com.jvidia.reactcloan.entity.User.roles
2025-05-15T13:10:21.192-04:00 DEBUG 27872 --- [spring-openai] [           main] o.h.cfg.annotations.PropertyBinder       : Building property roles
2025-05-15T13:10:21.193-04:00 DEBUG 27872 --- [spring-openai] [           main] org.hibernate.cfg.Ejb3Column             : Binding column: Ejb3JoinColumn{logicalColumnName='null', referencedColumn='null', mappedBy='user'}
2025-05-15T13:10:21.193-04:00 DEBUG 27872 --- [spring-openai] [           main] org.hibernate.cfg.Ejb3Column             : Binding column: Ejb3Column{table=org.hibernate.mapping.Table(USERS), mappingColumn=userAccounts, insertable=true, updatable=true, unique=false}
2025-05-15T13:10:21.193-04:00 DEBUG 27872 --- [spring-openai] [           main] org.hibernate.cfg.Ejb3Column             : Binding column: Ejb3Column{table=org.hibernate.mapping.Table(USERS), mappingColumn=null, insertable=true, updatable=true, unique=false}
2025-05-15T13:10:21.193-04:00 DEBUG 27872 --- [spring-openai] [           main] org.hibernate.cfg.Ejb3Column             : Binding column: Ejb3Column{table=org.hibernate.mapping.Table(USERS), mappingColumn=element, insertable=true, updatable=true, unique=false}
2025-05-15T13:10:21.193-04:00 DEBUG 27872 --- [spring-openai] [           main] org.hibernate.cfg.Ejb3Column             : Binding column: Ejb3Column{table=org.hibernate.mapping.Table(USERS), mappingColumn=userAccounts_KEY, insertable=true, updatable=true, unique=false}
2025-05-15T13:10:21.193-04:00 DEBUG 27872 --- [spring-openai] [           main] org.hibernate.cfg.Ejb3Column             : Binding column: Ejb3JoinColumn{logicalColumnName='userAccounts_KEY', referencedColumn='null', mappedBy='null'}
[...]
2025-05-15T13:10:23.343-04:00 DEBUG 27872 --- [spring-openai] [           main] o.h.engine.internal.TwoPhaseLoad         : Done materializing entity [com.jvidia.reactcloan.entity.Client#6]
2025-05-15T13:10:23.343-04:00 DEBUG 27872 --- [spring-openai] [           main] o.h.engine.internal.TwoPhaseLoad         : Resolving attributes for [com.jvidia.reactcloan.entity.Client#7]
2025-05-15T13:10:23.343-04:00 DEBUG 27872 --- [spring-openai] [           main] o.h.engine.internal.TwoPhaseLoad         : Processing attribute `email` : value = alex@ciminc.com
2025-05-15T13:10:23.343-04:00 DEBUG 27872 --- [spring-openai] [           main] o.h.engine.internal.TwoPhaseLoad         : Attribute (`email`)  - enhanced for lazy-loading? - false
2025-05-15T13:10:23.343-04:00 DEBUG 27872 --- [spring-openai] [           main] o.h.engine.internal.TwoPhaseLoad         : Processing attribute `name` : value = ABC Finance
2025-05-15T13:10:23.343-04:00 DEBUG 27872 --- [spring-openai] [           main] o.h.engine.internal.TwoPhaseLoad         : Attribute (`name`)  - enhanced for lazy-loading? - false
2025-05-15T13:10:23.343-04:00 DEBUG 27872 --- [spring-openai] [           main] o.h.engine.internal.TwoPhaseLoad         : Done materializing entity [com.jvidia.reactcloan.entity.Client#7]
2025-05-15T13:10:23.343-04:00 DEBUG 27872 --- [spring-openai] [           main] o.h.engine.internal.TwoPhaseLoad         : Resolving attributes for [com.jvidia.reactcloan.entity.Client#8]
2025-05-15T13:10:23.343-04:00 DEBUG 27872 --- [spring-openai] [           main] o.h.engine.internal.TwoPhaseLoad         : Processing attribute `email` : value = lizChen@mail.com
2025-05-15T13:10:23.343-04:00 DEBUG 27872 --- [spring-openai] [           main] o.h.engine.internal.TwoPhaseLoad         : Attribute (`email`)  - enhanced for lazy-loading? - false
2025-05-15T13:10:23.343-04:00 DEBUG 27872 --- [spring-openai] [           main] o.h.engine.internal.TwoPhaseLoad         : Processing attribute `name` : value = CBS Finance
2025-05-15T13:10:23.343-04:00 DEBUG 27872 --- [spring-openai] [           main] o.h.engine.internal.TwoPhaseLoad         : Attribute (`name`)  - enhanced for lazy-loading? - false
2025-05-15T13:10:23.343-04:00 DEBUG 27872 --- [spring-openai] [           main] o.h.engine.internal.TwoPhaseLoad         : Done materializing entity [com.jvidia.reactcloan.entity.Client#8]
2025-05-15T13:10:23.343-04:00 DEBUG 27872 --- [spring-openai] [           main] o.h.engine.internal.TwoPhaseLoad         : Resolving attributes for [com.jvidia.reactcloan.entity.Client#9]
2025-05-15T13:10:23.344-04:00 DEBUG 27872 --- [spring-openai] [           main] o.h.engine.internal.TwoPhaseLoad         : Processing attribute `email` : value = Carol@ciminc.com
2025-05-15T13:10:23.344-04:00 DEBUG 27872 --- [spring-openai] [           main] o.h.engine.internal.TwoPhaseLoad         : Attribute (`email`)  - enhanced for lazy-loading? - false
2025-05-15T13:10:23.344-04:00 DEBUG 27872 --- [spring-openai] [           main] o.h.engine.internal.TwoPhaseLoad         : Processing attribute `name` : value = ESPAN
2025-05-15T13:10:23.344-04:00 DEBUG 27872 --- [spring-openai] [           main] o.h.engine.internal.TwoPhaseLoad         : Attribute (`name`)  - enhanced for lazy-loading? - false
2025-05-15T13:10:23.344-04:00 DEBUG 27872 --- [spring-openai] [           main] o.h.engine.internal.TwoPhaseLoad         : Done materializing entity [com.jvidia.reactcloan.entity.Client#9]
2025-05-15T13:10:23.344-04:00 DEBUG 27872 --- [spring-openai] [           main] o.h.engine.internal.TwoPhaseLoad         : Resolving attributes for [com.jvidia.reactcloan.entity.Client#10]
2025-05-15T13:10:23.344-04:00 DEBUG 27872 --- [spring-openai] [           main] o.h.engine.internal.TwoPhaseLoad         : Processing attribute `email` : value = Ben@ciminc.com
2025-05-15T13:10:23.344-04:00 DEBUG 27872 --- [spring-openai] [           main] o.h.engine.internal.TwoPhaseLoad         : Attribute (`email`)  - enhanced for lazy-loading? - false
2025-05-15T13:10:23.344-04:00 DEBUG 27872 --- [spring-openai] [           main] o.h.engine.internal.TwoPhaseLoad         : Processing attribute `name` : value = NBC Finance
2025-05-15T13:10:23.344-04:00 DEBUG 27872 --- [spring-openai] [           main] o.h.engine.internal.TwoPhaseLoad         : Attribute (`name`)  - enhanced for lazy-loading? - false
2025-05-15T13:10:23.344-04:00 DEBUG 27872 --- [spring-openai] [           main] o.h.engine.internal.TwoPhaseLoad         : Done materializing entity [com.jvidia.reactcloan.entity.Client#10]
2025-05-15T13:10:23.345-04:00 DEBUG 27872 --- [spring-openai] [           main] o.s.orm.jpa.JpaTransactionManager        : Initiating transaction commit
2025-05-15T13:10:23.345-04:00 DEBUG 27872 --- [spring-openai] [           main] o.s.orm.jpa.JpaTransactionManager        : Committing JPA transaction on EntityManager [SessionImpl(1650061710<open>)]
2025-05-15T13:10:23.345-04:00 DEBUG 27872 --- [spring-openai] [           main] o.h.e.t.internal.TransactionImpl         : committing
2025-05-15T13:10:23.346-04:00 DEBUG 27872 --- [spring-openai] [           main] o.s.orm.jpa.JpaTransactionManager        : Closing JPA EntityManager [SessionImpl(1650061710<open>)] after transaction
Client(id=1, name=MS NBC, email=Allen@ciminc.com)Client(id=2, name=ABC Media, email=aaa@ciminc.com)Client(id=3, name=NBC Media, email=Ben@ciminc.com)Client(id=4, name=CNBC, email=dbush@email.com)Client(id=5, name=SISLLC, email=asmith@email.com)Client(id=6, name=NBC Media, email=dbush@email.com)Client(id=7, name=ABC Finance, email=alex@ciminc.com)Client(id=8, name=CBS Finance, email=lizChen@mail.com)Client(id=9, name=ESPAN, email=Carol@ciminc.com)Client(id=10, name=NBC Finance, email=Ben@ciminc.com)2025-05-15T13:10:23.770-04:00  WARN 27872 --- [spring-openai] [           main] JpaBaseConfiguration$JpaWebConfiguration : spring.jpa.open-in-view is enabled by default. Therefore, database queries may be performed during view rendering. Explicitly configure spring.jpa.open-in-view to disable this warning
2025-05-15T13:10:23.803-04:00  WARN 27872 --- [spring-openai] [           main] r$InitializeUserDetailsManagerConfigurer : Found 2 UserDetailsService beans, with names [userDetailsService, users]. Global Authentication Manager will not use a UserDetailsService for username/password login. Consider publishing a single UserDetailsService bean.
2025-05-15T13:10:25.144-04:00  INFO 27872 --- [spring-openai] [           main] org.mongodb.driver.client                : MongoClient with metadata {"driver": {"name": "mongo-java-driver|reactive-streams|spring-boot", "version": "5.2.1"}, "os": {"type": "Windows", "name": "Windows 10", "architecture": "amd64", "version": "10.0"}, "platform": "Java/Oracle Corporation/21.0.5+9-LTS-239"} created with settings MongoClientSettings{readPreference=primary, writeConcern=WriteConcern{w=null, wTimeout=null ms, journal=null}, retryWrites=true, retryReads=true, readConcern=ReadConcern{level=null}, credential=null, transportSettings=NettyTransportSettings{eventLoopGroup=io.netty.channel.nio.NioEventLoopGroup@3676e04a, socketChannelClass=null, allocator=null, sslContext=null}, commandListeners=[io.micrometer.core.instrument.binder.mongodb.MongoMetricsCommandListener@79e2bc7d], codecRegistry=ProvidersCodecRegistry{codecProviders=[ValueCodecProvider{}, BsonValueCodecProvider{}, DBRefCodecProvider{}, DBObjectCodecProvider{}, DocumentCodecProvider{}, CollectionCodecProvider{}, IterableCodecProvider{}, MapCodecProvider{}, GeoJsonCodecProvider{}, GridFSFileCodecProvider{}, Jsr310CodecProvider{}, JsonObjectCodecProvider{}, BsonCodecProvider{}, EnumCodecProvider{}, com.mongodb.client.model.mql.ExpressionCodecProvider@327dcf8c, com.mongodb.Jep395RecordCodecProvider@69c7b870, com.mongodb.KotlinCodecProvider@62ccf42c]}, loggerSettings=LoggerSettings{maxDocumentLength=1000}, clusterSettings={hosts=[localhost:27017], srvServiceName=mongodb, mode=SINGLE, requiredClusterType=UNKNOWN, requiredReplicaSetName='null', serverSelector='null', clusterListeners='[]', serverSelectionTimeout='30000 ms', localThreshold='15 ms'}, socketSettings=SocketSettings{connectTimeoutMS=10000, readTimeoutMS=0, receiveBufferSize=0, proxySettings=ProxySettings{host=null, port=null, username=null, password=null}}, heartbeatSocketSettings=SocketSettings{connectTimeoutMS=10000, readTimeoutMS=10000, receiveBufferSize=0, proxySettings=ProxySettings{host=null, port=null, username=null, password=null}}, connectionPoolSettings=ConnectionPoolSettings{maxSize=100, minSize=0, maxWaitTimeMS=120000, maxConnectionLifeTimeMS=0, maxConnectionIdleTimeMS=0, maintenanceInitialDelayMS=0, maintenanceFrequencyMS=60000, connectionPoolListeners=[io.micrometer.core.instrument.binder.mongodb.MongoMetricsConnectionPoolListener@387907d], maxConnecting=2}, serverSettings=ServerSettings{heartbeatFrequencyMS=10000, minHeartbeatFrequencyMS=500, serverMonitoringMode=AUTO, serverListeners='[]', serverMonitorListeners='[]'}, sslSettings=SslSettings{enabled=false, invalidHostNameAllowed=false, context=null}, applicationName='null', compressorList=[], uuidRepresentation=JAVA_LEGACY, serverApi=null, autoEncryptionSettings=null, dnsClient=null, inetAddressResolver=null, contextProvider=null, timeoutMS=null}
2025-05-15T13:10:25.210-04:00  INFO 27872 --- [spring-openai] [localhost:27017] org.mongodb.driver.cluster               : Exception in monitor thread while connecting to server localhost:27017

com.mongodb.MongoSocketOpenException: Exception opening socket
	at com.mongodb.internal.connection.netty.NettyStream$OpenChannelFutureListener.lambda$operationComplete$1(NettyStream.java:534) ~[mongodb-driver-core-5.2.1.jar:na]
	at com.mongodb.internal.Locks.lambda$withLock$0(Locks.java:35) ~[mongodb-driver-core-5.2.1.jar:na]
	at com.mongodb.internal.Locks.checkedWithLock(Locks.java:62) ~[mongodb-driver-core-5.2.1.jar:na]
	at com.mongodb.internal.Locks.withLock(Locks.java:56) ~[mongodb-driver-core-5.2.1.jar:na]
	at com.mongodb.internal.Locks.withLock(Locks.java:34) ~[mongodb-driver-core-5.2.1.jar:na]
	at com.mongodb.internal.connection.netty.NettyStream$OpenChannelFutureListener.operationComplete(NettyStream.java:521) ~[mongodb-driver-core-5.2.1.jar:na]
	at com.mongodb.internal.connection.netty.NettyStream$OpenChannelFutureListener.operationComplete(NettyStream.java:504) ~[mongodb-driver-core-5.2.1.jar:na]
	at io.netty.util.concurrent.DefaultPromise.notifyListener0(DefaultPromise.java:590) ~[netty-common-4.1.119.Final.jar:4.1.119.Final]
	at io.netty.util.concurrent.DefaultPromise.notifyListeners0(DefaultPromise.java:583) ~[netty-common-4.1.119.Final.jar:4.1.119.Final]
	at io.netty.util.concurrent.DefaultPromise.notifyListenersNow(DefaultPromise.java:559) ~[netty-common-4.1.119.Final.jar:4.1.119.Final]
	at io.netty.util.concurrent.DefaultPromise.notifyListeners(DefaultPromise.java:492) ~[netty-common-4.1.119.Final.jar:4.1.119.Final]
	at io.netty.util.concurrent.DefaultPromise.setValue0(DefaultPromise.java:636) ~[netty-common-4.1.119.Final.jar:4.1.119.Final]
	at io.netty.util.concurrent.DefaultPromise.setFailure0(DefaultPromise.java:629) ~[netty-common-4.1.119.Final.jar:4.1.119.Final]
	at io.netty.util.concurrent.DefaultPromise.tryFailure(DefaultPromise.java:118) ~[netty-common-4.1.119.Final.jar:4.1.119.Final]
	at io.netty.channel.nio.AbstractNioChannel$AbstractNioUnsafe.fulfillConnectPromise(AbstractNioChannel.java:326) ~[netty-transport-4.1.119.Final.jar:4.1.119.Final]
	at io.netty.channel.nio.AbstractNioChannel$AbstractNioUnsafe.finishConnect(AbstractNioChannel.java:342) ~[netty-transport-4.1.119.Final.jar:4.1.119.Final]
	at io.netty.channel.nio.NioEventLoop.processSelectedKey(NioEventLoop.java:784) ~[netty-transport-4.1.119.Final.jar:4.1.119.Final]
	at io.netty.channel.nio.NioEventLoop.processSelectedKeysOptimized(NioEventLoop.java:732) ~[netty-transport-4.1.119.Final.jar:4.1.119.Final]
	at io.netty.channel.nio.NioEventLoop.processSelectedKeys(NioEventLoop.java:658) ~[netty-transport-4.1.119.Final.jar:4.1.119.Final]
	at io.netty.channel.nio.NioEventLoop.run(NioEventLoop.java:562) ~[netty-transport-4.1.119.Final.jar:4.1.119.Final]
	at io.netty.util.concurrent.SingleThreadEventExecutor$4.run(SingleThreadEventExecutor.java:998) ~[netty-common-4.1.119.Final.jar:4.1.119.Final]
	at io.netty.util.internal.ThreadExecutorMap$2.run(ThreadExecutorMap.java:74) ~[netty-common-4.1.119.Final.jar:4.1.119.Final]
	at io.netty.util.concurrent.FastThreadLocalRunnable.run(FastThreadLocalRunnable.java:30) ~[netty-common-4.1.119.Final.jar:4.1.119.Final]
	at java.base/java.lang.Thread.run(Thread.java:1583) ~[na:na]
Caused by: io.netty.channel.AbstractChannel$AnnotatedConnectException: Connection refused: getsockopt: localhost/[0:0:0:0:0:0:0:1]:27017
Caused by: java.net.ConnectException: Connection refused: getsockopt
	at java.base/sun.nio.ch.Net.pollConnect(Native Method) ~[na:na]
	at java.base/sun.nio.ch.Net.pollConnectNow(Net.java:682) ~[na:na]
	at java.base/sun.nio.ch.SocketChannelImpl.finishConnect(SocketChannelImpl.java:973) ~[na:na]
	at io.netty.channel.socket.nio.NioSocketChannel.doFinishConnect(NioSocketChannel.java:336) ~[netty-transport-4.1.119.Final.jar:4.1.119.Final]
	at io.netty.channel.nio.AbstractNioChannel$AbstractNioUnsafe.finishConnect(AbstractNioChannel.java:339) ~[netty-transport-4.1.119.Final.jar:4.1.119.Final]
	at io.netty.channel.nio.NioEventLoop.processSelectedKey(NioEventLoop.java:784) ~[netty-transport-4.1.119.Final.jar:4.1.119.Final]
	at io.netty.channel.nio.NioEventLoop.processSelectedKeysOptimized(NioEventLoop.java:732) ~[netty-transport-4.1.119.Final.jar:4.1.119.Final]
	at io.netty.channel.nio.NioEventLoop.processSelectedKeys(NioEventLoop.java:658) ~[netty-transport-4.1.119.Final.jar:4.1.119.Final]
	at io.netty.channel.nio.NioEventLoop.run(NioEventLoop.java:562) ~[netty-transport-4.1.119.Final.jar:4.1.119.Final]
	at io.netty.util.concurrent.SingleThreadEventExecutor$4.run(SingleThreadEventExecutor.java:998) ~[netty-common-4.1.119.Final.jar:4.1.119.Final]
	at io.netty.util.internal.ThreadExecutorMap$2.run(ThreadExecutorMap.java:74) ~[netty-common-4.1.119.Final.jar:4.1.119.Final]
	at io.netty.util.concurrent.FastThreadLocalRunnable.run(FastThreadLocalRunnable.java:30) ~[netty-common-4.1.119.Final.jar:4.1.119.Final]
	at java.base/java.lang.Thread.run(Thread.java:1583) ~[na:na]

2025-05-15T13:10:25.407-04:00  INFO 27872 --- [spring-openai] [           main] o.s.b.a.e.web.EndpointLinksResolver      : Exposing 2 endpoints beneath base path '/actuator'
2025-05-15T13:10:25.564-04:00  WARN 27872 --- [spring-openai] [           main] o.s.s.c.a.web.builders.WebSecurity       : You are asking Spring Security to ignore Deferred [Mvc [pattern='/resources/**'], Ant [pattern='/resources/**']]. This is not recommended -- please use permitAll via HttpSecurity#authorizeHttpRequests instead.
2025-05-15T13:10:25.741-04:00 DEBUG 27872 --- [spring-openai] [           main] .h.v.m.ResourceBundleMessageInterpolator : Loaded expression factory via original TCCL
2025-05-15T13:10:25.744-04:00 DEBUG 27872 --- [spring-openai] [           main] o.h.v.i.e.AbstractConfigurationImpl      : Setting custom MessageInterpolator of type org.springframework.validation.beanvalidation.LocaleContextMessageInterpolator
2025-05-15T13:10:25.745-04:00 DEBUG 27872 --- [spring-openai] [           main] o.h.v.i.e.AbstractConfigurationImpl      : Setting custom ConstraintValidatorFactory of type org.springframework.validation.beanvalidation.SpringConstraintValidatorFactory
2025-05-15T13:10:25.746-04:00 DEBUG 27872 --- [spring-openai] [           main] o.h.v.i.xml.config.ValidationXmlParser   : Trying to load META-INF/validation.xml for XML based Validator configuration.
2025-05-15T13:10:25.746-04:00 DEBUG 27872 --- [spring-openai] [           main] o.h.v.i.xml.config.ResourceLoaderHelper  : Trying to load META-INF/validation.xml via user class loader
2025-05-15T13:10:25.747-04:00 DEBUG 27872 --- [spring-openai] [           main] o.h.v.i.xml.config.ResourceLoaderHelper  : Trying to load META-INF/validation.xml via TCCL
2025-05-15T13:10:25.747-04:00 DEBUG 27872 --- [spring-openai] [           main] o.h.v.i.xml.config.ResourceLoaderHelper  : Trying to load META-INF/validation.xml via Hibernate Validator's class loader
2025-05-15T13:10:25.747-04:00 DEBUG 27872 --- [spring-openai] [           main] o.h.v.i.xml.config.ValidationXmlParser   : No META-INF/validation.xml found. Using annotation based configuration only.
2025-05-15T13:10:25.747-04:00 DEBUG 27872 --- [spring-openai] [           main] o.h.v.i.e.resolver.TraversableResolvers  : Found jakarta.persistence.Persistence on classpath containing 'getPersistenceUtil'. Assuming JPA 2 environment. Trying to instantiate JPA aware TraversableResolver
2025-05-15T13:10:25.747-04:00 DEBUG 27872 --- [spring-openai] [           main] o.h.v.i.e.resolver.TraversableResolvers  : Instantiated JPA aware TraversableResolver of type org.hibernate.validator.internal.engine.resolver.JPATraversableResolver.
2025-05-15T13:10:25.749-04:00 DEBUG 27872 --- [spring-openai] [           main] .i.e.ValidatorFactoryConfigurationHelper : HV000252: Using org.hibernate.validator.internal.engine.DefaultPropertyNodeNameProvider as property node name provider.
2025-05-15T13:10:25.750-04:00 DEBUG 27872 --- [spring-openai] [           main] .i.e.ValidatorFactoryConfigurationHelper : HV000234: Using org.springframework.validation.beanvalidation.LocaleContextMessageInterpolator as ValidatorFactory-scoped message interpolator.
2025-05-15T13:10:25.750-04:00 DEBUG 27872 --- [spring-openai] [           main] .i.e.ValidatorFactoryConfigurationHelper : HV000234: Using org.hibernate.validator.internal.engine.resolver.JPATraversableResolver as ValidatorFactory-scoped traversable resolver.
2025-05-15T13:10:25.750-04:00 DEBUG 27872 --- [spring-openai] [           main] .i.e.ValidatorFactoryConfigurationHelper : HV000234: Using org.hibernate.validator.internal.util.ExecutableParameterNameProvider as ValidatorFactory-scoped parameter name provider.
2025-05-15T13:10:25.750-04:00 DEBUG 27872 --- [spring-openai] [           main] .i.e.ValidatorFactoryConfigurationHelper : HV000234: Using org.hibernate.validator.internal.engine.DefaultClockProvider as ValidatorFactory-scoped clock provider.
2025-05-15T13:10:25.750-04:00 DEBUG 27872 --- [spring-openai] [           main] .i.e.ValidatorFactoryConfigurationHelper : HV000234: Using org.hibernate.validator.internal.engine.scripting.DefaultScriptEvaluatorFactory as ValidatorFactory-scoped script evaluator factory.
2025-05-15T13:10:26.384-04:00  INFO 27872 --- [spring-openai] [           main] o.s.b.a.h2.H2ConsoleAutoConfiguration    : H2 console available at '/h2-console'. Database available at 'jdbc:h2:mem:testdb'
2025-05-15T13:10:26.484-04:00  INFO 27872 --- [spring-openai] [           main] c.j.reactcloan.JvidiaReactCarloanTests   : Started JvidiaReactCarloanTests in 9.082 seconds (process running for 10.363)
2025-05-15T13:10:26.489-04:00  INFO 27872 --- [spring-openai] [           main] o.s.b.a.b.JobLauncherApplicationRunner   : Running default command line with: []
]]></system-out>
    <system-err><![CDATA[Mockito is currently self-attaching to enable the inline-mock-maker. This will no longer work in future releases of the JDK. Please add Mockito as an agent to your build what is described in Mockito's documentation: https://javadoc.io/doc/org.mockito/mockito-core/latest/org/mockito/Mockito.html#0.3
WARNING: A Java agent has been loaded dynamically (C:\Users\javaugi\.m2\repository\net\bytebuddy\byte-buddy-agent\1.15.11\byte-buddy-agent-1.15.11.jar)
WARNING: If a serviceability tool is in use, please run with -XX:+EnableDynamicAgentLoading to hide this warning
WARNING: If a serviceability tool is not in use, please run with -Djdk.instrument.traceUsage for more information
WARNING: Dynamic loading of agents will be disallowed by default in a future release
]]></system-err>
  </testcase>
</testsuite>